This file contains any messages produced by compilers while
running configure, to aid debugging if configure makes a mistake.

It was created by libedit configure 3.1, which was
generated by GNU Autoconf 2.69.  Invocation command line was

  $ /f/REDUCE-SVN/trunk/libraries/libedit-20140620-3.1/configure -C --config-cache CC= CXX= CPPFLAGS= CFLAGS= CXXFLAGS= LDFLAGS= LIBS= CC=i686-w64-mingw32-gcc CXX=i686-w64-mingw32-g++ CPPFLAGS= CFLAGS=  CXXFLAGS=  LDFLAGS= --enable-widec=yes --prefix=/f/REDUCE-SVN/trunk/cslbuild/i686-pc-windows --libdir=/f/REDUCE-SVN/trunk/cslbuild/i686-pc-windows/lib --includedir=/f/REDUCE-SVN/trunk/cslbuild/i686-pc-windows/include

## --------- ##
## Platform. ##
## --------- ##

hostname = NUC
uname -m = x86_64
uname -r = 2.11.2(0.329/5/3)
uname -s = MINGW64_NT-6.1
uname -v = 2018-11-10 14:38

/usr/bin/uname -p = unknown
/bin/uname -X     = unknown

/bin/arch              = x86_64
/usr/bin/arch -k       = unknown
/usr/convex/getsysinfo = unknown
/usr/bin/hostinfo      = unknown
/bin/machine           = unknown
/usr/bin/oslevel       = unknown
/bin/universe          = unknown

PATH: /c/Users/kfp/bin
PATH: /mingw64/bin
PATH: /usr/local/bin
PATH: /usr/bin
PATH: /bin
PATH: /mingw64/bin
PATH: /usr/bin
PATH: /c/Users/kfp/bin
PATH: /c/Program Files/Haskell/bin
PATH: /c/Program Files/Haskell Platform/8.6.3/lib/extralibs/bin
PATH: /c/Program Files/Haskell Platform/8.6.3/bin
PATH: /c/emsdk-portable-64bit
PATH: /c/emsdk-portable-64bit/clang/e1.38.21_64bit
PATH: /c/emsdk-portable-64bit/node/8.9.1_64bit/bin
PATH: /c/emsdk-portable-64bit/python/2.7.13.1_64bit/python-2.7.13.amd64
PATH: /c/emsdk-portable-64bit/java/8.152_64bit/bin
PATH: /c/emsdk-portable-64bit/emscripten/1.38.21
PATH: /c/Program Files/Microsoft MPI/Bin
PATH: /c/ProgramData/Oracle/Java/javapath
PATH: /c/Python27
PATH: /c/Python27/Scripts
PATH: /c/Program Files/Common Files/Microsoft Shared/Windows Live
PATH: /c/Program Files (x86)/Common Files/Microsoft Shared/Windows Live
PATH: /c/Program Files (x86)/Intel/iCLS Client
PATH: /c/Program Files/Intel/iCLS Client
PATH: /c/Windows/system32
PATH: /c/Windows
PATH: /c/Windows/System32/Wbem
PATH: /c/Windows/System32/WindowsPowerShell/v1.0
PATH: /c/Program Files/Intel/Intel(R) Management Engine Components/DAL
PATH: /c/Program Files (x86)/Intel/Intel(R) Management Engine Components/DAL
PATH: /c/Program Files/Intel/Intel(R) Management Engine Components/IPT
PATH: /c/Program Files (x86)/Intel/Intel(R) Management Engine Components/IPT
PATH: /c/Program Files/Intel/WiFi/bin
PATH: /c/Program Files/Common Files/Intel/WirelessCommon
PATH: /c/Program Files (x86)/Windows Live/Shared
PATH: /c/Program Files/PuTTY
PATH: /c/Program Files/TortoiseHg
PATH: /c/Program Files/jEdit
PATH: /c/Program Files/MiKTeX 2.9/miktex/bin/x64
PATH: /c/Program Files/gnuplot/bin
PATH: /c/Program Files/TortoiseSVN/bin
PATH: /c/Program Files/nodejs
PATH: /c/jEdit
PATH: /c/Windows/System32/WindowsPowerShell/v1.0
PATH: /c/Program Files (x86)/GnuPG/bin
PATH: /c/Program Files/Asymptote
PATH: /c/msys64/mingw64/bin
PATH: /c/lean-3.4.1-windows/bin
PATH: /c/Windows/System32/WindowsPowerShell/v1.0
PATH: /c/Program Files (x86)/JoeEditor
PATH: /c/Program Files/Git/cmd
PATH: /c/SBCL/1.4.14
PATH: /c/Program Files/Haskell Platform/8.6.3/mingw/bin
PATH: /c/Program Files/TortoiseGit/bin
PATH: /c/Users/kfp/AppData/Local/Programs/Python/Python37/Scripts
PATH: /c/Users/kfp/AppData/Local/Programs/Python/Python37
PATH: /c/Users/kfp/AppData/Roaming/cabal/bin
PATH: /c/Users/kfp/AppData/Roaming/local/bin
PATH: /c/msys64/mingw32/bin
PATH: /c/msys64/mingw32/lib/pure
PATH: /c/Aldor/bin
PATH: /c/Pure
PATH: /c/Pure/lib
PATH: /c/Users/kfp/AppData/Roaming/npm
PATH: /c/Program Files (x86)/GNU/units
PATH: /c/Users/kfp/AppData/Local/atom/bin
PATH: /c/Gle4/bin
PATH: /c/Users/kfp/AppData/Local/Programs/Microsoft VS Code/bin
PATH: /c/Users/kfp/AppData/Local/hyper/app-2.1.0-canary2/resources/bin
PATH: /c/LLVM/bin
PATH: /c/Users/kfp/AppData/Local/Pandoc
PATH: /usr/bin/vendor_perl
PATH: /usr/bin/core_perl


## ----------- ##
## Core tests. ##
## ----------- ##

configure:2241: loading site script /mingw64/etc/config.site
| # This file is in public domain.
| # Original author: Karlson2k (Evgeny Grin)
| # Written for MSys2/MinGW64 to help running 'configure' scripts
| 
| # Defaults for MinGW64-targeted programs
| 
| # Set proper selfname on bash and fallback to default name on other shells
| test -n "${BASH_SOURCE}" 2>/dev/null && config_site_me="${BASH_SOURCE[0]##*/}" || config_site_me=config.site
| 
| # Set default 'host' to speedup configure
| if test -z "$build_alias"; then
|   build_alias="${MSYSTEM_CHOST-x86_64-w64-mingw32}" && \
|     ${as_echo-echo} "$config_site_me:${as_lineno-$LINENO}: default build_alias set to $build_alias" >&5
| fi
| 
| # Set default 'prefix' to "/mingw64"
| if ( test -z "$prefix" || test "x$prefix" = "xNONE" ) && \
|    ( test -z "$exec_prefix" || test "x$exec_prefix" = "xNONE" ); then
|   prefix="${MSYSTEM_PREFIX-/mingw64}" && \
|     ${as_echo-echo} "$config_site_me:${as_lineno-$LINENO}: default prefix set to $prefix" >&5
| fi
config.site:13: default build_alias set to x86_64-w64-mingw32
configure:2264: creating cache config.cache
configure:2423: checking for gcc
configure:2450: result: i686-w64-mingw32-gcc
configure:2679: checking for C compiler version
configure:2688: i686-w64-mingw32-gcc --version >&5
i686-w64-mingw32-gcc.exe (Rev1, Built by MSYS2 project) 7.2.0
Copyright (C) 2017 Free Software Foundation, Inc.
This is free software; see the source for copying conditions.  There is NO
warranty; not even for MERCHANTABILITY or FITNESS FOR A PARTICULAR PURPOSE.

configure:2699: $? = 0
configure:2688: i686-w64-mingw32-gcc -v >&5
Using built-in specs.
COLLECT_GCC=C:\msys64\mingw32\bin\i686-w64-mingw32-gcc.exe
COLLECT_LTO_WRAPPER=C:/msys64/mingw32/bin/../lib/gcc/i686-w64-mingw32/7.2.0/lto-wrapper.exe
Target: i686-w64-mingw32
Configured with: ../gcc-7.2.0/configure --prefix=/mingw32 --with-local-prefix=/mingw32/local --build=i686-w64-mingw32 --host=i686-w64-mingw32 --target=i686-w64-mingw32 --with-native-system-header-dir=/mingw32/i686-w64-mingw32/include --libexecdir=/mingw32/lib --enable-bootstrap --with-arch=i686 --with-tune=generic --enable-languages=c,lto,c++,objc,obj-c++,fortran,ada --enable-shared --enable-static --enable-libatomic --enable-threads=posix --enable-graphite --enable-fully-dynamic-string --enable-libstdcxx-time=yes --disable-libstdcxx-pch --disable-libstdcxx-debug --disable-isl-version-check --enable-lto --enable-libgomp --disable-multilib --enable-checking=release --disable-rpath --disable-win32-registry --disable-nls --disable-werror --disable-symvers --with-libiconv --with-system-zlib --with-gmp=/mingw32 --with-mpfr=/mingw32 --with-mpc=/mingw32 --with-isl=/mingw32 --with-pkgversion='Rev1, Built by MSYS2 project' --with-bugurl=https://sourceforge.net/projects/msys2 --with-gnu-as --with-gnu-ld --disable-sjlj-exceptions --with-dwarf2
Thread model: posix
gcc version 7.2.0 (Rev1, Built by MSYS2 project) 
configure:2699: $? = 0
configure:2688: i686-w64-mingw32-gcc -V >&5
i686-w64-mingw32-gcc.exe: error: unrecognized command line option '-V'
i686-w64-mingw32-gcc.exe: fatal error: no input files
compilation terminated.
configure:2699: $? = 1
configure:2688: i686-w64-mingw32-gcc -qversion >&5
i686-w64-mingw32-gcc.exe: error: unrecognized command line option '-qversion'; did you mean '--version'?
i686-w64-mingw32-gcc.exe: fatal error: no input files
compilation terminated.
configure:2699: $? = 1
configure:2719: checking whether the C compiler works
configure:2741: i686-w64-mingw32-gcc     conftest.c  >&5
configure:2745: $? = 0
configure:2793: result: yes
configure:2796: checking for C compiler default output file name
configure:2798: result: a.exe
configure:2804: checking for suffix of executables
configure:2811: i686-w64-mingw32-gcc -o conftest.exe     conftest.c  >&5
configure:2815: $? = 0
configure:2837: result: .exe
configure:2859: checking whether we are cross compiling
configure:2867: i686-w64-mingw32-gcc -o conftest.exe     conftest.c  >&5
configure:2871: $? = 0
configure:2878: ./conftest.exe
configure:2882: $? = 0
configure:2897: result: no
configure:2902: checking for suffix of object files
configure:2924: i686-w64-mingw32-gcc -c    conftest.c >&5
configure:2928: $? = 0
configure:2949: result: o
configure:2953: checking whether we are using the GNU C compiler
configure:2972: i686-w64-mingw32-gcc -c    conftest.c >&5
configure:2972: $? = 0
configure:2981: result: yes
configure:2990: checking whether i686-w64-mingw32-gcc accepts -g
configure:3010: i686-w64-mingw32-gcc -c -g  conftest.c >&5
configure:3010: $? = 0
configure:3051: result: yes
configure:3068: checking for i686-w64-mingw32-gcc option to accept ISO C89
configure:3131: i686-w64-mingw32-gcc  -c    conftest.c >&5
configure:3131: $? = 0
configure:3144: result: none needed
configure:3169: checking whether i686-w64-mingw32-gcc understands -c and -o together
configure:3191: i686-w64-mingw32-gcc -c conftest.c -o conftest2.o
configure:3194: $? = 0
configure:3191: i686-w64-mingw32-gcc -c conftest.c -o conftest2.o
configure:3194: $? = 0
configure:3206: result: yes
configure:3229: checking how to run the C preprocessor
configure:3260: i686-w64-mingw32-gcc -E  conftest.c
configure:3260: $? = 0
configure:3274: i686-w64-mingw32-gcc -E  conftest.c
conftest.c:9:10: fatal error: ac_nonexistent.h: No such file or directory
 #include <ac_nonexistent.h>
          ^~~~~~~~~~~~~~~~~~
compilation terminated.
configure:3274: $? = 1
configure: failed program was:
| /* confdefs.h */
| #define PACKAGE_NAME "libedit"
| #define PACKAGE_TARNAME "libedit-20190310"
| #define PACKAGE_VERSION "3.1"
| #define PACKAGE_STRING "libedit 3.1"
| #define PACKAGE_BUGREPORT ""
| #define PACKAGE_URL ""
| /* end confdefs.h.  */
| #include <ac_nonexistent.h>
configure:3299: result: i686-w64-mingw32-gcc -E
configure:3319: i686-w64-mingw32-gcc -E  conftest.c
configure:3319: $? = 0
configure:3333: i686-w64-mingw32-gcc -E  conftest.c
conftest.c:9:10: fatal error: ac_nonexistent.h: No such file or directory
 #include <ac_nonexistent.h>
          ^~~~~~~~~~~~~~~~~~
compilation terminated.
configure:3333: $? = 1
configure: failed program was:
| /* confdefs.h */
| #define PACKAGE_NAME "libedit"
| #define PACKAGE_TARNAME "libedit-20190310"
| #define PACKAGE_VERSION "3.1"
| #define PACKAGE_STRING "libedit 3.1"
| #define PACKAGE_BUGREPORT ""
| #define PACKAGE_URL ""
| /* end confdefs.h.  */
| #include <ac_nonexistent.h>
configure:3362: checking for grep that handles long lines and -e
configure:3420: result: /usr/bin/grep
configure:3425: checking for egrep
configure:3487: result: /usr/bin/grep -E
configure:3492: checking for ANSI C header files
configure:3512: i686-w64-mingw32-gcc -c    conftest.c >&5
configure:3512: $? = 0
configure:3585: i686-w64-mingw32-gcc -o conftest.exe     conftest.c  >&5
configure:3585: $? = 0
configure:3585: ./conftest.exe
configure:3585: $? = 0
configure:3596: result: yes
configure:3609: checking for sys/types.h
configure:3609: i686-w64-mingw32-gcc -c    conftest.c >&5
configure:3609: $? = 0
configure:3609: result: yes
configure:3609: checking for sys/stat.h
configure:3609: i686-w64-mingw32-gcc -c    conftest.c >&5
configure:3609: $? = 0
configure:3609: result: yes
configure:3609: checking for stdlib.h
configure:3609: i686-w64-mingw32-gcc -c    conftest.c >&5
configure:3609: $? = 0
configure:3609: result: yes
configure:3609: checking for string.h
configure:3609: i686-w64-mingw32-gcc -c    conftest.c >&5
configure:3609: $? = 0
configure:3609: result: yes
configure:3609: checking for memory.h
configure:3609: i686-w64-mingw32-gcc -c    conftest.c >&5
configure:3609: $? = 0
configure:3609: result: yes
configure:3609: checking for strings.h
configure:3609: i686-w64-mingw32-gcc -c    conftest.c >&5
configure:3609: $? = 0
configure:3609: result: yes
configure:3609: checking for inttypes.h
configure:3609: i686-w64-mingw32-gcc -c    conftest.c >&5
configure:3609: $? = 0
configure:3609: result: yes
configure:3609: checking for stdint.h
configure:3609: i686-w64-mingw32-gcc -c    conftest.c >&5
configure:3609: $? = 0
configure:3609: result: yes
configure:3609: checking for unistd.h
configure:3609: i686-w64-mingw32-gcc -c    conftest.c >&5
configure:3609: $? = 0
configure:3609: result: yes
configure:3622: checking minix/config.h usability
configure:3622: i686-w64-mingw32-gcc -c    conftest.c >&5
conftest.c:52:10: fatal error: minix/config.h: No such file or directory
 #include <minix/config.h>
          ^~~~~~~~~~~~~~~~
compilation terminated.
configure:3622: $? = 1
configure: failed program was:
| /* confdefs.h */
| #define PACKAGE_NAME "libedit"
| #define PACKAGE_TARNAME "libedit-20190310"
| #define PACKAGE_VERSION "3.1"
| #define PACKAGE_STRING "libedit 3.1"
| #define PACKAGE_BUGREPORT ""
| #define PACKAGE_URL ""
| #define STDC_HEADERS 1
| #define HAVE_SYS_TYPES_H 1
| #define HAVE_SYS_STAT_H 1
| #define HAVE_STDLIB_H 1
| #define HAVE_STRING_H 1
| #define HAVE_MEMORY_H 1
| #define HAVE_STRINGS_H 1
| #define HAVE_INTTYPES_H 1
| #define HAVE_STDINT_H 1
| #define HAVE_UNISTD_H 1
| /* end confdefs.h.  */
| #include <stdio.h>
| #ifdef HAVE_SYS_TYPES_H
| # include <sys/types.h>
| #endif
| #ifdef HAVE_SYS_STAT_H
| # include <sys/stat.h>
| #endif
| #ifdef STDC_HEADERS
| # include <stdlib.h>
| # include <stddef.h>
| #else
| # ifdef HAVE_STDLIB_H
| #  include <stdlib.h>
| # endif
| #endif
| #ifdef HAVE_STRING_H
| # if !defined STDC_HEADERS && defined HAVE_MEMORY_H
| #  include <memory.h>
| # endif
| # include <string.h>
| #endif
| #ifdef HAVE_STRINGS_H
| # include <strings.h>
| #endif
| #ifdef HAVE_INTTYPES_H
| # include <inttypes.h>
| #endif
| #ifdef HAVE_STDINT_H
| # include <stdint.h>
| #endif
| #ifdef HAVE_UNISTD_H
| # include <unistd.h>
| #endif
| #include <minix/config.h>
configure:3622: result: no
configure:3622: checking minix/config.h presence
configure:3622: i686-w64-mingw32-gcc -E  conftest.c
conftest.c:19:10: fatal error: minix/config.h: No such file or directory
 #include <minix/config.h>
          ^~~~~~~~~~~~~~~~
compilation terminated.
configure:3622: $? = 1
configure: failed program was:
| /* confdefs.h */
| #define PACKAGE_NAME "libedit"
| #define PACKAGE_TARNAME "libedit-20190310"
| #define PACKAGE_VERSION "3.1"
| #define PACKAGE_STRING "libedit 3.1"
| #define PACKAGE_BUGREPORT ""
| #define PACKAGE_URL ""
| #define STDC_HEADERS 1
| #define HAVE_SYS_TYPES_H 1
| #define HAVE_SYS_STAT_H 1
| #define HAVE_STDLIB_H 1
| #define HAVE_STRING_H 1
| #define HAVE_MEMORY_H 1
| #define HAVE_STRINGS_H 1
| #define HAVE_INTTYPES_H 1
| #define HAVE_STDINT_H 1
| #define HAVE_UNISTD_H 1
| /* end confdefs.h.  */
| #include <minix/config.h>
configure:3622: result: no
configure:3622: checking for minix/config.h
configure:3622: result: no
configure:3643: checking whether it is safe to define __EXTENSIONS__
configure:3661: i686-w64-mingw32-gcc -c    conftest.c >&5
configure:3661: $? = 0
configure:3668: result: yes
configure:3699: checking for a BSD-compatible install
configure:3767: result: /usr/bin/install -c
configure:3778: checking whether build environment is sane
configure:3833: result: yes
configure:3981: checking for a thread-safe mkdir -p
configure:4020: result: /usr/bin/mkdir -p
configure:4027: checking for gawk
configure:4043: found /usr/bin/gawk
configure:4054: result: gawk
configure:4065: checking whether make sets $(MAKE)
configure:4087: result: yes
configure:4109: checking whether make supports the include directive
configure:4124: make -f confmf.GNU && cat confinc.out
this is the am__doit target
configure:4127: $? = 0
configure:4146: result: yes (GNU style)
configure:4179: checking whether make supports nested variables
configure:4196: result: yes
configure:4281: checking dependency style of i686-w64-mingw32-gcc
configure:4392: result: gcc3
configure:4479: checking build system type
configure:4493: result: x86_64-w64-mingw32
configure:4513: checking host system type
configure:4526: result: x86_64-w64-mingw32
configure:4567: checking how to print strings
configure:4594: result: printf
configure:4615: checking for a sed that does not truncate output
configure:4679: result: /usr/bin/sed
configure:4697: checking for fgrep
configure:4759: result: /usr/bin/grep -F
configure:4794: checking for ld used by i686-w64-mingw32-gcc
configure:4861: result: C:/msys64/mingw32/i686-w64-mingw32/bin/ld.exe
configure:4868: checking if the linker (C:/msys64/mingw32/i686-w64-mingw32/bin/ld.exe) is GNU ld
configure:4883: result: yes
configure:4895: checking for BSD- or MS-compatible name lister (nm)
configure:4949: result: /mingw64/bin/nm -B
configure:5079: checking the name lister (/mingw64/bin/nm -B) interface
configure:5086: i686-w64-mingw32-gcc -c    conftest.c >&5
configure:5089: /mingw64/bin/nm -B "conftest.o"
configure:5092: output
00000000 b .bss
00000000 d .data
00000000 r .rdata$zzz
00000000 t .text
00000000 B _some_variable
configure:5099: result: BSD nm
configure:5102: checking whether ln -s works
configure:5109: result: no, using cp -pR
configure:5114: checking the maximum length of command line arguments
configure:5245: result: 8192
configure:5293: checking how to convert x86_64-w64-mingw32 file names to x86_64-w64-mingw32 format
configure:5333: result: func_convert_file_msys_to_w32
configure:5340: checking how to convert x86_64-w64-mingw32 file names to toolchain format
configure:5360: result: func_convert_file_msys_to_w32
configure:5367: checking for C:/msys64/mingw32/i686-w64-mingw32/bin/ld.exe option to reload object files
configure:5374: result: -r
configure:5448: checking for objdump
configure:5464: found /mingw64/bin/objdump
configure:5475: result: objdump
configure:5507: checking how to recognize dependent libraries
configure:5707: result: file_magic ^x86 archive import|^x86 DLL
configure:5792: checking for dlltool
configure:5808: found /mingw64/bin/dlltool
configure:5819: result: dlltool
configure:5852: checking how to associate runtime and link libraries
configure:5879: result: func_cygming_dll_for_implib
configure:5939: checking for ar
configure:5955: found /mingw64/bin/ar
configure:5966: result: ar
configure:6003: checking for archiver @FILE support
configure:6020: i686-w64-mingw32-gcc -c    conftest.c >&5
configure:6020: $? = 0
configure:6023: ar cru libconftest.a @conftest.lst >&5
configure:6026: $? = 0
configure:6031: ar cru libconftest.a @conftest.lst >&5
C:\git-sdk-64\mingw64\bin\ar.exe: conftest.o: No such file or directory
configure:6034: $? = 1
configure:6046: result: @
configure:6104: checking for strip
configure:6120: found /mingw64/bin/strip
configure:6131: result: strip
configure:6203: checking for ranlib
configure:6219: found /mingw64/bin/ranlib
configure:6230: result: ranlib
configure:6332: checking command to parse /mingw64/bin/nm -B output from i686-w64-mingw32-gcc object
configure:6485: i686-w64-mingw32-gcc -c    conftest.c >&5
configure:6488: $? = 0
configure:6492: /mingw64/bin/nm -B conftest.o \| sed -n -e 's/^.*[ ]\([ABCDGIRSTW][ABCDGIRSTW]*\)[ ][ ]*\([_A-Za-z][_A-Za-z0-9]*\)\{0,1\}$/\1 \2 \2/p' | sed '/ __gnu_lto/d' \> conftest.nm
configure:6495: $? = 0
cannot find nm_test_var in conftest.nm
configure:6485: i686-w64-mingw32-gcc -c    conftest.c >&5
configure:6488: $? = 0
configure:6492: /mingw64/bin/nm -B conftest.o \| sed -n -e 's/^.*[ ]\([ABCDGIRSTW][ABCDGIRSTW]*\)[ ][ ]*_\([_A-Za-z][_A-Za-z0-9]*\)\{0,1\}$/\1 _\2 \2/p' | sed '/ __gnu_lto/d' \> conftest.nm
configure:6495: $? = 0
configure:6561: i686-w64-mingw32-gcc -o conftest.exe     conftest.c conftstm.o >&5
configure:6564: $? = 0
configure:6602: result: ok
configure:6649: checking for sysroot
configure:6679: result: no
configure:6686: checking for a working dd
configure:6724: result: /usr/bin/dd
configure:6728: checking how to truncate binary pipes
configure:6743: result: /usr/bin/dd bs=4096 count=1
configure:7072: checking for mt
configure:7102: result: no
configure:7122: checking if : is a manifest tool
configure:7128: : '-?'
configure:7136: result: no
configure:7810: checking for dlfcn.h
configure:7810: i686-w64-mingw32-gcc -c    conftest.c >&5
conftest.c:60:10: fatal error: dlfcn.h: No such file or directory
 #include <dlfcn.h>
          ^~~~~~~~~
compilation terminated.
configure:7810: $? = 1
configure: failed program was:
| /* confdefs.h */
| #define PACKAGE_NAME "libedit"
| #define PACKAGE_TARNAME "libedit-20190310"
| #define PACKAGE_VERSION "3.1"
| #define PACKAGE_STRING "libedit 3.1"
| #define PACKAGE_BUGREPORT ""
| #define PACKAGE_URL ""
| #define STDC_HEADERS 1
| #define HAVE_SYS_TYPES_H 1
| #define HAVE_SYS_STAT_H 1
| #define HAVE_STDLIB_H 1
| #define HAVE_STRING_H 1
| #define HAVE_MEMORY_H 1
| #define HAVE_STRINGS_H 1
| #define HAVE_INTTYPES_H 1
| #define HAVE_STDINT_H 1
| #define HAVE_UNISTD_H 1
| #define __EXTENSIONS__ 1
| #define _ALL_SOURCE 1
| #define _GNU_SOURCE 1
| #define _POSIX_PTHREAD_SEMANTICS 1
| #define _TANDEM_SOURCE 1
| #define PACKAGE "libedit-20190310"
| #define VERSION "3.1"
| /* end confdefs.h.  */
| #include <stdio.h>
| #ifdef HAVE_SYS_TYPES_H
| # include <sys/types.h>
| #endif
| #ifdef HAVE_SYS_STAT_H
| # include <sys/stat.h>
| #endif
| #ifdef STDC_HEADERS
| # include <stdlib.h>
| # include <stddef.h>
| #else
| # ifdef HAVE_STDLIB_H
| #  include <stdlib.h>
| # endif
| #endif
| #ifdef HAVE_STRING_H
| # if !defined STDC_HEADERS && defined HAVE_MEMORY_H
| #  include <memory.h>
| # endif
| # include <string.h>
| #endif
| #ifdef HAVE_STRINGS_H
| # include <strings.h>
| #endif
| #ifdef HAVE_INTTYPES_H
| # include <inttypes.h>
| #endif
| #ifdef HAVE_STDINT_H
| # include <stdint.h>
| #endif
| #ifdef HAVE_UNISTD_H
| # include <unistd.h>
| #endif
| 
| #include <dlfcn.h>
configure:7810: result: no
configure:8066: checking for objdir
configure:8081: result: .libs
configure:8345: checking if i686-w64-mingw32-gcc supports -fno-rtti -fno-exceptions
configure:8363: i686-w64-mingw32-gcc -c    -fno-rtti -fno-exceptions conftest.c >&5
cc1.exe: warning: command line option '-fno-rtti' is valid for C++/ObjC++ but not for C
configure:8367: $? = 0
configure:8380: result: no
configure:8738: checking for i686-w64-mingw32-gcc option to produce PIC
configure:8745: result: -DDLL_EXPORT -DPIC
configure:8753: checking if i686-w64-mingw32-gcc PIC flag -DDLL_EXPORT -DPIC works
configure:8771: i686-w64-mingw32-gcc -c    -DDLL_EXPORT -DPIC -DPIC conftest.c >&5
configure:8775: $? = 0
configure:8788: result: yes
configure:8817: checking if i686-w64-mingw32-gcc static flag -static works
configure:8845: result: yes
configure:8860: checking if i686-w64-mingw32-gcc supports -c -o file.o
configure:8881: i686-w64-mingw32-gcc -c    -o out/conftest2.o conftest.c >&5
configure:8885: $? = 0
configure:8907: result: yes
configure:8915: checking if i686-w64-mingw32-gcc supports -c -o file.o
configure:8962: result: yes
configure:8995: checking whether the i686-w64-mingw32-gcc linker (C:/msys64/mingw32/i686-w64-mingw32/bin/ld.exe) supports shared libraries
configure:10255: result: yes
configure:10292: checking whether -lc should be explicitly linked in
configure:10300: i686-w64-mingw32-gcc -c    conftest.c >&5
configure:10303: $? = 0
configure:10318: i686-w64-mingw32-gcc -shared conftest.o  -v -o ./conftest -Wl,--enable-auto-image-base -Xlinker --out-implib -Xlinker conftest 2\>\&1 \| /usr/bin/grep  -lc  \>/dev/null 2\>\&1
configure:10321: $? = 1
configure:10335: result: yes
configure:10495: checking dynamic linker characteristics
configure:11319: result: Win32 ld.exe
configure:11441: checking how to hardcode library paths into programs
configure:11466: result: immediate
configure:12014: checking whether stripping libraries is possible
configure:12019: result: yes
configure:12054: checking if libtool supports shared libraries
configure:12056: result: yes
configure:12059: checking whether to build shared libraries
configure:12084: result: yes
configure:12087: checking whether to build static libraries
configure:12091: result: yes
configure:12144: checking whether make supports nested variables
configure:12161: result: yes
configure:12174: checking for i686-w64-mingw32-gcc option to accept ISO C99
configure:12323: i686-w64-mingw32-gcc  -c    conftest.c >&5
configure:12323: $? = 0
configure:12336: result: none needed
configure:12352: checking whether ln -s works
configure:12359: result: no, using cp -pR
configure:12367: checking for gawk
configure:12394: result: gawk
configure:12412: checking for nroff
configure:12430: found /usr/bin/nroff
configure:12442: result: /usr/bin/nroff
configure:12461: checking for tgetent in -ltinfo
configure:12486: i686-w64-mingw32-gcc -o conftest.exe     conftest.c -ltinfo   >&5
C:/msys64/mingw32/bin/../lib/gcc/i686-w64-mingw32/7.2.0/../../../../i686-w64-mingw32/bin/ld.exe: cannot find -ltinfo
collect2.exe: error: ld returned 1 exit status
configure:12486: $? = 1
configure: failed program was:
| /* confdefs.h */
| #define PACKAGE_NAME "libedit"
| #define PACKAGE_TARNAME "libedit-20190310"
| #define PACKAGE_VERSION "3.1"
| #define PACKAGE_STRING "libedit 3.1"
| #define PACKAGE_BUGREPORT ""
| #define PACKAGE_URL ""
| #define STDC_HEADERS 1
| #define HAVE_SYS_TYPES_H 1
| #define HAVE_SYS_STAT_H 1
| #define HAVE_STDLIB_H 1
| #define HAVE_STRING_H 1
| #define HAVE_MEMORY_H 1
| #define HAVE_STRINGS_H 1
| #define HAVE_INTTYPES_H 1
| #define HAVE_STDINT_H 1
| #define HAVE_UNISTD_H 1
| #define __EXTENSIONS__ 1
| #define _ALL_SOURCE 1
| #define _GNU_SOURCE 1
| #define _POSIX_PTHREAD_SEMANTICS 1
| #define _TANDEM_SOURCE 1
| #define PACKAGE "libedit-20190310"
| #define VERSION "3.1"
| #define LT_OBJDIR ".libs/"
| /* end confdefs.h.  */
| 
| /* Override any GCC internal prototype to avoid an error.
|    Use char because int might match the return type of a GCC
|    builtin and then its argument prototype would still apply.  */
| #ifdef __cplusplus
| extern "C"
| #endif
| char tgetent ();
| int
| main ()
| {
| return tgetent ();
|   ;
|   return 0;
| }
configure:12495: result: no
configure:12505: checking for tgetent in -lterminfo
configure:12530: i686-w64-mingw32-gcc -o conftest.exe     conftest.c -lterminfo   >&5
C:/msys64/mingw32/bin/../lib/gcc/i686-w64-mingw32/7.2.0/../../../../i686-w64-mingw32/bin/ld.exe: cannot find -lterminfo
collect2.exe: error: ld returned 1 exit status
configure:12530: $? = 1
configure: failed program was:
| /* confdefs.h */
| #define PACKAGE_NAME "libedit"
| #define PACKAGE_TARNAME "libedit-20190310"
| #define PACKAGE_VERSION "3.1"
| #define PACKAGE_STRING "libedit 3.1"
| #define PACKAGE_BUGREPORT ""
| #define PACKAGE_URL ""
| #define STDC_HEADERS 1
| #define HAVE_SYS_TYPES_H 1
| #define HAVE_SYS_STAT_H 1
| #define HAVE_STDLIB_H 1
| #define HAVE_STRING_H 1
| #define HAVE_MEMORY_H 1
| #define HAVE_STRINGS_H 1
| #define HAVE_INTTYPES_H 1
| #define HAVE_STDINT_H 1
| #define HAVE_UNISTD_H 1
| #define __EXTENSIONS__ 1
| #define _ALL_SOURCE 1
| #define _GNU_SOURCE 1
| #define _POSIX_PTHREAD_SEMANTICS 1
| #define _TANDEM_SOURCE 1
| #define PACKAGE "libedit-20190310"
| #define VERSION "3.1"
| #define LT_OBJDIR ".libs/"
| /* end confdefs.h.  */
| 
| /* Override any GCC internal prototype to avoid an error.
|    Use char because int might match the return type of a GCC
|    builtin and then its argument prototype would still apply.  */
| #ifdef __cplusplus
| extern "C"
| #endif
| char tgetent ();
| int
| main ()
| {
| return tgetent ();
|   ;
|   return 0;
| }
configure:12539: result: no
configure:12549: checking for tgetent in -ltermcap
configure:12574: i686-w64-mingw32-gcc -o conftest.exe     conftest.c -ltermcap   >&5
configure:12574: $? = 0
configure:12583: result: yes
configure:12748: checking if you want wide-character code
configure:12757: result: yes
configure:12796: checking for dirent.h that defines DIR
configure:12815: i686-w64-mingw32-gcc -c    conftest.c >&5
configure:12815: $? = 0
configure:12823: result: yes
configure:12836: checking for library containing opendir
configure:12867: i686-w64-mingw32-gcc -o conftest.exe     conftest.c -ltermcap  >&5
configure:12867: $? = 0
configure:12884: result: none required
configure:12951: checking for ANSI C header files
configure:13055: result: yes
configure:13063: checking for sys/wait.h that is POSIX.1 compatible
configure:13089: i686-w64-mingw32-gcc -c    conftest.c >&5
conftest.c:32:10: fatal error: sys/wait.h: No such file or directory
 #include <sys/wait.h>
          ^~~~~~~~~~~~
compilation terminated.
configure:13089: $? = 1
configure: failed program was:
| /* confdefs.h */
| #define PACKAGE_NAME "libedit"
| #define PACKAGE_TARNAME "libedit-20190310"
| #define PACKAGE_VERSION "3.1"
| #define PACKAGE_STRING "libedit 3.1"
| #define PACKAGE_BUGREPORT ""
| #define PACKAGE_URL ""
| #define STDC_HEADERS 1
| #define HAVE_SYS_TYPES_H 1
| #define HAVE_SYS_STAT_H 1
| #define HAVE_STDLIB_H 1
| #define HAVE_STRING_H 1
| #define HAVE_MEMORY_H 1
| #define HAVE_STRINGS_H 1
| #define HAVE_INTTYPES_H 1
| #define HAVE_STDINT_H 1
| #define HAVE_UNISTD_H 1
| #define __EXTENSIONS__ 1
| #define _ALL_SOURCE 1
| #define _GNU_SOURCE 1
| #define _POSIX_PTHREAD_SEMANTICS 1
| #define _TANDEM_SOURCE 1
| #define PACKAGE "libedit-20190310"
| #define VERSION "3.1"
| #define LT_OBJDIR ".libs/"
| #define HAVE_LIBTERMCAP 1
| #define WIDECHAR 1
| #define HAVE_DIRENT_H 1
| #define STDC_HEADERS 1
| /* end confdefs.h.  */
| #include <sys/types.h>
| #include <sys/wait.h>
| #ifndef WEXITSTATUS
| # define WEXITSTATUS(stat_val) ((unsigned int) (stat_val) >> 8)
| #endif
| #ifndef WIFEXITED
| # define WIFEXITED(stat_val) (((stat_val) & 255) == 0)
| #endif
| 
| int
| main ()
| {
|   int s;
|   wait (&s);
|   s = WIFEXITED (s) ? WEXITSTATUS (s) : 1;
|   ;
|   return 0;
| }
configure:13096: result: no
configure:13107: checking fcntl.h usability
configure:13107: i686-w64-mingw32-gcc -c    conftest.c >&5
configure:13107: $? = 0
configure:13107: result: yes
configure:13107: checking fcntl.h presence
configure:13107: i686-w64-mingw32-gcc -E  conftest.c
configure:13107: $? = 0
configure:13107: result: yes
configure:13107: checking for fcntl.h
configure:13107: result: yes
configure:13107: checking limits.h usability
configure:13107: i686-w64-mingw32-gcc -c    conftest.c >&5
configure:13107: $? = 0
configure:13107: result: yes
configure:13107: checking limits.h presence
configure:13107: i686-w64-mingw32-gcc -E  conftest.c
configure:13107: $? = 0
configure:13107: result: yes
configure:13107: checking for limits.h
configure:13107: result: yes
configure:13107: checking malloc.h usability
configure:13107: i686-w64-mingw32-gcc -c    conftest.c >&5
configure:13107: $? = 0
configure:13107: result: yes
configure:13107: checking malloc.h presence
configure:13107: i686-w64-mingw32-gcc -E  conftest.c
configure:13107: $? = 0
configure:13107: result: yes
configure:13107: checking for malloc.h
configure:13107: result: yes
configure:13107: checking for stdlib.h
configure:13107: result: yes
configure:13107: checking for string.h
configure:13107: result: yes
configure:13107: checking sys/ioctl.h usability
configure:13107: i686-w64-mingw32-gcc -c    conftest.c >&5
conftest.c:69:10: fatal error: sys/ioctl.h: No such file or directory
 #include <sys/ioctl.h>
          ^~~~~~~~~~~~~
compilation terminated.
configure:13107: $? = 1
configure: failed program was:
| /* confdefs.h */
| #define PACKAGE_NAME "libedit"
| #define PACKAGE_TARNAME "libedit-20190310"
| #define PACKAGE_VERSION "3.1"
| #define PACKAGE_STRING "libedit 3.1"
| #define PACKAGE_BUGREPORT ""
| #define PACKAGE_URL ""
| #define STDC_HEADERS 1
| #define HAVE_SYS_TYPES_H 1
| #define HAVE_SYS_STAT_H 1
| #define HAVE_STDLIB_H 1
| #define HAVE_STRING_H 1
| #define HAVE_MEMORY_H 1
| #define HAVE_STRINGS_H 1
| #define HAVE_INTTYPES_H 1
| #define HAVE_STDINT_H 1
| #define HAVE_UNISTD_H 1
| #define __EXTENSIONS__ 1
| #define _ALL_SOURCE 1
| #define _GNU_SOURCE 1
| #define _POSIX_PTHREAD_SEMANTICS 1
| #define _TANDEM_SOURCE 1
| #define PACKAGE "libedit-20190310"
| #define VERSION "3.1"
| #define LT_OBJDIR ".libs/"
| #define HAVE_LIBTERMCAP 1
| #define WIDECHAR 1
| #define HAVE_DIRENT_H 1
| #define STDC_HEADERS 1
| #define HAVE_FCNTL_H 1
| #define HAVE_LIMITS_H 1
| #define HAVE_MALLOC_H 1
| #define HAVE_STDLIB_H 1
| #define HAVE_STRING_H 1
| /* end confdefs.h.  */
| #include <stdio.h>
| #ifdef HAVE_SYS_TYPES_H
| # include <sys/types.h>
| #endif
| #ifdef HAVE_SYS_STAT_H
| # include <sys/stat.h>
| #endif
| #ifdef STDC_HEADERS
| # include <stdlib.h>
| # include <stddef.h>
| #else
| # ifdef HAVE_STDLIB_H
| #  include <stdlib.h>
| # endif
| #endif
| #ifdef HAVE_STRING_H
| # if !defined STDC_HEADERS && defined HAVE_MEMORY_H
| #  include <memory.h>
| # endif
| # include <string.h>
| #endif
| #ifdef HAVE_STRINGS_H
| # include <strings.h>
| #endif
| #ifdef HAVE_INTTYPES_H
| # include <inttypes.h>
| #endif
| #ifdef HAVE_STDINT_H
| # include <stdint.h>
| #endif
| #ifdef HAVE_UNISTD_H
| # include <unistd.h>
| #endif
| #include <sys/ioctl.h>
configure:13107: result: no
configure:13107: checking sys/ioctl.h presence
configure:13107: i686-w64-mingw32-gcc -E  conftest.c
conftest.c:36:10: fatal error: sys/ioctl.h: No such file or directory
 #include <sys/ioctl.h>
          ^~~~~~~~~~~~~
compilation terminated.
configure:13107: $? = 1
configure: failed program was:
| /* confdefs.h */
| #define PACKAGE_NAME "libedit"
| #define PACKAGE_TARNAME "libedit-20190310"
| #define PACKAGE_VERSION "3.1"
| #define PACKAGE_STRING "libedit 3.1"
| #define PACKAGE_BUGREPORT ""
| #define PACKAGE_URL ""
| #define STDC_HEADERS 1
| #define HAVE_SYS_TYPES_H 1
| #define HAVE_SYS_STAT_H 1
| #define HAVE_STDLIB_H 1
| #define HAVE_STRING_H 1
| #define HAVE_MEMORY_H 1
| #define HAVE_STRINGS_H 1
| #define HAVE_INTTYPES_H 1
| #define HAVE_STDINT_H 1
| #define HAVE_UNISTD_H 1
| #define __EXTENSIONS__ 1
| #define _ALL_SOURCE 1
| #define _GNU_SOURCE 1
| #define _POSIX_PTHREAD_SEMANTICS 1
| #define _TANDEM_SOURCE 1
| #define PACKAGE "libedit-20190310"
| #define VERSION "3.1"
| #define LT_OBJDIR ".libs/"
| #define HAVE_LIBTERMCAP 1
| #define WIDECHAR 1
| #define HAVE_DIRENT_H 1
| #define STDC_HEADERS 1
| #define HAVE_FCNTL_H 1
| #define HAVE_LIMITS_H 1
| #define HAVE_MALLOC_H 1
| #define HAVE_STDLIB_H 1
| #define HAVE_STRING_H 1
| /* end confdefs.h.  */
| #include <sys/ioctl.h>
configure:13107: result: no
configure:13107: checking for sys/ioctl.h
configure:13107: result: no
configure:13107: checking sys/param.h usability
configure:13107: i686-w64-mingw32-gcc -c    conftest.c >&5
configure:13107: $? = 0
configure:13107: result: yes
configure:13107: checking sys/param.h presence
configure:13107: i686-w64-mingw32-gcc -E  conftest.c
configure:13107: $? = 0
configure:13107: result: yes
configure:13107: checking for sys/param.h
configure:13107: result: yes
configure:13107: checking for unistd.h
configure:13107: result: yes
configure:13107: checking curses.h usability
configure:13107: i686-w64-mingw32-gcc -c    conftest.c >&5
conftest.c:71:10: fatal error: curses.h: No such file or directory
 #include <curses.h>
          ^~~~~~~~~~
compilation terminated.
configure:13107: $? = 1
configure: failed program was:
| /* confdefs.h */
| #define PACKAGE_NAME "libedit"
| #define PACKAGE_TARNAME "libedit-20190310"
| #define PACKAGE_VERSION "3.1"
| #define PACKAGE_STRING "libedit 3.1"
| #define PACKAGE_BUGREPORT ""
| #define PACKAGE_URL ""
| #define STDC_HEADERS 1
| #define HAVE_SYS_TYPES_H 1
| #define HAVE_SYS_STAT_H 1
| #define HAVE_STDLIB_H 1
| #define HAVE_STRING_H 1
| #define HAVE_MEMORY_H 1
| #define HAVE_STRINGS_H 1
| #define HAVE_INTTYPES_H 1
| #define HAVE_STDINT_H 1
| #define HAVE_UNISTD_H 1
| #define __EXTENSIONS__ 1
| #define _ALL_SOURCE 1
| #define _GNU_SOURCE 1
| #define _POSIX_PTHREAD_SEMANTICS 1
| #define _TANDEM_SOURCE 1
| #define PACKAGE "libedit-20190310"
| #define VERSION "3.1"
| #define LT_OBJDIR ".libs/"
| #define HAVE_LIBTERMCAP 1
| #define WIDECHAR 1
| #define HAVE_DIRENT_H 1
| #define STDC_HEADERS 1
| #define HAVE_FCNTL_H 1
| #define HAVE_LIMITS_H 1
| #define HAVE_MALLOC_H 1
| #define HAVE_STDLIB_H 1
| #define HAVE_STRING_H 1
| #define HAVE_SYS_PARAM_H 1
| #define HAVE_UNISTD_H 1
| /* end confdefs.h.  */
| #include <stdio.h>
| #ifdef HAVE_SYS_TYPES_H
| # include <sys/types.h>
| #endif
| #ifdef HAVE_SYS_STAT_H
| # include <sys/stat.h>
| #endif
| #ifdef STDC_HEADERS
| # include <stdlib.h>
| # include <stddef.h>
| #else
| # ifdef HAVE_STDLIB_H
| #  include <stdlib.h>
| # endif
| #endif
| #ifdef HAVE_STRING_H
| # if !defined STDC_HEADERS && defined HAVE_MEMORY_H
| #  include <memory.h>
| # endif
| # include <string.h>
| #endif
| #ifdef HAVE_STRINGS_H
| # include <strings.h>
| #endif
| #ifdef HAVE_INTTYPES_H
| # include <inttypes.h>
| #endif
| #ifdef HAVE_STDINT_H
| # include <stdint.h>
| #endif
| #ifdef HAVE_UNISTD_H
| # include <unistd.h>
| #endif
| #include <curses.h>
configure:13107: result: no
configure:13107: checking curses.h presence
configure:13107: i686-w64-mingw32-gcc -E  conftest.c
conftest.c:38:10: fatal error: curses.h: No such file or directory
 #include <curses.h>
          ^~~~~~~~~~
compilation terminated.
configure:13107: $? = 1
configure: failed program was:
| /* confdefs.h */
| #define PACKAGE_NAME "libedit"
| #define PACKAGE_TARNAME "libedit-20190310"
| #define PACKAGE_VERSION "3.1"
| #define PACKAGE_STRING "libedit 3.1"
| #define PACKAGE_BUGREPORT ""
| #define PACKAGE_URL ""
| #define STDC_HEADERS 1
| #define HAVE_SYS_TYPES_H 1
| #define HAVE_SYS_STAT_H 1
| #define HAVE_STDLIB_H 1
| #define HAVE_STRING_H 1
| #define HAVE_MEMORY_H 1
| #define HAVE_STRINGS_H 1
| #define HAVE_INTTYPES_H 1
| #define HAVE_STDINT_H 1
| #define HAVE_UNISTD_H 1
| #define __EXTENSIONS__ 1
| #define _ALL_SOURCE 1
| #define _GNU_SOURCE 1
| #define _POSIX_PTHREAD_SEMANTICS 1
| #define _TANDEM_SOURCE 1
| #define PACKAGE "libedit-20190310"
| #define VERSION "3.1"
| #define LT_OBJDIR ".libs/"
| #define HAVE_LIBTERMCAP 1
| #define WIDECHAR 1
| #define HAVE_DIRENT_H 1
| #define STDC_HEADERS 1
| #define HAVE_FCNTL_H 1
| #define HAVE_LIMITS_H 1
| #define HAVE_MALLOC_H 1
| #define HAVE_STDLIB_H 1
| #define HAVE_STRING_H 1
| #define HAVE_SYS_PARAM_H 1
| #define HAVE_UNISTD_H 1
| /* end confdefs.h.  */
| #include <curses.h>
configure:13107: result: no
configure:13107: checking for curses.h
configure:13107: result: no
configure:13107: checking ncurses.h usability
configure:13107: i686-w64-mingw32-gcc -c    conftest.c >&5
conftest.c:71:10: fatal error: ncurses.h: No such file or directory
 #include <ncurses.h>
          ^~~~~~~~~~~
compilation terminated.
configure:13107: $? = 1
configure: failed program was:
| /* confdefs.h */
| #define PACKAGE_NAME "libedit"
| #define PACKAGE_TARNAME "libedit-20190310"
| #define PACKAGE_VERSION "3.1"
| #define PACKAGE_STRING "libedit 3.1"
| #define PACKAGE_BUGREPORT ""
| #define PACKAGE_URL ""
| #define STDC_HEADERS 1
| #define HAVE_SYS_TYPES_H 1
| #define HAVE_SYS_STAT_H 1
| #define HAVE_STDLIB_H 1
| #define HAVE_STRING_H 1
| #define HAVE_MEMORY_H 1
| #define HAVE_STRINGS_H 1
| #define HAVE_INTTYPES_H 1
| #define HAVE_STDINT_H 1
| #define HAVE_UNISTD_H 1
| #define __EXTENSIONS__ 1
| #define _ALL_SOURCE 1
| #define _GNU_SOURCE 1
| #define _POSIX_PTHREAD_SEMANTICS 1
| #define _TANDEM_SOURCE 1
| #define PACKAGE "libedit-20190310"
| #define VERSION "3.1"
| #define LT_OBJDIR ".libs/"
| #define HAVE_LIBTERMCAP 1
| #define WIDECHAR 1
| #define HAVE_DIRENT_H 1
| #define STDC_HEADERS 1
| #define HAVE_FCNTL_H 1
| #define HAVE_LIMITS_H 1
| #define HAVE_MALLOC_H 1
| #define HAVE_STDLIB_H 1
| #define HAVE_STRING_H 1
| #define HAVE_SYS_PARAM_H 1
| #define HAVE_UNISTD_H 1
| /* end confdefs.h.  */
| #include <stdio.h>
| #ifdef HAVE_SYS_TYPES_H
| # include <sys/types.h>
| #endif
| #ifdef HAVE_SYS_STAT_H
| # include <sys/stat.h>
| #endif
| #ifdef STDC_HEADERS
| # include <stdlib.h>
| # include <stddef.h>
| #else
| # ifdef HAVE_STDLIB_H
| #  include <stdlib.h>
| # endif
| #endif
| #ifdef HAVE_STRING_H
| # if !defined STDC_HEADERS && defined HAVE_MEMORY_H
| #  include <memory.h>
| # endif
| # include <string.h>
| #endif
| #ifdef HAVE_STRINGS_H
| # include <strings.h>
| #endif
| #ifdef HAVE_INTTYPES_H
| # include <inttypes.h>
| #endif
| #ifdef HAVE_STDINT_H
| # include <stdint.h>
| #endif
| #ifdef HAVE_UNISTD_H
| # include <unistd.h>
| #endif
| #include <ncurses.h>
configure:13107: result: no
configure:13107: checking ncurses.h presence
configure:13107: i686-w64-mingw32-gcc -E  conftest.c
conftest.c:38:10: fatal error: ncurses.h: No such file or directory
 #include <ncurses.h>
          ^~~~~~~~~~~
compilation terminated.
configure:13107: $? = 1
configure: failed program was:
| /* confdefs.h */
| #define PACKAGE_NAME "libedit"
| #define PACKAGE_TARNAME "libedit-20190310"
| #define PACKAGE_VERSION "3.1"
| #define PACKAGE_STRING "libedit 3.1"
| #define PACKAGE_BUGREPORT ""
| #define PACKAGE_URL ""
| #define STDC_HEADERS 1
| #define HAVE_SYS_TYPES_H 1
| #define HAVE_SYS_STAT_H 1
| #define HAVE_STDLIB_H 1
| #define HAVE_STRING_H 1
| #define HAVE_MEMORY_H 1
| #define HAVE_STRINGS_H 1
| #define HAVE_INTTYPES_H 1
| #define HAVE_STDINT_H 1
| #define HAVE_UNISTD_H 1
| #define __EXTENSIONS__ 1
| #define _ALL_SOURCE 1
| #define _GNU_SOURCE 1
| #define _POSIX_PTHREAD_SEMANTICS 1
| #define _TANDEM_SOURCE 1
| #define PACKAGE "libedit-20190310"
| #define VERSION "3.1"
| #define LT_OBJDIR ".libs/"
| #define HAVE_LIBTERMCAP 1
| #define WIDECHAR 1
| #define HAVE_DIRENT_H 1
| #define STDC_HEADERS 1
| #define HAVE_FCNTL_H 1
| #define HAVE_LIMITS_H 1
| #define HAVE_MALLOC_H 1
| #define HAVE_STDLIB_H 1
| #define HAVE_STRING_H 1
| #define HAVE_SYS_PARAM_H 1
| #define HAVE_UNISTD_H 1
| /* end confdefs.h.  */
| #include <ncurses.h>
configure:13107: result: no
configure:13107: checking for ncurses.h
configure:13107: result: no
configure:13107: checking sys/cdefs.h usability
configure:13107: i686-w64-mingw32-gcc -c    conftest.c >&5
configure:13107: $? = 0
configure:13107: result: yes
configure:13107: checking sys/cdefs.h presence
configure:13107: i686-w64-mingw32-gcc -E  conftest.c
configure:13107: $? = 0
configure:13107: result: yes
configure:13107: checking for sys/cdefs.h
configure:13107: result: yes
configure:13107: checking termcap.h usability
configure:13107: i686-w64-mingw32-gcc -c    conftest.c >&5
configure:13107: $? = 0
configure:13107: result: yes
configure:13107: checking termcap.h presence
configure:13107: i686-w64-mingw32-gcc -E  conftest.c
configure:13107: $? = 0
configure:13107: result: yes
configure:13107: checking for termcap.h
configure:13107: result: yes
configure:13118: checking termios.h usability
configure:13118: i686-w64-mingw32-gcc -c    conftest.c >&5
conftest.c:73:10: fatal error: termios.h: No such file or directory
 #include <termios.h>
          ^~~~~~~~~~~
compilation terminated.
configure:13118: $? = 1
configure: failed program was:
| /* confdefs.h */
| #define PACKAGE_NAME "libedit"
| #define PACKAGE_TARNAME "libedit-20190310"
| #define PACKAGE_VERSION "3.1"
| #define PACKAGE_STRING "libedit 3.1"
| #define PACKAGE_BUGREPORT ""
| #define PACKAGE_URL ""
| #define STDC_HEADERS 1
| #define HAVE_SYS_TYPES_H 1
| #define HAVE_SYS_STAT_H 1
| #define HAVE_STDLIB_H 1
| #define HAVE_STRING_H 1
| #define HAVE_MEMORY_H 1
| #define HAVE_STRINGS_H 1
| #define HAVE_INTTYPES_H 1
| #define HAVE_STDINT_H 1
| #define HAVE_UNISTD_H 1
| #define __EXTENSIONS__ 1
| #define _ALL_SOURCE 1
| #define _GNU_SOURCE 1
| #define _POSIX_PTHREAD_SEMANTICS 1
| #define _TANDEM_SOURCE 1
| #define PACKAGE "libedit-20190310"
| #define VERSION "3.1"
| #define LT_OBJDIR ".libs/"
| #define HAVE_LIBTERMCAP 1
| #define WIDECHAR 1
| #define HAVE_DIRENT_H 1
| #define STDC_HEADERS 1
| #define HAVE_FCNTL_H 1
| #define HAVE_LIMITS_H 1
| #define HAVE_MALLOC_H 1
| #define HAVE_STDLIB_H 1
| #define HAVE_STRING_H 1
| #define HAVE_SYS_PARAM_H 1
| #define HAVE_UNISTD_H 1
| #define HAVE_SYS_CDEFS_H 1
| #define HAVE_TERMCAP_H 1
| /* end confdefs.h.  */
| #include <stdio.h>
| #ifdef HAVE_SYS_TYPES_H
| # include <sys/types.h>
| #endif
| #ifdef HAVE_SYS_STAT_H
| # include <sys/stat.h>
| #endif
| #ifdef STDC_HEADERS
| # include <stdlib.h>
| # include <stddef.h>
| #else
| # ifdef HAVE_STDLIB_H
| #  include <stdlib.h>
| # endif
| #endif
| #ifdef HAVE_STRING_H
| # if !defined STDC_HEADERS && defined HAVE_MEMORY_H
| #  include <memory.h>
| # endif
| # include <string.h>
| #endif
| #ifdef HAVE_STRINGS_H
| # include <strings.h>
| #endif
| #ifdef HAVE_INTTYPES_H
| # include <inttypes.h>
| #endif
| #ifdef HAVE_STDINT_H
| # include <stdint.h>
| #endif
| #ifdef HAVE_UNISTD_H
| # include <unistd.h>
| #endif
| #include <termios.h>
configure:13118: result: no
configure:13118: checking termios.h presence
configure:13118: i686-w64-mingw32-gcc -E  conftest.c
conftest.c:40:10: fatal error: termios.h: No such file or directory
 #include <termios.h>
          ^~~~~~~~~~~
compilation terminated.
configure:13118: $? = 1
configure: failed program was:
| /* confdefs.h */
| #define PACKAGE_NAME "libedit"
| #define PACKAGE_TARNAME "libedit-20190310"
| #define PACKAGE_VERSION "3.1"
| #define PACKAGE_STRING "libedit 3.1"
| #define PACKAGE_BUGREPORT ""
| #define PACKAGE_URL ""
| #define STDC_HEADERS 1
| #define HAVE_SYS_TYPES_H 1
| #define HAVE_SYS_STAT_H 1
| #define HAVE_STDLIB_H 1
| #define HAVE_STRING_H 1
| #define HAVE_MEMORY_H 1
| #define HAVE_STRINGS_H 1
| #define HAVE_INTTYPES_H 1
| #define HAVE_STDINT_H 1
| #define HAVE_UNISTD_H 1
| #define __EXTENSIONS__ 1
| #define _ALL_SOURCE 1
| #define _GNU_SOURCE 1
| #define _POSIX_PTHREAD_SEMANTICS 1
| #define _TANDEM_SOURCE 1
| #define PACKAGE "libedit-20190310"
| #define VERSION "3.1"
| #define LT_OBJDIR ".libs/"
| #define HAVE_LIBTERMCAP 1
| #define WIDECHAR 1
| #define HAVE_DIRENT_H 1
| #define STDC_HEADERS 1
| #define HAVE_FCNTL_H 1
| #define HAVE_LIMITS_H 1
| #define HAVE_MALLOC_H 1
| #define HAVE_STDLIB_H 1
| #define HAVE_STRING_H 1
| #define HAVE_SYS_PARAM_H 1
| #define HAVE_UNISTD_H 1
| #define HAVE_SYS_CDEFS_H 1
| #define HAVE_TERMCAP_H 1
| /* end confdefs.h.  */
| #include <termios.h>
configure:13118: result: no
configure:13118: checking for termios.h
configure:13118: result: no
configure:13122: error: termios.h is required!

## ---------------- ##
## Cache variables. ##
## ---------------- ##

ac_cv_build=x86_64-w64-mingw32
ac_cv_c_compiler_gnu=yes
ac_cv_env_CC_set=set
ac_cv_env_CC_value=i686-w64-mingw32-gcc
ac_cv_env_CFLAGS_set=set
ac_cv_env_CFLAGS_value=' '
ac_cv_env_CPPFLAGS_set=set
ac_cv_env_CPPFLAGS_value=
ac_cv_env_CPP_set=
ac_cv_env_CPP_value=
ac_cv_env_LDFLAGS_set=set
ac_cv_env_LDFLAGS_value=
ac_cv_env_LIBS_set=set
ac_cv_env_LIBS_value=
ac_cv_env_LT_SYS_LIBRARY_PATH_set=
ac_cv_env_LT_SYS_LIBRARY_PATH_value=
ac_cv_env_build_alias_set=
ac_cv_env_build_alias_value=
ac_cv_env_host_alias_set=
ac_cv_env_host_alias_value=
ac_cv_env_target_alias_set=
ac_cv_env_target_alias_value=
ac_cv_exeext=.exe
ac_cv_header_curses_h=no
ac_cv_header_dirent_dirent_h=yes
ac_cv_header_dlfcn_h=no
ac_cv_header_fcntl_h=yes
ac_cv_header_inttypes_h=yes
ac_cv_header_limits_h=yes
ac_cv_header_malloc_h=yes
ac_cv_header_memory_h=yes
ac_cv_header_minix_config_h=no
ac_cv_header_ncurses_h=no
ac_cv_header_stdc=yes
ac_cv_header_stdint_h=yes
ac_cv_header_stdlib_h=yes
ac_cv_header_string_h=yes
ac_cv_header_strings_h=yes
ac_cv_header_sys_cdefs_h=yes
ac_cv_header_sys_ioctl_h=no
ac_cv_header_sys_param_h=yes
ac_cv_header_sys_stat_h=yes
ac_cv_header_sys_types_h=yes
ac_cv_header_sys_wait_h=no
ac_cv_header_termcap_h=yes
ac_cv_header_termios_h=no
ac_cv_header_unistd_h=yes
ac_cv_host=x86_64-w64-mingw32
ac_cv_lib_termcap_tgetent=yes
ac_cv_lib_terminfo_tgetent=no
ac_cv_lib_tinfo_tgetent=no
ac_cv_objext=o
ac_cv_path_EGREP='/usr/bin/grep -E'
ac_cv_path_FGREP='/usr/bin/grep -F'
ac_cv_path_GREP=/usr/bin/grep
ac_cv_path_NROFF=/usr/bin/nroff
ac_cv_path_SED=/usr/bin/sed
ac_cv_path_install='/usr/bin/install -c'
ac_cv_path_lt_DD=/usr/bin/dd
ac_cv_path_mkdir=/usr/bin/mkdir
ac_cv_prog_AWK=gawk
ac_cv_prog_CPP='i686-w64-mingw32-gcc -E'
ac_cv_prog_ac_ct_AR=ar
ac_cv_prog_ac_ct_CC=i686-w64-mingw32-gcc
ac_cv_prog_ac_ct_DLLTOOL=dlltool
ac_cv_prog_ac_ct_OBJDUMP=objdump
ac_cv_prog_ac_ct_RANLIB=ranlib
ac_cv_prog_ac_ct_STRIP=strip
ac_cv_prog_cc_c89=
ac_cv_prog_cc_c99=
ac_cv_prog_cc_g=yes
ac_cv_prog_make_make_set=yes
ac_cv_safe_to_define___extensions__=yes
ac_cv_search_opendir='none required'
am_cv_CC_dependencies_compiler_type=gcc3
am_cv_make_support_nested_variables=yes
am_cv_prog_cc_c_o=yes
lt_cv_ar_at_file=@
lt_cv_archive_cmds_need_lc=yes
lt_cv_deplibs_check_method='file_magic ^x86 archive import|^x86 DLL'
lt_cv_file_magic_cmd=func_win32_libid
lt_cv_file_magic_test_file=
lt_cv_ld_reload_flag=-r
lt_cv_nm_interface='BSD nm'
lt_cv_objdir=.libs
lt_cv_path_LD=C:/msys64/mingw32/i686-w64-mingw32/bin/ld.exe
lt_cv_path_NM='/mingw64/bin/nm -B'
lt_cv_path_mainfest_tool=no
lt_cv_prog_compiler_c_o=yes
lt_cv_prog_compiler_pic='-DDLL_EXPORT -DPIC'
lt_cv_prog_compiler_pic_works=yes
lt_cv_prog_compiler_rtti_exceptions=no
lt_cv_prog_compiler_static_works=yes
lt_cv_prog_gnu_ld=yes
lt_cv_sharedlib_from_linklib_cmd=func_cygming_dll_for_implib
lt_cv_sys_global_symbol_pipe='sed -n -e '\''s/^.*[	 ]\([ABCDGIRSTW][ABCDGIRSTW]*\)[	 ][	 ]*_\([_A-Za-z][_A-Za-z0-9]*\)\{0,1\}$/\1 _\2 \2/p'\'' | sed '\''/ __gnu_lto/d'\'''
lt_cv_sys_global_symbol_to_c_name_address='sed -n -e '\''s/^: \(.*\) .*$/  {"\1", (void *) 0},/p'\'' -e '\''s/^[ABCDGIRSTW][ABCDGIRSTW]* .* \(.*\)$/  {"\1", (void *) \&\1},/p'\'''
lt_cv_sys_global_symbol_to_c_name_address_lib_prefix='sed -n -e '\''s/^: \(.*\) .*$/  {"\1", (void *) 0},/p'\'' -e '\''s/^[ABCDGIRSTW][ABCDGIRSTW]* .* \(lib.*\)$/  {"\1", (void *) \&\1},/p'\'' -e '\''s/^[ABCDGIRSTW][ABCDGIRSTW]* .* \(.*\)$/  {"lib\1", (void *) \&\1},/p'\'''
lt_cv_sys_global_symbol_to_cdecl='sed -n -e '\''s/^T .* \(.*\)$/extern int \1();/p'\'' -e '\''s/^[ABCDGIRSTW][ABCDGIRSTW]* .* \(.*\)$/extern char \1;/p'\'''
lt_cv_sys_global_symbol_to_import=
lt_cv_sys_max_cmd_len=8192
lt_cv_to_host_file_cmd=func_convert_file_msys_to_w32
lt_cv_to_tool_file_cmd=func_convert_file_msys_to_w32
lt_cv_truncate_bin='/usr/bin/dd bs=4096 count=1'

## ----------------- ##
## Output variables. ##
## ----------------- ##

ACLOCAL='${SHELL} /f/REDUCE-SVN/trunk/libraries/libedit-20140620-3.1/missing aclocal-1.16'
AMDEPBACKSLASH='\'
AMDEP_FALSE='#'
AMDEP_TRUE=''
AMTAR='$${TAR-tar}'
AM_BACKSLASH='\'
AM_DEFAULT_V='$(AM_DEFAULT_VERBOSITY)'
AM_DEFAULT_VERBOSITY='0'
AM_V='$(V)'
AR='ar'
AUTOCONF='${SHELL} /f/REDUCE-SVN/trunk/libraries/libedit-20140620-3.1/missing autoconf'
AUTOHEADER='${SHELL} /f/REDUCE-SVN/trunk/libraries/libedit-20140620-3.1/missing autoheader'
AUTOMAKE='${SHELL} /f/REDUCE-SVN/trunk/libraries/libedit-20140620-3.1/missing automake-1.16'
AWK='gawk'
CC='i686-w64-mingw32-gcc'
CCDEPMODE='depmode=gcc3'
CFLAGS=' '
CPP='i686-w64-mingw32-gcc -E'
CPPFLAGS=''
CYGPATH_W='cygpath -w'
DEFS=''
DEPDIR='.deps'
DLLTOOL='dlltool'
DSYMUTIL=''
DUMPBIN=''
ECHO_C=''
ECHO_N='-n'
ECHO_T=''
EGREP='/usr/bin/grep -E'
ENABLE_EXAMPLES_FALSE='#'
ENABLE_EXAMPLES_TRUE=''
EXEEXT='.exe'
FGREP='/usr/bin/grep -F'
GREP='/usr/bin/grep'
HAVE_STRLCAT_FALSE=''
HAVE_STRLCAT_TRUE=''
HAVE_STRLCPY_FALSE=''
HAVE_STRLCPY_TRUE=''
HAVE_UNVIS_FALSE=''
HAVE_UNVIS_TRUE=''
HAVE_VIS_FALSE=''
HAVE_VIS_TRUE=''
INSTALL_DATA='${INSTALL} -m 644'
INSTALL_PROGRAM='${INSTALL}'
INSTALL_SCRIPT='${INSTALL}'
INSTALL_STRIP_PROGRAM='$(install_sh) -c -s'
LD='C:/msys64/mingw32/i686-w64-mingw32/bin/ld.exe'
LDFLAGS=''
LIBOBJS=''
LIBS='-ltermcap '
LIBTOOL='$(SHELL) $(top_builddir)/libtool'
LIPO=''
LN_S='cp -pR'
LTLIBOBJS=''
LT_SYS_LIBRARY_PATH=''
LT_VERSION='0:51:0'
MAKEINFO='${SHELL} /f/REDUCE-SVN/trunk/libraries/libedit-20140620-3.1/missing makeinfo'
MANIFEST_TOOL=':'
MANTYPE='mdoc'
MKDIR_P='/usr/bin/mkdir -p'
NM='/mingw64/bin/nm -B'
NMEDIT=''
NROFF='/usr/bin/nroff'
OBJDUMP='objdump'
OBJEXT='o'
OTOOL64=''
OTOOL=''
PACKAGE='libedit-20190310'
PACKAGE_BUGREPORT=''
PACKAGE_NAME='libedit'
PACKAGE_STRING='libedit 3.1'
PACKAGE_TARNAME='libedit-20190310'
PACKAGE_URL=''
PACKAGE_VERSION='3.1'
PATH_SEPARATOR=':'
RANLIB='ranlib'
SED='/usr/bin/sed'
SET_MAKE=''
SHELL='/bin/sh'
STRIP='strip'
VERSION='3.1'
WIDECHAR_FALSE='#'
WIDECHAR_TRUE=''
ac_ct_AR='ar'
ac_ct_CC='i686-w64-mingw32-gcc'
ac_ct_DUMPBIN=''
am__EXEEXT_FALSE=''
am__EXEEXT_TRUE=''
am__fastdepCC_FALSE='#'
am__fastdepCC_TRUE=''
am__include='include'
am__isrc=' -I$(srcdir)'
am__leading_dot='.'
am__nodep='_no'
am__quote=''
am__tar='$${TAR-tar} chof - "$$tardir"'
am__untar='$${TAR-tar} xf -'
bindir='${exec_prefix}/bin'
build='x86_64-w64-mingw32'
build_alias='x86_64-w64-mingw32'
build_cpu='x86_64'
build_os='mingw32'
build_vendor='w64'
datadir='${datarootdir}'
datarootdir='${prefix}/share'
docdir='${datarootdir}/doc/${PACKAGE_TARNAME}'
dvidir='${docdir}'
exec_prefix='NONE'
host='x86_64-w64-mingw32'
host_alias=''
host_cpu='x86_64'
host_os='mingw32'
host_vendor='w64'
htmldir='${docdir}'
includedir='/f/REDUCE-SVN/trunk/cslbuild/i686-pc-windows/include'
infodir='${datarootdir}/info'
install_sh='${SHELL} /f/REDUCE-SVN/trunk/libraries/libedit-20140620-3.1/install-sh'
libdir='/f/REDUCE-SVN/trunk/cslbuild/i686-pc-windows/lib'
libexecdir='${exec_prefix}/libexec'
localedir='${datarootdir}/locale'
localstatedir='${prefix}/var'
mandir='${datarootdir}/man'
mkdir_p='$(MKDIR_P)'
oldincludedir='/usr/include'
pdfdir='${docdir}'
prefix='/f/REDUCE-SVN/trunk/cslbuild/i686-pc-windows'
program_transform_name='s,x,x,'
psdir='${docdir}'
sbindir='${exec_prefix}/sbin'
sharedstatedir='${prefix}/com'
sysconfdir='${prefix}/etc'
target_alias=''

## ----------- ##
## confdefs.h. ##
## ----------- ##

/* confdefs.h */
#define PACKAGE_NAME "libedit"
#define PACKAGE_TARNAME "libedit-20190310"
#define PACKAGE_VERSION "3.1"
#define PACKAGE_STRING "libedit 3.1"
#define PACKAGE_BUGREPORT ""
#define PACKAGE_URL ""
#define STDC_HEADERS 1
#define HAVE_SYS_TYPES_H 1
#define HAVE_SYS_STAT_H 1
#define HAVE_STDLIB_H 1
#define HAVE_STRING_H 1
#define HAVE_MEMORY_H 1
#define HAVE_STRINGS_H 1
#define HAVE_INTTYPES_H 1
#define HAVE_STDINT_H 1
#define HAVE_UNISTD_H 1
#define __EXTENSIONS__ 1
#define _ALL_SOURCE 1
#define _GNU_SOURCE 1
#define _POSIX_PTHREAD_SEMANTICS 1
#define _TANDEM_SOURCE 1
#define PACKAGE "libedit-20190310"
#define VERSION "3.1"
#define LT_OBJDIR ".libs/"
#define HAVE_LIBTERMCAP 1
#define WIDECHAR 1
#define HAVE_DIRENT_H 1
#define STDC_HEADERS 1
#define HAVE_FCNTL_H 1
#define HAVE_LIMITS_H 1
#define HAVE_MALLOC_H 1
#define HAVE_STDLIB_H 1
#define HAVE_STRING_H 1
#define HAVE_SYS_PARAM_H 1
#define HAVE_UNISTD_H 1
#define HAVE_SYS_CDEFS_H 1
#define HAVE_TERMCAP_H 1

configure: exit 1
