This file contains any messages produced by compilers while
running configure, to aid debugging if configure makes a mistake.

It was created by SoftFP configure 3a, which was
generated by GNU Autoconf 2.69.  Invocation command line was

  $ /f/REDUCE-SVN/trunk/libraries/SoftFloat-3a/source/configure -C --config-cache CC= CXX= CPPFLAGS= CFLAGS= CXXFLAGS= LDFLAGS= LIBS= --host=x86_64-w64-mingw32 host_alias=x86_64-w64-mingw32 --host=x86_64-w64-mingw32 CPPFLAGS= CFLAGS=  CXXFLAGS=  LDFLAGS= CC=x86_64-w64-mingw32-gcc CPP=x86_64-w64-mingw32-gcc -E CXX=x86_64-w64-mingw32-g++ CXXCPP=x86_64-w64-mingw32-g++ -E --prefix=/f/REDUCE-SVN/trunk/cslbuild/x86_64-pc-windows --libdir=/f/REDUCE-SVN/trunk/cslbuild/x86_64-pc-windows/lib --includedir=/f/REDUCE-SVN/trunk/cslbuild/x86_64-pc-windows/include

## --------- ##
## Platform. ##
## --------- ##

hostname = NUC
uname -m = x86_64
uname -r = 2.11.2(0.329/5/3)
uname -s = MINGW64_NT-6.1
uname -v = 2018-11-10 14:38

/usr/bin/uname -p = unknown
/bin/uname -X     = unknown

/bin/arch              = x86_64
/usr/bin/arch -k       = unknown
/usr/convex/getsysinfo = unknown
/usr/bin/hostinfo      = unknown
/bin/machine           = unknown
/usr/bin/oslevel       = unknown
/bin/universe          = unknown

PATH: /c/Users/kfp/bin
PATH: /mingw64/bin
PATH: /usr/local/bin
PATH: /usr/bin
PATH: /bin
PATH: /mingw64/bin
PATH: /usr/bin
PATH: /c/Users/kfp/bin
PATH: /c/Program Files/Haskell/bin
PATH: /c/Program Files/Haskell Platform/8.6.3/lib/extralibs/bin
PATH: /c/Program Files/Haskell Platform/8.6.3/bin
PATH: /c/emsdk-portable-64bit
PATH: /c/emsdk-portable-64bit/clang/e1.38.21_64bit
PATH: /c/emsdk-portable-64bit/node/8.9.1_64bit/bin
PATH: /c/emsdk-portable-64bit/python/2.7.13.1_64bit/python-2.7.13.amd64
PATH: /c/emsdk-portable-64bit/java/8.152_64bit/bin
PATH: /c/emsdk-portable-64bit/emscripten/1.38.21
PATH: /c/Program Files/Microsoft MPI/Bin
PATH: /c/ProgramData/Oracle/Java/javapath
PATH: /c/Python27
PATH: /c/Python27/Scripts
PATH: /c/Program Files/Common Files/Microsoft Shared/Windows Live
PATH: /c/Program Files (x86)/Common Files/Microsoft Shared/Windows Live
PATH: /c/Program Files (x86)/Intel/iCLS Client
PATH: /c/Program Files/Intel/iCLS Client
PATH: /c/Windows/system32
PATH: /c/Windows
PATH: /c/Windows/System32/Wbem
PATH: /c/Windows/System32/WindowsPowerShell/v1.0
PATH: /c/Program Files/Intel/Intel(R) Management Engine Components/DAL
PATH: /c/Program Files (x86)/Intel/Intel(R) Management Engine Components/DAL
PATH: /c/Program Files/Intel/Intel(R) Management Engine Components/IPT
PATH: /c/Program Files (x86)/Intel/Intel(R) Management Engine Components/IPT
PATH: /c/Program Files/Intel/WiFi/bin
PATH: /c/Program Files/Common Files/Intel/WirelessCommon
PATH: /c/Program Files (x86)/Windows Live/Shared
PATH: /c/Program Files/PuTTY
PATH: /c/Program Files/TortoiseHg
PATH: /c/Program Files/jEdit
PATH: /c/Program Files/MiKTeX 2.9/miktex/bin/x64
PATH: /c/Program Files/gnuplot/bin
PATH: /c/Program Files/TortoiseSVN/bin
PATH: /c/Program Files/nodejs
PATH: /c/jEdit
PATH: /c/Windows/System32/WindowsPowerShell/v1.0
PATH: /c/Program Files (x86)/GnuPG/bin
PATH: /c/Program Files/Asymptote
PATH: /c/msys64/mingw64/bin
PATH: /c/lean-3.4.1-windows/bin
PATH: /c/Windows/System32/WindowsPowerShell/v1.0
PATH: /c/Program Files (x86)/JoeEditor
PATH: /c/Program Files/Git/cmd
PATH: /c/SBCL/1.4.14
PATH: /c/Program Files/Haskell Platform/8.6.3/mingw/bin
PATH: /c/Program Files/TortoiseGit/bin
PATH: /c/Users/kfp/AppData/Local/Programs/Python/Python37/Scripts
PATH: /c/Users/kfp/AppData/Local/Programs/Python/Python37
PATH: /c/Users/kfp/AppData/Roaming/cabal/bin
PATH: /c/Users/kfp/AppData/Roaming/local/bin
PATH: /c/msys64/mingw32/bin
PATH: /c/msys64/mingw32/lib/pure
PATH: /c/Aldor/bin
PATH: /c/Pure
PATH: /c/Pure/lib
PATH: /c/Users/kfp/AppData/Roaming/npm
PATH: /c/Program Files (x86)/GNU/units
PATH: /c/Users/kfp/AppData/Local/atom/bin
PATH: /c/Gle4/bin
PATH: /c/Users/kfp/AppData/Local/Programs/Microsoft VS Code/bin
PATH: /c/Users/kfp/AppData/Local/hyper/app-2.1.0-canary2/resources/bin
PATH: /c/LLVM/bin
PATH: /c/Users/kfp/AppData/Local/Pandoc
PATH: /usr/bin/vendor_perl
PATH: /usr/bin/core_perl


## ----------- ##
## Core tests. ##
## ----------- ##

configure:2212: loading site script /mingw64/etc/config.site
| # This file is in public domain.
| # Original author: Karlson2k (Evgeny Grin)
| # Written for MSys2/MinGW64 to help running 'configure' scripts
| 
| # Defaults for MinGW64-targeted programs
| 
| # Set proper selfname on bash and fallback to default name on other shells
| test -n "${BASH_SOURCE}" 2>/dev/null && config_site_me="${BASH_SOURCE[0]##*/}" || config_site_me=config.site
| 
| # Set default 'host' to speedup configure
| if test -z "$build_alias"; then
|   build_alias="${MSYSTEM_CHOST-x86_64-w64-mingw32}" && \
|     ${as_echo-echo} "$config_site_me:${as_lineno-$LINENO}: default build_alias set to $build_alias" >&5
| fi
| 
| # Set default 'prefix' to "/mingw64"
| if ( test -z "$prefix" || test "x$prefix" = "xNONE" ) && \
|    ( test -z "$exec_prefix" || test "x$exec_prefix" = "xNONE" ); then
|   prefix="${MSYSTEM_PREFIX-/mingw64}" && \
|     ${as_echo-echo} "$config_site_me:${as_lineno-$LINENO}: default prefix set to $prefix" >&5
| fi
config.site:13: default build_alias set to x86_64-w64-mingw32
configure:2235: creating cache config.cache
configure:2354: checking for a BSD-compatible install
configure:2422: result: /usr/bin/install -c
configure:2433: checking whether build environment is sane
configure:2488: result: yes
configure:2547: checking for x86_64-w64-mingw32-strip
configure:2577: result: no
configure:2587: checking for strip
configure:2603: found /mingw64/bin/strip
configure:2614: result: strip
configure:2639: checking for a thread-safe mkdir -p
configure:2678: result: /usr/bin/mkdir -p
configure:2685: checking for gawk
configure:2701: found /usr/bin/gawk
configure:2712: result: gawk
configure:2723: checking whether make sets $(MAKE)
configure:2745: result: yes
configure:2774: checking whether make supports nested variables
configure:2791: result: yes
configure:2955: checking build system type
configure:2969: result: x86_64-w64-mingw32
configure:2989: checking host system type
configure:3002: result: x86_64-w64-mingw32
configure:3043: checking how to print strings
configure:3070: result: printf
configure:3103: checking for style of include used by make
configure:3131: result: GNU
configure:3162: checking for x86_64-w64-mingw32-gcc
configure:3189: result: x86_64-w64-mingw32-gcc
configure:3458: checking for C compiler version
configure:3467: x86_64-w64-mingw32-gcc --version >&5
x86_64-w64-mingw32-gcc.exe (Rev2, Built by MSYS2 project) 7.3.0
Copyright (C) 2017 Free Software Foundation, Inc.
This is free software; see the source for copying conditions.  There is NO
warranty; not even for MERCHANTABILITY or FITNESS FOR A PARTICULAR PURPOSE.

configure:3478: $? = 0
configure:3467: x86_64-w64-mingw32-gcc -v >&5
Using built-in specs.
COLLECT_GCC=C:\git-sdk-64\mingw64\bin\x86_64-w64-mingw32-gcc.exe
COLLECT_LTO_WRAPPER=C:/git-sdk-64/mingw64/bin/../lib/gcc/x86_64-w64-mingw32/7.3.0/lto-wrapper.exe
Target: x86_64-w64-mingw32
Configured with: ../gcc-7.3.0/configure --prefix=/mingw64 --with-local-prefix=/mingw64/local --build=x86_64-w64-mingw32 --host=x86_64-w64-mingw32 --target=x86_64-w64-mingw32 --with-native-system-header-dir=/mingw64/x86_64-w64-mingw32/include --libexecdir=/mingw64/lib --enable-bootstrap --with-arch=x86-64 --with-tune=generic --enable-languages=c,lto,c++,objc,obj-c++,fortran,ada --enable-shared --enable-static --enable-libatomic --enable-threads=posix --enable-graphite --enable-fully-dynamic-string --enable-libstdcxx-time=yes --enable-libstdcxx-filesystem-ts=yes --disable-libstdcxx-pch --disable-libstdcxx-debug --disable-isl-version-check --enable-lto --enable-libgomp --disable-multilib --enable-checking=release --disable-rpath --disable-win32-registry --disable-nls --disable-werror --disable-symvers --with-libiconv --with-system-zlib --with-gmp=/mingw64 --with-mpfr=/mingw64 --with-mpc=/mingw64 --with-isl=/mingw64 --with-pkgversion='Rev2, Built by MSYS2 project' --with-bugurl=https://sourceforge.net/projects/msys2 --with-gnu-as --with-gnu-ld
Thread model: posix
gcc version 7.3.0 (Rev2, Built by MSYS2 project) 
configure:3478: $? = 0
configure:3467: x86_64-w64-mingw32-gcc -V >&5
x86_64-w64-mingw32-gcc.exe: error: unrecognized command line option '-V'
x86_64-w64-mingw32-gcc.exe: fatal error: no input files
compilation terminated.
configure:3478: $? = 1
configure:3467: x86_64-w64-mingw32-gcc -qversion >&5
x86_64-w64-mingw32-gcc.exe: error: unrecognized command line option '-qversion'; did you mean '--version'?
x86_64-w64-mingw32-gcc.exe: fatal error: no input files
compilation terminated.
configure:3478: $? = 1
configure:3498: checking whether the C compiler works
configure:3520: x86_64-w64-mingw32-gcc     conftest.c  >&5
configure:3524: $? = 0
configure:3572: result: yes
configure:3575: checking for C compiler default output file name
configure:3577: result: a.exe
configure:3583: checking for suffix of executables
configure:3590: x86_64-w64-mingw32-gcc -o conftest.exe     conftest.c  >&5
configure:3594: $? = 0
configure:3616: result: .exe
configure:3638: checking whether we are cross compiling
configure:3646: x86_64-w64-mingw32-gcc -o conftest.exe     conftest.c  >&5
configure:3650: $? = 0
configure:3657: ./conftest.exe
configure:3661: $? = 0
configure:3676: result: no
configure:3681: checking for suffix of object files
configure:3703: x86_64-w64-mingw32-gcc -c    conftest.c >&5
configure:3707: $? = 0
configure:3728: result: o
configure:3732: checking whether we are using the GNU C compiler
configure:3751: x86_64-w64-mingw32-gcc -c    conftest.c >&5
configure:3751: $? = 0
configure:3760: result: yes
configure:3769: checking whether x86_64-w64-mingw32-gcc accepts -g
configure:3789: x86_64-w64-mingw32-gcc -c -g  conftest.c >&5
configure:3789: $? = 0
configure:3830: result: yes
configure:3847: checking for x86_64-w64-mingw32-gcc option to accept ISO C89
configure:3910: x86_64-w64-mingw32-gcc  -c    conftest.c >&5
configure:3910: $? = 0
configure:3923: result: none needed
configure:3948: checking whether x86_64-w64-mingw32-gcc understands -c and -o together
configure:3970: x86_64-w64-mingw32-gcc -c conftest.c -o conftest2.o
configure:3973: $? = 0
configure:3970: x86_64-w64-mingw32-gcc -c conftest.c -o conftest2.o
configure:3973: $? = 0
configure:3985: result: yes
configure:4004: checking dependency style of x86_64-w64-mingw32-gcc
configure:4115: result: gcc3
configure:4130: checking for a sed that does not truncate output
configure:4194: result: /usr/bin/sed
configure:4212: checking for grep that handles long lines and -e
configure:4270: result: /usr/bin/grep
configure:4275: checking for egrep
configure:4337: result: /usr/bin/grep -E
configure:4342: checking for fgrep
configure:4404: result: /usr/bin/grep -F
configure:4439: checking for ld used by x86_64-w64-mingw32-gcc
configure:4506: result: C:/git-sdk-64/mingw64/x86_64-w64-mingw32/bin/ld.exe
configure:4513: checking if the linker (C:/git-sdk-64/mingw64/x86_64-w64-mingw32/bin/ld.exe) is GNU ld
configure:4528: result: yes
configure:4540: checking for BSD- or MS-compatible name lister (nm)
configure:4594: result: /mingw64/bin/nm -B
configure:4724: checking the name lister (/mingw64/bin/nm -B) interface
configure:4731: x86_64-w64-mingw32-gcc -c    conftest.c >&5
configure:4734: /mingw64/bin/nm -B "conftest.o"
configure:4737: output
0000000000000000 b .bss
0000000000000000 d .data
0000000000000000 r .rdata$zzz
0000000000000000 t .text
0000000000000000 B some_variable
configure:4744: result: BSD nm
configure:4747: checking whether ln -s works
configure:4754: result: no, using cp -pR
configure:4759: checking the maximum length of command line arguments
configure:4890: result: 8192
configure:4938: checking how to convert x86_64-w64-mingw32 file names to x86_64-w64-mingw32 format
configure:4978: result: func_convert_file_msys_to_w32
configure:4985: checking how to convert x86_64-w64-mingw32 file names to toolchain format
configure:5005: result: func_convert_file_msys_to_w32
configure:5012: checking for C:/git-sdk-64/mingw64/x86_64-w64-mingw32/bin/ld.exe option to reload object files
configure:5019: result: -r
configure:5053: checking for x86_64-w64-mingw32-objdump
configure:5083: result: no
configure:5093: checking for objdump
configure:5109: found /mingw64/bin/objdump
configure:5120: result: objdump
configure:5152: checking how to recognize dependent libraries
configure:5352: result: file_magic ^x86 archive import|^x86 DLL
configure:5397: checking for x86_64-w64-mingw32-dlltool
configure:5427: result: no
configure:5437: checking for dlltool
configure:5453: found /mingw64/bin/dlltool
configure:5464: result: dlltool
configure:5497: checking how to associate runtime and link libraries
configure:5524: result: func_cygming_dll_for_implib
configure:5541: checking for x86_64-w64-mingw32-ar
configure:5571: result: no
configure:5585: checking for ar
configure:5601: found /mingw64/bin/ar
configure:5612: result: ar
configure:5649: checking for archiver @FILE support
configure:5666: x86_64-w64-mingw32-gcc -c    conftest.c >&5
configure:5666: $? = 0
configure:5669: ar cru libconftest.a @conftest.lst >&5
configure:5672: $? = 0
configure:5677: ar cru libconftest.a @conftest.lst >&5
C:\git-sdk-64\mingw64\bin\ar.exe: conftest.o: No such file or directory
configure:5680: $? = 1
configure:5692: result: @
configure:5710: checking for x86_64-w64-mingw32-strip
configure:5737: result: strip
configure:5809: checking for x86_64-w64-mingw32-ranlib
configure:5839: result: no
configure:5849: checking for ranlib
configure:5865: found /mingw64/bin/ranlib
configure:5876: result: ranlib
configure:5978: checking command to parse /mingw64/bin/nm -B output from x86_64-w64-mingw32-gcc object
configure:6131: x86_64-w64-mingw32-gcc -c    conftest.c >&5
configure:6134: $? = 0
configure:6138: /mingw64/bin/nm -B conftest.o \| sed -n -e 's/^.*[ ]\([ABCDGIRSTW][ABCDGIRSTW]*\)[ ][ ]*\([_A-Za-z][_A-Za-z0-9]*\)\{0,1\}$/\1 \2 \2/p' | sed '/ __gnu_lto/d' \> conftest.nm
configure:6141: $? = 0
configure:6207: x86_64-w64-mingw32-gcc -o conftest.exe     conftest.c conftstm.o >&5
configure:6210: $? = 0
configure:6248: result: ok
configure:6295: checking for sysroot
configure:6325: result: no
configure:6332: checking for a working dd
configure:6370: result: /usr/bin/dd
configure:6374: checking how to truncate binary pipes
configure:6389: result: /usr/bin/dd bs=4096 count=1
configure:6678: checking for x86_64-w64-mingw32-mt
configure:6708: result: no
configure:6718: checking for mt
configure:6748: result: no
configure:6768: checking if : is a manifest tool
configure:6774: : '-?'
configure:6782: result: no
configure:7459: checking how to run the C preprocessor
configure:7529: result: x86_64-w64-mingw32-gcc -E
configure:7549: x86_64-w64-mingw32-gcc -E  conftest.c
configure:7549: $? = 0
configure:7563: x86_64-w64-mingw32-gcc -E  conftest.c
conftest.c:11:10: fatal error: ac_nonexistent.h: No such file or directory
 #include <ac_nonexistent.h>
          ^~~~~~~~~~~~~~~~~~
compilation terminated.
configure:7563: $? = 1
configure: failed program was:
| /* confdefs.h */
| #define PACKAGE_NAME "SoftFP"
| #define PACKAGE_TARNAME "softfp"
| #define PACKAGE_VERSION "3a"
| #define PACKAGE_STRING "SoftFP 3a"
| #define PACKAGE_BUGREPORT ""
| #define PACKAGE_URL ""
| #define PACKAGE "softfp"
| #define VERSION "3a"
| /* end confdefs.h.  */
| #include <ac_nonexistent.h>
configure:7592: checking for ANSI C header files
configure:7612: x86_64-w64-mingw32-gcc -c    conftest.c >&5
configure:7612: $? = 0
configure:7685: x86_64-w64-mingw32-gcc -o conftest.exe     conftest.c  >&5
configure:7685: $? = 0
configure:7685: ./conftest.exe
configure:7685: $? = 0
configure:7696: result: yes
configure:7709: checking for sys/types.h
configure:7709: x86_64-w64-mingw32-gcc -c    conftest.c >&5
configure:7709: $? = 0
configure:7709: result: yes
configure:7709: checking for sys/stat.h
configure:7709: x86_64-w64-mingw32-gcc -c    conftest.c >&5
configure:7709: $? = 0
configure:7709: result: yes
configure:7709: checking for stdlib.h
configure:7709: x86_64-w64-mingw32-gcc -c    conftest.c >&5
configure:7709: $? = 0
configure:7709: result: yes
configure:7709: checking for string.h
configure:7709: x86_64-w64-mingw32-gcc -c    conftest.c >&5
configure:7709: $? = 0
configure:7709: result: yes
configure:7709: checking for memory.h
configure:7709: x86_64-w64-mingw32-gcc -c    conftest.c >&5
configure:7709: $? = 0
configure:7709: result: yes
configure:7709: checking for strings.h
configure:7709: x86_64-w64-mingw32-gcc -c    conftest.c >&5
configure:7709: $? = 0
configure:7709: result: yes
configure:7709: checking for inttypes.h
configure:7709: x86_64-w64-mingw32-gcc -c    conftest.c >&5
configure:7709: $? = 0
configure:7709: result: yes
configure:7709: checking for stdint.h
configure:7709: x86_64-w64-mingw32-gcc -c    conftest.c >&5
configure:7709: $? = 0
configure:7709: result: yes
configure:7709: checking for unistd.h
configure:7709: x86_64-w64-mingw32-gcc -c    conftest.c >&5
configure:7709: $? = 0
configure:7709: result: yes
configure:7723: checking for dlfcn.h
configure:7723: x86_64-w64-mingw32-gcc -c    conftest.c >&5
conftest.c:55:10: fatal error: dlfcn.h: No such file or directory
 #include <dlfcn.h>
          ^~~~~~~~~
compilation terminated.
configure:7723: $? = 1
configure: failed program was:
| /* confdefs.h */
| #define PACKAGE_NAME "SoftFP"
| #define PACKAGE_TARNAME "softfp"
| #define PACKAGE_VERSION "3a"
| #define PACKAGE_STRING "SoftFP 3a"
| #define PACKAGE_BUGREPORT ""
| #define PACKAGE_URL ""
| #define PACKAGE "softfp"
| #define VERSION "3a"
| #define STDC_HEADERS 1
| #define HAVE_SYS_TYPES_H 1
| #define HAVE_SYS_STAT_H 1
| #define HAVE_STDLIB_H 1
| #define HAVE_STRING_H 1
| #define HAVE_MEMORY_H 1
| #define HAVE_STRINGS_H 1
| #define HAVE_INTTYPES_H 1
| #define HAVE_STDINT_H 1
| #define HAVE_UNISTD_H 1
| /* end confdefs.h.  */
| #include <stdio.h>
| #ifdef HAVE_SYS_TYPES_H
| # include <sys/types.h>
| #endif
| #ifdef HAVE_SYS_STAT_H
| # include <sys/stat.h>
| #endif
| #ifdef STDC_HEADERS
| # include <stdlib.h>
| # include <stddef.h>
| #else
| # ifdef HAVE_STDLIB_H
| #  include <stdlib.h>
| # endif
| #endif
| #ifdef HAVE_STRING_H
| # if !defined STDC_HEADERS && defined HAVE_MEMORY_H
| #  include <memory.h>
| # endif
| # include <string.h>
| #endif
| #ifdef HAVE_STRINGS_H
| # include <strings.h>
| #endif
| #ifdef HAVE_INTTYPES_H
| # include <inttypes.h>
| #endif
| #ifdef HAVE_STDINT_H
| # include <stdint.h>
| #endif
| #ifdef HAVE_UNISTD_H
| # include <unistd.h>
| #endif
| 
| #include <dlfcn.h>
configure:7723: result: no
configure:7979: checking for objdir
configure:7994: result: .libs
configure:8258: checking if x86_64-w64-mingw32-gcc supports -fno-rtti -fno-exceptions
configure:8276: x86_64-w64-mingw32-gcc -c    -fno-rtti -fno-exceptions conftest.c >&5
cc1.exe: warning: command line option '-fno-rtti' is valid for C++/ObjC++ but not for C
configure:8280: $? = 0
configure:8293: result: no
configure:8651: checking for x86_64-w64-mingw32-gcc option to produce PIC
configure:8658: result: -DDLL_EXPORT -DPIC
configure:8666: checking if x86_64-w64-mingw32-gcc PIC flag -DDLL_EXPORT -DPIC works
configure:8684: x86_64-w64-mingw32-gcc -c    -DDLL_EXPORT -DPIC -DPIC conftest.c >&5
configure:8688: $? = 0
configure:8701: result: yes
configure:8730: checking if x86_64-w64-mingw32-gcc static flag -static works
configure:8758: result: yes
configure:8773: checking if x86_64-w64-mingw32-gcc supports -c -o file.o
configure:8794: x86_64-w64-mingw32-gcc -c    -o out/conftest2.o conftest.c >&5
configure:8798: $? = 0
configure:8820: result: yes
configure:8828: checking if x86_64-w64-mingw32-gcc supports -c -o file.o
configure:8875: result: yes
configure:8908: checking whether the x86_64-w64-mingw32-gcc linker (C:/git-sdk-64/mingw64/x86_64-w64-mingw32/bin/ld.exe) supports shared libraries
configure:10168: result: yes
configure:10205: checking whether -lc should be explicitly linked in
configure:10213: x86_64-w64-mingw32-gcc -c    conftest.c >&5
configure:10216: $? = 0
configure:10231: x86_64-w64-mingw32-gcc -shared conftest.o  -v -o ./conftest -Wl,--enable-auto-image-base -Xlinker --out-implib -Xlinker conftest 2\>\&1 \| /usr/bin/grep  -lc  \>/dev/null 2\>\&1
configure:10234: $? = 1
configure:10248: result: yes
configure:10408: checking dynamic linker characteristics
configure:11232: result: Win32 ld.exe
configure:11354: checking how to hardcode library paths into programs
configure:11379: result: immediate
configure:11927: checking whether stripping libraries is possible
configure:11932: result: yes
configure:11967: checking if libtool supports shared libraries
configure:11969: result: yes
configure:11972: checking whether to build shared libraries
configure:11997: result: yes
configure:12000: checking whether to build static libraries
configure:12004: result: yes
configure:12042: checking whether byte ordering is bigendian
configure:12057: x86_64-w64-mingw32-gcc -c    conftest.c >&5
conftest.c:23:9: error: unknown type name 'not'
         not a universal capable compiler
         ^~~
conftest.c:23:15: error: expected '=', ',', ';', 'asm' or '__attribute__' before 'universal'
         not a universal capable compiler
               ^~~~~~~~~
conftest.c:23:15: error: unknown type name 'universal'
configure:12057: $? = 1
configure: failed program was:
| /* confdefs.h */
| #define PACKAGE_NAME "SoftFP"
| #define PACKAGE_TARNAME "softfp"
| #define PACKAGE_VERSION "3a"
| #define PACKAGE_STRING "SoftFP 3a"
| #define PACKAGE_BUGREPORT ""
| #define PACKAGE_URL ""
| #define PACKAGE "softfp"
| #define VERSION "3a"
| #define STDC_HEADERS 1
| #define HAVE_SYS_TYPES_H 1
| #define HAVE_SYS_STAT_H 1
| #define HAVE_STDLIB_H 1
| #define HAVE_STRING_H 1
| #define HAVE_MEMORY_H 1
| #define HAVE_STRINGS_H 1
| #define HAVE_INTTYPES_H 1
| #define HAVE_STDINT_H 1
| #define HAVE_UNISTD_H 1
| #define LT_OBJDIR ".libs/"
| /* end confdefs.h.  */
| #ifndef __APPLE_CC__
| 	       not a universal capable compiler
| 	     #endif
| 	     typedef int dummy;
| 
configure:12102: x86_64-w64-mingw32-gcc -c    conftest.c >&5
configure:12102: $? = 0
configure:12120: x86_64-w64-mingw32-gcc -c    conftest.c >&5
conftest.c: In function 'main':
conftest.c:29:4: error: unknown type name 'not'; did you mean 'ino_t'?
    not big endian
    ^~~
    ino_t
conftest.c:29:12: error: expected '=', ',', ';', 'asm' or '__attribute__' before 'endian'
    not big endian
            ^~~~~~
configure:12120: $? = 1
configure: failed program was:
| /* confdefs.h */
| #define PACKAGE_NAME "SoftFP"
| #define PACKAGE_TARNAME "softfp"
| #define PACKAGE_VERSION "3a"
| #define PACKAGE_STRING "SoftFP 3a"
| #define PACKAGE_BUGREPORT ""
| #define PACKAGE_URL ""
| #define PACKAGE "softfp"
| #define VERSION "3a"
| #define STDC_HEADERS 1
| #define HAVE_SYS_TYPES_H 1
| #define HAVE_SYS_STAT_H 1
| #define HAVE_STDLIB_H 1
| #define HAVE_STRING_H 1
| #define HAVE_MEMORY_H 1
| #define HAVE_STRINGS_H 1
| #define HAVE_INTTYPES_H 1
| #define HAVE_STDINT_H 1
| #define HAVE_UNISTD_H 1
| #define LT_OBJDIR ".libs/"
| /* end confdefs.h.  */
| #include <sys/types.h>
| 		#include <sys/param.h>
| 
| int
| main ()
| {
| #if BYTE_ORDER != BIG_ENDIAN
| 		 not big endian
| 		#endif
| 
|   ;
|   return 0;
| }
configure:12248: result: no
configure:12289: checking size of void *
configure:12294: x86_64-w64-mingw32-gcc -o conftest.exe     conftest.c  >&5
configure:12294: $? = 0
configure:12294: ./conftest.exe
configure:12294: $? = 0
configure:12308: result: 8
configure:12318: x86_64-w64-mingw32-gcc -o conftest.exe     conftest.c  >&5
configure:12318: $? = 0
configure:12318: ./conftest.exe
configure:12318: $? = 0
configure:12322: machine_size computed as 8
configure:12365: checking for inline
configure:12381: x86_64-w64-mingw32-gcc -c   -O2  -I/f/REDUCE-SVN/trunk/libraries/SoftFloat-3a/source -I/f/REDUCE-SVN/trunk/libraries/SoftFloat-3a/source/8086-SSE -I/f/REDUCE-SVN/trunk/libraries/SoftFloat-3a/source/include conftest.c >&5
configure:12381: $? = 0
configure:12389: result: inline
configure:12488: updating cache config.cache
configure:12568: checking that generated files are newer than configure
configure:12574: result: done
configure:12598: creating ./config.status

## ---------------------- ##
## Running config.status. ##
## ---------------------- ##

This file was extended by SoftFP config.status 3a, which was
generated by GNU Autoconf 2.69.  Invocation command line was

  CONFIG_FILES    = 
  CONFIG_HEADERS  = 
  CONFIG_LINKS    = 
  CONFIG_COMMANDS = 
  $ ./config.status 

on NUC

config.status:1020: creating Makefile
config.status:1177: executing depfiles commands
config.status:1177: executing libtool commands

## ---------------- ##
## Cache variables. ##
## ---------------- ##

ac_cv_build=x86_64-w64-mingw32
ac_cv_c_bigendian=no
ac_cv_c_compiler_gnu=yes
ac_cv_c_inline=inline
ac_cv_env_CC_set=set
ac_cv_env_CC_value=x86_64-w64-mingw32-gcc
ac_cv_env_CFLAGS_set=set
ac_cv_env_CFLAGS_value=' '
ac_cv_env_CPPFLAGS_set=set
ac_cv_env_CPPFLAGS_value=
ac_cv_env_CPP_set=set
ac_cv_env_CPP_value='x86_64-w64-mingw32-gcc -E'
ac_cv_env_LDFLAGS_set=set
ac_cv_env_LDFLAGS_value=
ac_cv_env_LIBS_set=set
ac_cv_env_LIBS_value=
ac_cv_env_LT_SYS_LIBRARY_PATH_set=
ac_cv_env_LT_SYS_LIBRARY_PATH_value=
ac_cv_env_build_alias_set=
ac_cv_env_build_alias_value=
ac_cv_env_host_alias_set=set
ac_cv_env_host_alias_value=x86_64-w64-mingw32
ac_cv_env_target_alias_set=
ac_cv_env_target_alias_value=
ac_cv_exeext=.exe
ac_cv_header_dlfcn_h=no
ac_cv_header_inttypes_h=yes
ac_cv_header_memory_h=yes
ac_cv_header_stdc=yes
ac_cv_header_stdint_h=yes
ac_cv_header_stdlib_h=yes
ac_cv_header_string_h=yes
ac_cv_header_strings_h=yes
ac_cv_header_sys_stat_h=yes
ac_cv_header_sys_types_h=yes
ac_cv_header_unistd_h=yes
ac_cv_host=x86_64-w64-mingw32
ac_cv_objext=o
ac_cv_path_EGREP='/usr/bin/grep -E'
ac_cv_path_FGREP='/usr/bin/grep -F'
ac_cv_path_GREP=/usr/bin/grep
ac_cv_path_SED=/usr/bin/sed
ac_cv_path_install='/usr/bin/install -c'
ac_cv_path_lt_DD=/usr/bin/dd
ac_cv_path_mkdir=/usr/bin/mkdir
ac_cv_prog_AWK=gawk
ac_cv_prog_CC=x86_64-w64-mingw32-gcc
ac_cv_prog_CPP='x86_64-w64-mingw32-gcc -E'
ac_cv_prog_STRIP=strip
ac_cv_prog_ac_ct_AR=ar
ac_cv_prog_ac_ct_DLLTOOL=dlltool
ac_cv_prog_ac_ct_OBJDUMP=objdump
ac_cv_prog_ac_ct_RANLIB=ranlib
ac_cv_prog_ac_ct_STRIP=strip
ac_cv_prog_cc_c89=
ac_cv_prog_cc_g=yes
ac_cv_prog_make_make_set=yes
ac_cv_sizeof_void_p=8
am_cv_CC_dependencies_compiler_type=gcc3
am_cv_make_support_nested_variables=yes
am_cv_prog_cc_c_o=yes
lt_cv_ar_at_file=@
lt_cv_archive_cmds_need_lc=yes
lt_cv_deplibs_check_method='file_magic ^x86 archive import|^x86 DLL'
lt_cv_file_magic_cmd=func_win32_libid
lt_cv_file_magic_test_file=
lt_cv_ld_reload_flag=-r
lt_cv_nm_interface='BSD nm'
lt_cv_objdir=.libs
lt_cv_path_LD=C:/git-sdk-64/mingw64/x86_64-w64-mingw32/bin/ld.exe
lt_cv_path_NM='/mingw64/bin/nm -B'
lt_cv_path_mainfest_tool=no
lt_cv_prog_compiler_c_o=yes
lt_cv_prog_compiler_pic='-DDLL_EXPORT -DPIC'
lt_cv_prog_compiler_pic_works=yes
lt_cv_prog_compiler_rtti_exceptions=no
lt_cv_prog_compiler_static_works=yes
lt_cv_prog_gnu_ld=yes
lt_cv_sharedlib_from_linklib_cmd=func_cygming_dll_for_implib
lt_cv_sys_global_symbol_pipe='sed -n -e '\''s/^.*[	 ]\([ABCDGIRSTW][ABCDGIRSTW]*\)[	 ][	 ]*\([_A-Za-z][_A-Za-z0-9]*\)\{0,1\}$/\1 \2 \2/p'\'' | sed '\''/ __gnu_lto/d'\'''
lt_cv_sys_global_symbol_to_c_name_address='sed -n -e '\''s/^: \(.*\) .*$/  {"\1", (void *) 0},/p'\'' -e '\''s/^[ABCDGIRSTW][ABCDGIRSTW]* .* \(.*\)$/  {"\1", (void *) \&\1},/p'\'''
lt_cv_sys_global_symbol_to_c_name_address_lib_prefix='sed -n -e '\''s/^: \(.*\) .*$/  {"\1", (void *) 0},/p'\'' -e '\''s/^[ABCDGIRSTW][ABCDGIRSTW]* .* \(lib.*\)$/  {"\1", (void *) \&\1},/p'\'' -e '\''s/^[ABCDGIRSTW][ABCDGIRSTW]* .* \(.*\)$/  {"lib\1", (void *) \&\1},/p'\'''
lt_cv_sys_global_symbol_to_cdecl='sed -n -e '\''s/^T .* \(.*\)$/extern int \1();/p'\'' -e '\''s/^[ABCDGIRSTW][ABCDGIRSTW]* .* \(.*\)$/extern char \1;/p'\'''
lt_cv_sys_global_symbol_to_import=
lt_cv_sys_max_cmd_len=8192
lt_cv_to_host_file_cmd=func_convert_file_msys_to_w32
lt_cv_to_tool_file_cmd=func_convert_file_msys_to_w32
lt_cv_truncate_bin='/usr/bin/dd bs=4096 count=1'

## ----------------- ##
## Output variables. ##
## ----------------- ##

ACLOCAL='${SHELL} /f/REDUCE-SVN/trunk/libraries/SoftFloat-3a/source/missing aclocal-1.14'
AMDEPBACKSLASH='\'
AMDEP_FALSE='#'
AMDEP_TRUE=''
AMTAR='$${TAR-tar}'
AM_BACKSLASH='\'
AM_DEFAULT_V='$(AM_DEFAULT_VERBOSITY)'
AM_DEFAULT_VERBOSITY='1'
AM_V='$(V)'
AR='ar'
AUTOCONF='${SHELL} /f/REDUCE-SVN/trunk/libraries/SoftFloat-3a/source/missing autoconf'
AUTOHEADER='${SHELL} /f/REDUCE-SVN/trunk/libraries/SoftFloat-3a/source/missing autoheader'
AUTOMAKE='${SHELL} /f/REDUCE-SVN/trunk/libraries/SoftFloat-3a/source/missing automake-1.14'
AWK='gawk'
CC='x86_64-w64-mingw32-gcc'
CCDEPMODE='depmode=gcc3'
CFLAGS='  -O2'
CPP='x86_64-w64-mingw32-gcc -E'
CPPFLAGS=' -I/f/REDUCE-SVN/trunk/libraries/SoftFloat-3a/source -I/f/REDUCE-SVN/trunk/libraries/SoftFloat-3a/source/8086-SSE -I/f/REDUCE-SVN/trunk/libraries/SoftFloat-3a/source/include'
CYGPATH_W='cygpath -w'
DEFS='-DPACKAGE_NAME=\"SoftFP\" -DPACKAGE_TARNAME=\"softfp\" -DPACKAGE_VERSION=\"3a\" -DPACKAGE_STRING=\"SoftFP\ 3a\" -DPACKAGE_BUGREPORT=\"\" -DPACKAGE_URL=\"\" -DPACKAGE=\"softfp\" -DVERSION=\"3a\" -DSTDC_HEADERS=1 -DHAVE_SYS_TYPES_H=1 -DHAVE_SYS_STAT_H=1 -DHAVE_STDLIB_H=1 -DHAVE_STRING_H=1 -DHAVE_MEMORY_H=1 -DHAVE_STRINGS_H=1 -DHAVE_INTTYPES_H=1 -DHAVE_STDINT_H=1 -DHAVE_UNISTD_H=1 -DLT_OBJDIR=\".libs/\" -DLITTLEENDIAN=1 -DSIZEOF_VOID_P=8 -DSOFTFLOAT_FAST_INT64=1 -DSOFTFLOAT_FAST_DIV64TO32=1'
DEPDIR='.deps'
DLLTOOL='dlltool'
DSYMUTIL=''
DUMPBIN=''
ECHO_C=''
ECHO_N='-n'
ECHO_T=''
EGREP='/usr/bin/grep -E'
EXEEXT='.exe'
FGREP='/usr/bin/grep -F'
GREP='/usr/bin/grep'
INSTALL_DATA='${INSTALL} -m 644'
INSTALL_PROGRAM='${INSTALL}'
INSTALL_SCRIPT='${INSTALL}'
INSTALL_STRIP_PROGRAM='$(install_sh) -c -s'
LD='C:/git-sdk-64/mingw64/x86_64-w64-mingw32/bin/ld.exe'
LDFLAGS=''
LIBOBJS=''
LIBS=''
LIBTOOL='$(SHELL) $(top_builddir)/libtool'
LIPO=''
LN_S='cp -pR'
LTLIBOBJS=''
LT_SYS_LIBRARY_PATH=''
MAKEINFO='${SHELL} /f/REDUCE-SVN/trunk/libraries/SoftFloat-3a/source/missing makeinfo'
MANIFEST_TOOL=':'
MKDIR_P='/usr/bin/mkdir -p'
NM='/mingw64/bin/nm -B'
NMEDIT=''
OBJDUMP='objdump'
OBJEXT='o'
OTOOL64=''
OTOOL=''
PACKAGE='softfp'
PACKAGE_BUGREPORT=''
PACKAGE_NAME='SoftFP'
PACKAGE_STRING='SoftFP 3a'
PACKAGE_TARNAME='softfp'
PACKAGE_URL=''
PACKAGE_VERSION='3a'
PATH_SEPARATOR=':'
RANLIB='ranlib'
SED='/usr/bin/sed'
SET_MAKE=''
SHELL='/bin/sh'
STRIP='strip'
VERSION='3a'
ac_ct_AR='ar'
ac_ct_CC=''
ac_ct_DUMPBIN=''
am__EXEEXT_FALSE='#'
am__EXEEXT_TRUE=''
am__fastdepCC_FALSE='#'
am__fastdepCC_TRUE=''
am__include='include'
am__isrc=' -I$(srcdir)'
am__leading_dot='.'
am__nodep='_no'
am__quote=''
am__tar='$${TAR-tar} chof - "$$tardir"'
am__untar='$${TAR-tar} xf -'
bindir='${exec_prefix}/bin'
build='x86_64-w64-mingw32'
build_alias='x86_64-w64-mingw32'
build_cpu='x86_64'
build_os='mingw32'
build_vendor='w64'
datadir='${datarootdir}'
datarootdir='${prefix}/share'
docdir='${datarootdir}/doc/${PACKAGE_TARNAME}'
dvidir='${docdir}'
exec_prefix='${prefix}'
host='x86_64-w64-mingw32'
host_alias='x86_64-w64-mingw32'
host_cpu='x86_64'
host_os='mingw32'
host_vendor='w64'
htmldir='${docdir}'
includedir='/f/REDUCE-SVN/trunk/cslbuild/x86_64-pc-windows/include'
infodir='${datarootdir}/info'
install_sh='${SHELL} /f/REDUCE-SVN/trunk/libraries/SoftFloat-3a/source/install-sh'
libdir='/f/REDUCE-SVN/trunk/cslbuild/x86_64-pc-windows/lib'
libexecdir='${exec_prefix}/libexec'
localedir='${datarootdir}/locale'
localstatedir='${prefix}/var'
mandir='${datarootdir}/man'
mkdir_p='$(MKDIR_P)'
oldincludedir='/usr/include'
pdfdir='${docdir}'
prefix='/f/REDUCE-SVN/trunk/cslbuild/x86_64-pc-windows'
program_transform_name='s,x,x,'
psdir='${docdir}'
sbindir='${exec_prefix}/sbin'
sharedstatedir='${prefix}/com'
sysconfdir='${prefix}/etc'
target_alias=''

## ----------- ##
## confdefs.h. ##
## ----------- ##

/* confdefs.h */
#define PACKAGE_NAME "SoftFP"
#define PACKAGE_TARNAME "softfp"
#define PACKAGE_VERSION "3a"
#define PACKAGE_STRING "SoftFP 3a"
#define PACKAGE_BUGREPORT ""
#define PACKAGE_URL ""
#define PACKAGE "softfp"
#define VERSION "3a"
#define STDC_HEADERS 1
#define HAVE_SYS_TYPES_H 1
#define HAVE_SYS_STAT_H 1
#define HAVE_STDLIB_H 1
#define HAVE_STRING_H 1
#define HAVE_MEMORY_H 1
#define HAVE_STRINGS_H 1
#define HAVE_INTTYPES_H 1
#define HAVE_STDINT_H 1
#define HAVE_UNISTD_H 1
#define LT_OBJDIR ".libs/"
#define LITTLEENDIAN 1
#define SIZEOF_VOID_P 8
#define SOFTFLOAT_FAST_INT64 1
#define SOFTFLOAT_FAST_DIV64TO32 1

configure: exit 0
