This file contains any messages produced by compilers while
running configure, to aid debugging if configure makes a mistake.

It was created by libffi configure 3.99999, which was
generated by GNU Autoconf 2.69.  Invocation command line was

  $ /f/REDUCE-SVN/trunk/libraries/libffi/configure -C --config-cache CC= CXX= CPPFLAGS= CFLAGS= CXXFLAGS= LDFLAGS= LIBS= --host=i686-w64-mingw32 host_alias=i686-w64-mingw32 --host=i686-w64-mingw32 CPPFLAGS= CFLAGS=  CXXFLAGS=  LDFLAGS= CC=i686-w64-mingw32-gcc CPP=i686-w64-mingw32-gcc -E CXX=i686-w64-mingw32-g++ CXXCPP=i686-w64-mingw32-g++ -E --disable-multi-os-directory --disable-docs --prefix=/f/REDUCE-SVN/trunk/cslbuild/i686-pc-windows --libdir=/f/REDUCE-SVN/trunk/cslbuild/i686-pc-windows/lib --includedir=/f/REDUCE-SVN/trunk/cslbuild/i686-pc-windows/include

## --------- ##
## Platform. ##
## --------- ##

hostname = NUC
uname -m = x86_64
uname -r = 2.11.2(0.329/5/3)
uname -s = MINGW64_NT-6.1
uname -v = 2018-11-10 14:38

/usr/bin/uname -p = unknown
/bin/uname -X     = unknown

/bin/arch              = x86_64
/usr/bin/arch -k       = unknown
/usr/convex/getsysinfo = unknown
/usr/bin/hostinfo      = unknown
/bin/machine           = unknown
/usr/bin/oslevel       = unknown
/bin/universe          = unknown

PATH: /c/Users/kfp/bin
PATH: /mingw64/bin
PATH: /usr/local/bin
PATH: /usr/bin
PATH: /bin
PATH: /mingw64/bin
PATH: /usr/bin
PATH: /c/Users/kfp/bin
PATH: /c/Program Files/Haskell/bin
PATH: /c/Program Files/Haskell Platform/8.6.3/lib/extralibs/bin
PATH: /c/Program Files/Haskell Platform/8.6.3/bin
PATH: /c/emsdk-portable-64bit
PATH: /c/emsdk-portable-64bit/clang/e1.38.21_64bit
PATH: /c/emsdk-portable-64bit/node/8.9.1_64bit/bin
PATH: /c/emsdk-portable-64bit/python/2.7.13.1_64bit/python-2.7.13.amd64
PATH: /c/emsdk-portable-64bit/java/8.152_64bit/bin
PATH: /c/emsdk-portable-64bit/emscripten/1.38.21
PATH: /c/Program Files/Microsoft MPI/Bin
PATH: /c/ProgramData/Oracle/Java/javapath
PATH: /c/Python27
PATH: /c/Python27/Scripts
PATH: /c/Program Files/Common Files/Microsoft Shared/Windows Live
PATH: /c/Program Files (x86)/Common Files/Microsoft Shared/Windows Live
PATH: /c/Program Files (x86)/Intel/iCLS Client
PATH: /c/Program Files/Intel/iCLS Client
PATH: /c/Windows/system32
PATH: /c/Windows
PATH: /c/Windows/System32/Wbem
PATH: /c/Windows/System32/WindowsPowerShell/v1.0
PATH: /c/Program Files/Intel/Intel(R) Management Engine Components/DAL
PATH: /c/Program Files (x86)/Intel/Intel(R) Management Engine Components/DAL
PATH: /c/Program Files/Intel/Intel(R) Management Engine Components/IPT
PATH: /c/Program Files (x86)/Intel/Intel(R) Management Engine Components/IPT
PATH: /c/Program Files/Intel/WiFi/bin
PATH: /c/Program Files/Common Files/Intel/WirelessCommon
PATH: /c/Program Files (x86)/Windows Live/Shared
PATH: /c/Program Files/PuTTY
PATH: /c/Program Files/TortoiseHg
PATH: /c/Program Files/jEdit
PATH: /c/Program Files/MiKTeX 2.9/miktex/bin/x64
PATH: /c/Program Files/gnuplot/bin
PATH: /c/Program Files/TortoiseSVN/bin
PATH: /c/Program Files/nodejs
PATH: /c/jEdit
PATH: /c/Windows/System32/WindowsPowerShell/v1.0
PATH: /c/Program Files (x86)/GnuPG/bin
PATH: /c/Program Files/Asymptote
PATH: /c/msys64/mingw64/bin
PATH: /c/lean-3.4.1-windows/bin
PATH: /c/Windows/System32/WindowsPowerShell/v1.0
PATH: /c/Program Files (x86)/JoeEditor
PATH: /c/Program Files/Git/cmd
PATH: /c/SBCL/1.4.14
PATH: /c/Program Files/Haskell Platform/8.6.3/mingw/bin
PATH: /c/Program Files/TortoiseGit/bin
PATH: /c/Users/kfp/AppData/Local/Programs/Python/Python37/Scripts
PATH: /c/Users/kfp/AppData/Local/Programs/Python/Python37
PATH: /c/Users/kfp/AppData/Roaming/cabal/bin
PATH: /c/Users/kfp/AppData/Roaming/local/bin
PATH: /c/msys64/mingw32/bin
PATH: /c/msys64/mingw32/lib/pure
PATH: /c/Aldor/bin
PATH: /c/Pure
PATH: /c/Pure/lib
PATH: /c/Users/kfp/AppData/Roaming/npm
PATH: /c/Program Files (x86)/GNU/units
PATH: /c/Users/kfp/AppData/Local/atom/bin
PATH: /c/Gle4/bin
PATH: /c/Users/kfp/AppData/Local/Programs/Microsoft VS Code/bin
PATH: /c/Users/kfp/AppData/Local/hyper/app-2.1.0-canary2/resources/bin
PATH: /c/LLVM/bin
PATH: /c/Users/kfp/AppData/Local/Pandoc
PATH: /usr/bin/vendor_perl
PATH: /usr/bin/core_perl


## ----------- ##
## Core tests. ##
## ----------- ##

configure:2560: loading site script /mingw64/etc/config.site
| # This file is in public domain.
| # Original author: Karlson2k (Evgeny Grin)
| # Written for MSys2/MinGW64 to help running 'configure' scripts
| 
| # Defaults for MinGW64-targeted programs
| 
| # Set proper selfname on bash and fallback to default name on other shells
| test -n "${BASH_SOURCE}" 2>/dev/null && config_site_me="${BASH_SOURCE[0]##*/}" || config_site_me=config.site
| 
| # Set default 'host' to speedup configure
| if test -z "$build_alias"; then
|   build_alias="${MSYSTEM_CHOST-x86_64-w64-mingw32}" && \
|     ${as_echo-echo} "$config_site_me:${as_lineno-$LINENO}: default build_alias set to $build_alias" >&5
| fi
| 
| # Set default 'prefix' to "/mingw64"
| if ( test -z "$prefix" || test "x$prefix" = "xNONE" ) && \
|    ( test -z "$exec_prefix" || test "x$exec_prefix" = "xNONE" ); then
|   prefix="${MSYSTEM_PREFIX-/mingw64}" && \
|     ${as_echo-echo} "$config_site_me:${as_lineno-$LINENO}: default prefix set to $prefix" >&5
| fi
config.site:13: default build_alias set to x86_64-w64-mingw32
configure:2583: creating cache config.cache
configure:2692: checking build system type
configure:2706: result: x86_64-w64-mingw32
configure:2726: checking host system type
configure:2739: result: i686-w64-mingw32
configure:2759: checking target system type
configure:2772: result: i686-w64-mingw32
configure:2869: checking for gsed
configure:2900: result: sed
configure:2928: checking for a BSD-compatible install
configure:2996: result: /usr/bin/install -c
configure:3007: checking whether build environment is sane
configure:3062: result: yes
configure:3118: checking for i686-w64-mingw32-strip
configure:3148: result: no
configure:3158: checking for strip
configure:3174: found /mingw64/bin/strip
configure:3185: result: strip
configure:3210: checking for a thread-safe mkdir -p
configure:3249: result: /usr/bin/mkdir -p
configure:3256: checking for gawk
configure:3272: found /usr/bin/gawk
configure:3283: result: gawk
configure:3294: checking whether make sets $(MAKE)
configure:3316: result: yes
configure:3345: checking whether make supports nested variables
configure:3362: result: yes
configure:3507: checking for i686-w64-mingw32-gcc
configure:3534: result: i686-w64-mingw32-gcc
configure:3803: checking for C compiler version
configure:3812: i686-w64-mingw32-gcc --version >&5
i686-w64-mingw32-gcc.exe (Rev1, Built by MSYS2 project) 7.2.0
Copyright (C) 2017 Free Software Foundation, Inc.
This is free software; see the source for copying conditions.  There is NO
warranty; not even for MERCHANTABILITY or FITNESS FOR A PARTICULAR PURPOSE.

configure:3823: $? = 0
configure:3812: i686-w64-mingw32-gcc -v >&5
Using built-in specs.
COLLECT_GCC=C:\msys64\mingw32\bin\i686-w64-mingw32-gcc.exe
COLLECT_LTO_WRAPPER=C:/msys64/mingw32/bin/../lib/gcc/i686-w64-mingw32/7.2.0/lto-wrapper.exe
Target: i686-w64-mingw32
Configured with: ../gcc-7.2.0/configure --prefix=/mingw32 --with-local-prefix=/mingw32/local --build=i686-w64-mingw32 --host=i686-w64-mingw32 --target=i686-w64-mingw32 --with-native-system-header-dir=/mingw32/i686-w64-mingw32/include --libexecdir=/mingw32/lib --enable-bootstrap --with-arch=i686 --with-tune=generic --enable-languages=c,lto,c++,objc,obj-c++,fortran,ada --enable-shared --enable-static --enable-libatomic --enable-threads=posix --enable-graphite --enable-fully-dynamic-string --enable-libstdcxx-time=yes --disable-libstdcxx-pch --disable-libstdcxx-debug --disable-isl-version-check --enable-lto --enable-libgomp --disable-multilib --enable-checking=release --disable-rpath --disable-win32-registry --disable-nls --disable-werror --disable-symvers --with-libiconv --with-system-zlib --with-gmp=/mingw32 --with-mpfr=/mingw32 --with-mpc=/mingw32 --with-isl=/mingw32 --with-pkgversion='Rev1, Built by MSYS2 project' --with-bugurl=https://sourceforge.net/projects/msys2 --with-gnu-as --with-gnu-ld --disable-sjlj-exceptions --with-dwarf2
Thread model: posix
gcc version 7.2.0 (Rev1, Built by MSYS2 project) 
configure:3823: $? = 0
configure:3812: i686-w64-mingw32-gcc -V >&5
i686-w64-mingw32-gcc.exe: error: unrecognized command line option '-V'
i686-w64-mingw32-gcc.exe: fatal error: no input files
compilation terminated.
configure:3823: $? = 1
configure:3812: i686-w64-mingw32-gcc -qversion >&5
i686-w64-mingw32-gcc.exe: error: unrecognized command line option '-qversion'; did you mean '--version'?
i686-w64-mingw32-gcc.exe: fatal error: no input files
compilation terminated.
configure:3823: $? = 1
configure:3843: checking whether the C compiler works
configure:3865: i686-w64-mingw32-gcc     conftest.c  >&5
configure:3869: $? = 0
configure:3917: result: yes
configure:3920: checking for C compiler default output file name
configure:3922: result: a.exe
configure:3928: checking for suffix of executables
configure:3935: i686-w64-mingw32-gcc -o conftest.exe     conftest.c  >&5
configure:3939: $? = 0
configure:3961: result: .exe
configure:3983: checking whether we are cross compiling
configure:3991: i686-w64-mingw32-gcc -o conftest.exe     conftest.c  >&5
configure:3995: $? = 0
configure:4002: ./conftest.exe
configure:4006: $? = 0
configure:4021: result: no
configure:4026: checking for suffix of object files
configure:4048: i686-w64-mingw32-gcc -c    conftest.c >&5
configure:4052: $? = 0
configure:4073: result: o
configure:4077: checking whether we are using the GNU C compiler
configure:4096: i686-w64-mingw32-gcc -c    conftest.c >&5
configure:4096: $? = 0
configure:4105: result: yes
configure:4114: checking whether i686-w64-mingw32-gcc accepts -g
configure:4134: i686-w64-mingw32-gcc -c -g  conftest.c >&5
configure:4134: $? = 0
configure:4175: result: yes
configure:4192: checking for i686-w64-mingw32-gcc option to accept ISO C89
configure:4255: i686-w64-mingw32-gcc  -c    conftest.c >&5
configure:4255: $? = 0
configure:4268: result: none needed
configure:4293: checking whether i686-w64-mingw32-gcc understands -c and -o together
configure:4315: i686-w64-mingw32-gcc -c conftest.c -o conftest2.o
configure:4318: $? = 0
configure:4315: i686-w64-mingw32-gcc -c conftest.c -o conftest2.o
configure:4318: $? = 0
configure:4330: result: yes
configure:4350: checking whether make supports the include directive
configure:4365: make -f confmf.GNU && cat confinc.out
this is the am__doit target
configure:4368: $? = 0
configure:4387: result: yes (GNU style)
configure:4412: checking dependency style of i686-w64-mingw32-gcc
configure:4523: result: gcc3
configure:4650: checking for C++ compiler version
configure:4659: i686-w64-mingw32-g++ --version >&5
i686-w64-mingw32-g++.exe (Rev1, Built by MSYS2 project) 7.2.0
Copyright (C) 2017 Free Software Foundation, Inc.
This is free software; see the source for copying conditions.  There is NO
warranty; not even for MERCHANTABILITY or FITNESS FOR A PARTICULAR PURPOSE.

configure:4670: $? = 0
configure:4659: i686-w64-mingw32-g++ -v >&5
Using built-in specs.
COLLECT_GCC=C:\msys64\mingw32\bin\i686-w64-mingw32-g++.exe
COLLECT_LTO_WRAPPER=C:/msys64/mingw32/bin/../lib/gcc/i686-w64-mingw32/7.2.0/lto-wrapper.exe
Target: i686-w64-mingw32
Configured with: ../gcc-7.2.0/configure --prefix=/mingw32 --with-local-prefix=/mingw32/local --build=i686-w64-mingw32 --host=i686-w64-mingw32 --target=i686-w64-mingw32 --with-native-system-header-dir=/mingw32/i686-w64-mingw32/include --libexecdir=/mingw32/lib --enable-bootstrap --with-arch=i686 --with-tune=generic --enable-languages=c,lto,c++,objc,obj-c++,fortran,ada --enable-shared --enable-static --enable-libatomic --enable-threads=posix --enable-graphite --enable-fully-dynamic-string --enable-libstdcxx-time=yes --disable-libstdcxx-pch --disable-libstdcxx-debug --disable-isl-version-check --enable-lto --enable-libgomp --disable-multilib --enable-checking=release --disable-rpath --disable-win32-registry --disable-nls --disable-werror --disable-symvers --with-libiconv --with-system-zlib --with-gmp=/mingw32 --with-mpfr=/mingw32 --with-mpc=/mingw32 --with-isl=/mingw32 --with-pkgversion='Rev1, Built by MSYS2 project' --with-bugurl=https://sourceforge.net/projects/msys2 --with-gnu-as --with-gnu-ld --disable-sjlj-exceptions --with-dwarf2
Thread model: posix
gcc version 7.2.0 (Rev1, Built by MSYS2 project) 
configure:4670: $? = 0
configure:4659: i686-w64-mingw32-g++ -V >&5
i686-w64-mingw32-g++.exe: error: unrecognized command line option '-V'
i686-w64-mingw32-g++.exe: fatal error: no input files
compilation terminated.
configure:4670: $? = 1
configure:4659: i686-w64-mingw32-g++ -qversion >&5
i686-w64-mingw32-g++.exe: error: unrecognized command line option '-qversion'; did you mean '--version'?
i686-w64-mingw32-g++.exe: fatal error: no input files
compilation terminated.
configure:4670: $? = 1
configure:4674: checking whether we are using the GNU C++ compiler
configure:4693: i686-w64-mingw32-g++ -c    conftest.cpp >&5
configure:4693: $? = 0
configure:4702: result: yes
configure:4711: checking whether i686-w64-mingw32-g++ accepts -g
configure:4731: i686-w64-mingw32-g++ -c -g  conftest.cpp >&5
configure:4731: $? = 0
configure:4772: result: yes
configure:4797: checking dependency style of i686-w64-mingw32-g++
configure:4908: result: gcc3
configure:4938: checking dependency style of i686-w64-mingw32-gcc
configure:5047: result: gcc3
configure:5109: checking how to print strings
configure:5136: result: printf
configure:5157: checking for a sed that does not truncate output
configure:5221: result: /usr/bin/sed
configure:5239: checking for grep that handles long lines and -e
configure:5297: result: /usr/bin/grep
configure:5302: checking for egrep
configure:5364: result: /usr/bin/grep -E
configure:5369: checking for fgrep
configure:5431: result: /usr/bin/grep -F
configure:5466: checking for ld used by i686-w64-mingw32-gcc
configure:5533: result: C:/msys64/mingw32/i686-w64-mingw32/bin/ld.exe
configure:5540: checking if the linker (C:/msys64/mingw32/i686-w64-mingw32/bin/ld.exe) is GNU ld
configure:5555: result: yes
configure:5567: checking for BSD- or MS-compatible name lister (nm)
configure:5621: result: no
configure:5635: checking for i686-w64-mingw32-dumpbin
configure:5665: result: no
configure:5635: checking for i686-w64-mingw32-link
configure:5665: result: no
configure:5679: checking for dumpbin
configure:5709: result: no
configure:5679: checking for link
configure:5695: found /usr/bin/link
configure:5706: result: link -dump
configure:5751: checking the name lister (nm) interface
configure:5758: i686-w64-mingw32-gcc -c    conftest.c >&5
configure:5761: nm "conftest.o"
configure:5764: output
00000000 b .bss
00000000 d .data
00000000 r .rdata$zzz
00000000 t .text
00000000 B _some_variable
configure:5771: result: BSD nm
configure:5774: checking whether ln -s works
configure:5781: result: no, using cp -pR
configure:5786: checking the maximum length of command line arguments
configure:5917: result: 8192
configure:5965: checking how to convert x86_64-w64-mingw32 file names to i686-w64-mingw32 format
configure:6005: result: func_convert_file_msys_to_w32
configure:6012: checking how to convert x86_64-w64-mingw32 file names to toolchain format
configure:6032: result: func_convert_file_msys_to_w32
configure:6039: checking for C:/msys64/mingw32/i686-w64-mingw32/bin/ld.exe option to reload object files
configure:6046: result: -r
configure:6080: checking for i686-w64-mingw32-objdump
configure:6110: result: no
configure:6120: checking for objdump
configure:6136: found /mingw64/bin/objdump
configure:6147: result: objdump
configure:6179: checking how to recognize dependent libraries
configure:6379: result: file_magic ^x86 archive import|^x86 DLL
configure:6424: checking for i686-w64-mingw32-dlltool
configure:6454: result: no
configure:6464: checking for dlltool
configure:6480: found /mingw64/bin/dlltool
configure:6491: result: dlltool
configure:6524: checking how to associate runtime and link libraries
configure:6551: result: func_cygming_dll_for_implib
configure:6568: checking for i686-w64-mingw32-ar
configure:6598: result: no
configure:6612: checking for ar
configure:6628: found /mingw64/bin/ar
configure:6639: result: ar
configure:6676: checking for archiver @FILE support
configure:6693: i686-w64-mingw32-gcc -c    conftest.c >&5
configure:6693: $? = 0
configure:6696: ar cru libconftest.a @conftest.lst >&5
configure:6699: $? = 0
configure:6704: ar cru libconftest.a @conftest.lst >&5
C:\git-sdk-64\mingw64\bin\ar.exe: conftest.o: No such file or directory
configure:6707: $? = 1
configure:6719: result: @
configure:6737: checking for i686-w64-mingw32-strip
configure:6764: result: strip
configure:6836: checking for i686-w64-mingw32-ranlib
configure:6866: result: no
configure:6876: checking for ranlib
configure:6892: found /mingw64/bin/ranlib
configure:6903: result: ranlib
configure:7005: checking command to parse nm output from i686-w64-mingw32-gcc object
configure:7158: i686-w64-mingw32-gcc -c    conftest.c >&5
configure:7161: $? = 0
configure:7165: nm conftest.o \| sed -n -e 's/^.*[ ]\([ABCDGIRSTW][ABCDGIRSTW]*\)[ ][ ]*\([_A-Za-z][_A-Za-z0-9]*\)\{0,1\}$/\1 \2 \2/p' | sed '/ __gnu_lto/d' \> conftest.nm
configure:7168: $? = 0
cannot find nm_test_var in conftest.nm
configure:7158: i686-w64-mingw32-gcc -c    conftest.c >&5
configure:7161: $? = 0
configure:7165: nm conftest.o \| sed -n -e 's/^.*[ ]\([ABCDGIRSTW][ABCDGIRSTW]*\)[ ][ ]*_\([_A-Za-z][_A-Za-z0-9]*\)\{0,1\}$/\1 _\2 \2/p' | sed '/ __gnu_lto/d' \> conftest.nm
configure:7168: $? = 0
configure:7234: i686-w64-mingw32-gcc -o conftest.exe     conftest.c conftstm.o >&5
configure:7237: $? = 0
configure:7275: result: ok
configure:7322: checking for sysroot
configure:7352: result: no
configure:7359: checking for a working dd
configure:7397: result: /usr/bin/dd
configure:7401: checking how to truncate binary pipes
configure:7416: result: /usr/bin/dd bs=4096 count=1
configure:7705: checking for i686-w64-mingw32-mt
configure:7735: result: no
configure:7745: checking for mt
configure:7775: result: no
configure:7795: checking if : is a manifest tool
configure:7801: : '-?'
configure:7809: result: no
configure:8486: checking how to run the C preprocessor
configure:8556: result: i686-w64-mingw32-gcc -E
configure:8576: i686-w64-mingw32-gcc -E  conftest.c
configure:8576: $? = 0
configure:8590: i686-w64-mingw32-gcc -E  conftest.c
conftest.c:11:10: fatal error: ac_nonexistent.h: No such file or directory
 #include <ac_nonexistent.h>
          ^~~~~~~~~~~~~~~~~~
compilation terminated.
configure:8590: $? = 1
configure: failed program was:
| /* confdefs.h */
| #define PACKAGE_NAME "libffi"
| #define PACKAGE_TARNAME "libffi"
| #define PACKAGE_VERSION "3.99999"
| #define PACKAGE_STRING "libffi 3.99999"
| #define PACKAGE_BUGREPORT "http://github.com/libffi/libffi/issues"
| #define PACKAGE_URL ""
| #define PACKAGE "libffi"
| #define VERSION "3.99999"
| /* end confdefs.h.  */
| #include <ac_nonexistent.h>
configure:8619: checking for ANSI C header files
configure:8639: i686-w64-mingw32-gcc -c    conftest.c >&5
configure:8639: $? = 0
configure:8712: i686-w64-mingw32-gcc -o conftest.exe     conftest.c  >&5
configure:8712: $? = 0
configure:8712: ./conftest.exe
configure:8712: $? = 0
configure:8723: result: yes
configure:8736: checking for sys/types.h
configure:8736: i686-w64-mingw32-gcc -c    conftest.c >&5
configure:8736: $? = 0
configure:8736: result: yes
configure:8736: checking for sys/stat.h
configure:8736: i686-w64-mingw32-gcc -c    conftest.c >&5
configure:8736: $? = 0
configure:8736: result: yes
configure:8736: checking for stdlib.h
configure:8736: i686-w64-mingw32-gcc -c    conftest.c >&5
configure:8736: $? = 0
configure:8736: result: yes
configure:8736: checking for string.h
configure:8736: i686-w64-mingw32-gcc -c    conftest.c >&5
configure:8736: $? = 0
configure:8736: result: yes
configure:8736: checking for memory.h
configure:8736: i686-w64-mingw32-gcc -c    conftest.c >&5
configure:8736: $? = 0
configure:8736: result: yes
configure:8736: checking for strings.h
configure:8736: i686-w64-mingw32-gcc -c    conftest.c >&5
configure:8736: $? = 0
configure:8736: result: yes
configure:8736: checking for inttypes.h
configure:8736: i686-w64-mingw32-gcc -c    conftest.c >&5
configure:8736: $? = 0
configure:8736: result: yes
configure:8736: checking for stdint.h
configure:8736: i686-w64-mingw32-gcc -c    conftest.c >&5
configure:8736: $? = 0
configure:8736: result: yes
configure:8736: checking for unistd.h
configure:8736: i686-w64-mingw32-gcc -c    conftest.c >&5
configure:8736: $? = 0
configure:8736: result: yes
configure:8750: checking for dlfcn.h
configure:8750: i686-w64-mingw32-gcc -c    conftest.c >&5
conftest.c:55:10: fatal error: dlfcn.h: No such file or directory
 #include <dlfcn.h>
          ^~~~~~~~~
compilation terminated.
configure:8750: $? = 1
configure: failed program was:
| /* confdefs.h */
| #define PACKAGE_NAME "libffi"
| #define PACKAGE_TARNAME "libffi"
| #define PACKAGE_VERSION "3.99999"
| #define PACKAGE_STRING "libffi 3.99999"
| #define PACKAGE_BUGREPORT "http://github.com/libffi/libffi/issues"
| #define PACKAGE_URL ""
| #define PACKAGE "libffi"
| #define VERSION "3.99999"
| #define STDC_HEADERS 1
| #define HAVE_SYS_TYPES_H 1
| #define HAVE_SYS_STAT_H 1
| #define HAVE_STDLIB_H 1
| #define HAVE_STRING_H 1
| #define HAVE_MEMORY_H 1
| #define HAVE_STRINGS_H 1
| #define HAVE_INTTYPES_H 1
| #define HAVE_STDINT_H 1
| #define HAVE_UNISTD_H 1
| /* end confdefs.h.  */
| #include <stdio.h>
| #ifdef HAVE_SYS_TYPES_H
| # include <sys/types.h>
| #endif
| #ifdef HAVE_SYS_STAT_H
| # include <sys/stat.h>
| #endif
| #ifdef STDC_HEADERS
| # include <stdlib.h>
| # include <stddef.h>
| #else
| # ifdef HAVE_STDLIB_H
| #  include <stdlib.h>
| # endif
| #endif
| #ifdef HAVE_STRING_H
| # if !defined STDC_HEADERS && defined HAVE_MEMORY_H
| #  include <memory.h>
| # endif
| # include <string.h>
| #endif
| #ifdef HAVE_STRINGS_H
| # include <strings.h>
| #endif
| #ifdef HAVE_INTTYPES_H
| # include <inttypes.h>
| #endif
| #ifdef HAVE_STDINT_H
| # include <stdint.h>
| #endif
| #ifdef HAVE_UNISTD_H
| # include <unistd.h>
| #endif
| 
| #include <dlfcn.h>
configure:8750: result: no
configure:9017: checking for objdir
configure:9032: result: .libs
configure:9296: checking if i686-w64-mingw32-gcc supports -fno-rtti -fno-exceptions
configure:9314: i686-w64-mingw32-gcc -c    -fno-rtti -fno-exceptions conftest.c >&5
cc1.exe: warning: command line option '-fno-rtti' is valid for C++/ObjC++ but not for C
configure:9318: $? = 0
configure:9331: result: no
configure:9689: checking for i686-w64-mingw32-gcc option to produce PIC
configure:9696: result: -DDLL_EXPORT -DPIC
configure:9704: checking if i686-w64-mingw32-gcc PIC flag -DDLL_EXPORT -DPIC works
configure:9722: i686-w64-mingw32-gcc -c    -DDLL_EXPORT -DPIC -DPIC conftest.c >&5
configure:9726: $? = 0
configure:9739: result: yes
configure:9768: checking if i686-w64-mingw32-gcc static flag -static works
configure:9796: result: yes
configure:9811: checking if i686-w64-mingw32-gcc supports -c -o file.o
configure:9832: i686-w64-mingw32-gcc -c    -o out/conftest2.o conftest.c >&5
configure:9836: $? = 0
configure:9858: result: yes
configure:9866: checking if i686-w64-mingw32-gcc supports -c -o file.o
configure:9913: result: yes
configure:9946: checking whether the i686-w64-mingw32-gcc linker (C:/msys64/mingw32/i686-w64-mingw32/bin/ld.exe) supports shared libraries
configure:11206: result: yes
configure:11243: checking whether -lc should be explicitly linked in
configure:11251: i686-w64-mingw32-gcc -c    conftest.c >&5
configure:11254: $? = 0
configure:11269: i686-w64-mingw32-gcc -shared conftest.o  -v -o ./conftest -Wl,--enable-auto-image-base -Xlinker --out-implib -Xlinker conftest 2\>\&1 \| /usr/bin/grep  -lc  \>/dev/null 2\>\&1
configure:11272: $? = 1
configure:11286: result: yes
configure:11446: checking dynamic linker characteristics
configure:12270: result: Win32 ld.exe
configure:12392: checking how to hardcode library paths into programs
configure:12417: result: immediate
configure:12965: checking whether stripping libraries is possible
configure:12970: result: yes
configure:13005: checking if libtool supports shared libraries
configure:13007: result: yes
configure:13010: checking whether to build shared libraries
configure:13035: result: yes
configure:13038: checking whether to build static libraries
configure:13042: result: yes
configure:13065: checking how to run the C++ preprocessor
configure:13131: result: i686-w64-mingw32-g++ -E
configure:13151: i686-w64-mingw32-g++ -E  conftest.cpp
configure:13151: $? = 0
configure:13165: i686-w64-mingw32-g++ -E  conftest.cpp
conftest.cpp:22:10: fatal error: ac_nonexistent.h: No such file or directory
 #include <ac_nonexistent.h>
          ^~~~~~~~~~~~~~~~~~
compilation terminated.
configure:13165: $? = 1
configure: failed program was:
| /* confdefs.h */
| #define PACKAGE_NAME "libffi"
| #define PACKAGE_TARNAME "libffi"
| #define PACKAGE_VERSION "3.99999"
| #define PACKAGE_STRING "libffi 3.99999"
| #define PACKAGE_BUGREPORT "http://github.com/libffi/libffi/issues"
| #define PACKAGE_URL ""
| #define PACKAGE "libffi"
| #define VERSION "3.99999"
| #define STDC_HEADERS 1
| #define HAVE_SYS_TYPES_H 1
| #define HAVE_SYS_STAT_H 1
| #define HAVE_STDLIB_H 1
| #define HAVE_STRING_H 1
| #define HAVE_MEMORY_H 1
| #define HAVE_STRINGS_H 1
| #define HAVE_INTTYPES_H 1
| #define HAVE_STDINT_H 1
| #define HAVE_UNISTD_H 1
| #define LT_OBJDIR ".libs/"
| /* end confdefs.h.  */
| #include <ac_nonexistent.h>
configure:13327: checking for ld used by i686-w64-mingw32-g++
configure:13394: result: C:/msys64/mingw32/i686-w64-mingw32/bin/ld.exe
configure:13401: checking if the linker (C:/msys64/mingw32/i686-w64-mingw32/bin/ld.exe) is GNU ld
configure:13416: result: yes
configure:13471: checking whether the i686-w64-mingw32-g++ linker (C:/msys64/mingw32/i686-w64-mingw32/bin/ld.exe) supports shared libraries
configure:14545: result: yes
configure:14581: i686-w64-mingw32-g++ -c    conftest.cpp >&5
configure:14584: $? = 0
configure:15065: checking for i686-w64-mingw32-g++ option to produce PIC
configure:15072: result: -DDLL_EXPORT -DPIC
configure:15080: checking if i686-w64-mingw32-g++ PIC flag -DDLL_EXPORT -DPIC works
configure:15098: i686-w64-mingw32-g++ -c    -DDLL_EXPORT -DPIC -DPIC conftest.cpp >&5
configure:15102: $? = 0
configure:15115: result: yes
configure:15138: checking if i686-w64-mingw32-g++ static flag -static works
configure:15166: result: yes
configure:15178: checking if i686-w64-mingw32-g++ supports -c -o file.o
configure:15199: i686-w64-mingw32-g++ -c    -o out/conftest2.o conftest.cpp >&5
configure:15203: $? = 0
configure:15225: result: yes
configure:15230: checking if i686-w64-mingw32-g++ supports -c -o file.o
configure:15277: result: yes
configure:15307: checking whether the i686-w64-mingw32-g++ linker (C:/msys64/mingw32/i686-w64-mingw32/bin/ld.exe) supports shared libraries
configure:15347: result: yes
configure:15488: checking dynamic linker characteristics
configure:16238: result: Win32 ld.exe
configure:16303: checking how to hardcode library paths into programs
configure:16328: result: immediate
configure:16396: checking size of size_t
configure:16401: i686-w64-mingw32-gcc -o conftest.exe     conftest.c  >&5
configure:16401: $? = 0
configure:16401: ./conftest.exe
configure:16401: $? = 0
configure:16415: result: 4
configure:16426: checking for C compiler vendor
configure:16471: i686-w64-mingw32-gcc -c    conftest.c >&5
conftest.c: In function 'main':
conftest.c:29:9: error: 'thisisanerror' undeclared (first use in this function)
         thisisanerror;
         ^~~~~~~~~~~~~
conftest.c:29:9: note: each undeclared identifier is reported only once for each function it appears in
configure:16471: $? = 1
configure: failed program was:
| /* confdefs.h */
| #define PACKAGE_NAME "libffi"
| #define PACKAGE_TARNAME "libffi"
| #define PACKAGE_VERSION "3.99999"
| #define PACKAGE_STRING "libffi 3.99999"
| #define PACKAGE_BUGREPORT "http://github.com/libffi/libffi/issues"
| #define PACKAGE_URL ""
| #define PACKAGE "libffi"
| #define VERSION "3.99999"
| #define STDC_HEADERS 1
| #define HAVE_SYS_TYPES_H 1
| #define HAVE_SYS_STAT_H 1
| #define HAVE_STDLIB_H 1
| #define HAVE_STRING_H 1
| #define HAVE_MEMORY_H 1
| #define HAVE_STRINGS_H 1
| #define HAVE_INTTYPES_H 1
| #define HAVE_STDINT_H 1
| #define HAVE_UNISTD_H 1
| #define LT_OBJDIR ".libs/"
| #define SIZEOF_SIZE_T 4
| /* end confdefs.h.  */
| 
| int
| main ()
| {
| 
|       #if !(defined(__ICC) || defined(__ECC) || defined(__INTEL_COMPILER))
|         thisisanerror;
|       #endif
| 
|   ;
|   return 0;
| }
configure:16471: i686-w64-mingw32-gcc -c    conftest.c >&5
conftest.c: In function 'main':
conftest.c:29:9: error: 'thisisanerror' undeclared (first use in this function)
         thisisanerror;
         ^~~~~~~~~~~~~
conftest.c:29:9: note: each undeclared identifier is reported only once for each function it appears in
configure:16471: $? = 1
configure: failed program was:
| /* confdefs.h */
| #define PACKAGE_NAME "libffi"
| #define PACKAGE_TARNAME "libffi"
| #define PACKAGE_VERSION "3.99999"
| #define PACKAGE_STRING "libffi 3.99999"
| #define PACKAGE_BUGREPORT "http://github.com/libffi/libffi/issues"
| #define PACKAGE_URL ""
| #define PACKAGE "libffi"
| #define VERSION "3.99999"
| #define STDC_HEADERS 1
| #define HAVE_SYS_TYPES_H 1
| #define HAVE_SYS_STAT_H 1
| #define HAVE_STDLIB_H 1
| #define HAVE_STRING_H 1
| #define HAVE_MEMORY_H 1
| #define HAVE_STRINGS_H 1
| #define HAVE_INTTYPES_H 1
| #define HAVE_STDINT_H 1
| #define HAVE_UNISTD_H 1
| #define LT_OBJDIR ".libs/"
| #define SIZEOF_SIZE_T 4
| /* end confdefs.h.  */
| 
| int
| main ()
| {
| 
|       #if !(defined(__xlc__) || defined(__xlC__) || defined(__IBMC__) || defined(__IBMCPP__))
|         thisisanerror;
|       #endif
| 
|   ;
|   return 0;
| }
configure:16471: i686-w64-mingw32-gcc -c    conftest.c >&5
conftest.c: In function 'main':
conftest.c:29:9: error: 'thisisanerror' undeclared (first use in this function)
         thisisanerror;
         ^~~~~~~~~~~~~
conftest.c:29:9: note: each undeclared identifier is reported only once for each function it appears in
configure:16471: $? = 1
configure: failed program was:
| /* confdefs.h */
| #define PACKAGE_NAME "libffi"
| #define PACKAGE_TARNAME "libffi"
| #define PACKAGE_VERSION "3.99999"
| #define PACKAGE_STRING "libffi 3.99999"
| #define PACKAGE_BUGREPORT "http://github.com/libffi/libffi/issues"
| #define PACKAGE_URL ""
| #define PACKAGE "libffi"
| #define VERSION "3.99999"
| #define STDC_HEADERS 1
| #define HAVE_SYS_TYPES_H 1
| #define HAVE_SYS_STAT_H 1
| #define HAVE_STDLIB_H 1
| #define HAVE_STRING_H 1
| #define HAVE_MEMORY_H 1
| #define HAVE_STRINGS_H 1
| #define HAVE_INTTYPES_H 1
| #define HAVE_STDINT_H 1
| #define HAVE_UNISTD_H 1
| #define LT_OBJDIR ".libs/"
| #define SIZEOF_SIZE_T 4
| /* end confdefs.h.  */
| 
| int
| main ()
| {
| 
|       #if !(defined(__PATHCC__) || defined(__PATHSCALE__))
|         thisisanerror;
|       #endif
| 
|   ;
|   return 0;
| }
configure:16471: i686-w64-mingw32-gcc -c    conftest.c >&5
conftest.c: In function 'main':
conftest.c:29:9: error: 'thisisanerror' undeclared (first use in this function)
         thisisanerror;
         ^~~~~~~~~~~~~
conftest.c:29:9: note: each undeclared identifier is reported only once for each function it appears in
configure:16471: $? = 1
configure: failed program was:
| /* confdefs.h */
| #define PACKAGE_NAME "libffi"
| #define PACKAGE_TARNAME "libffi"
| #define PACKAGE_VERSION "3.99999"
| #define PACKAGE_STRING "libffi 3.99999"
| #define PACKAGE_BUGREPORT "http://github.com/libffi/libffi/issues"
| #define PACKAGE_URL ""
| #define PACKAGE "libffi"
| #define VERSION "3.99999"
| #define STDC_HEADERS 1
| #define HAVE_SYS_TYPES_H 1
| #define HAVE_SYS_STAT_H 1
| #define HAVE_STDLIB_H 1
| #define HAVE_STRING_H 1
| #define HAVE_MEMORY_H 1
| #define HAVE_STRINGS_H 1
| #define HAVE_INTTYPES_H 1
| #define HAVE_STDINT_H 1
| #define HAVE_UNISTD_H 1
| #define LT_OBJDIR ".libs/"
| #define SIZEOF_SIZE_T 4
| /* end confdefs.h.  */
| 
| int
| main ()
| {
| 
|       #if !(defined(__clang__))
|         thisisanerror;
|       #endif
| 
|   ;
|   return 0;
| }
configure:16471: i686-w64-mingw32-gcc -c    conftest.c >&5
configure:16471: $? = 0
configure:16479: result: gnu
configure:17305: : CFLAGS already contains 
configure:17308: $? = 0
configure:17330: checking CFLAGS for maximum warnings
configure:17350: i686-w64-mingw32-gcc -c   -warn all  -warn all  conftest.c >&5
i686-w64-mingw32-gcc.exe: error: all: No such file or directory
i686-w64-mingw32-gcc.exe: error: all: No such file or directory
i686-w64-mingw32-gcc.exe: error: unrecognized command line option '-warn'; did you mean '--warn-'?
i686-w64-mingw32-gcc.exe: error: unrecognized command line option '-warn'; did you mean '--warn-'?
configure:17350: $? = 1
configure: failed program was:
| /* confdefs.h */
| #define PACKAGE_NAME "libffi"
| #define PACKAGE_TARNAME "libffi"
| #define PACKAGE_VERSION "3.99999"
| #define PACKAGE_STRING "libffi 3.99999"
| #define PACKAGE_BUGREPORT "http://github.com/libffi/libffi/issues"
| #define PACKAGE_URL ""
| #define PACKAGE "libffi"
| #define VERSION "3.99999"
| #define STDC_HEADERS 1
| #define HAVE_SYS_TYPES_H 1
| #define HAVE_SYS_STAT_H 1
| #define HAVE_STDLIB_H 1
| #define HAVE_STRING_H 1
| #define HAVE_MEMORY_H 1
| #define HAVE_STRINGS_H 1
| #define HAVE_INTTYPES_H 1
| #define HAVE_STDINT_H 1
| #define HAVE_UNISTD_H 1
| #define LT_OBJDIR ".libs/"
| #define SIZEOF_SIZE_T 4
| /* end confdefs.h.  */
| 
| int
| main ()
| {
| 
|   ;
|   return 0;
| }
configure:17350: i686-w64-mingw32-gcc -c   -pedantic  -Wall  conftest.c >&5
configure:17350: $? = 0
configure:17358: result: -Wall
configure:17374: : CFLAGS="$CFLAGS $ac_cv_cflags_warn_all"
configure:17377: $? = 0
configure:17407: checking whether to enable maintainer-specific portions of Makefiles
configure:17416: result: no
configure:17432: checking sys/mman.h usability
configure:17432: i686-w64-mingw32-gcc -c   -Wall -fexceptions  conftest.c >&5
conftest.c:56:10: fatal error: sys/mman.h: No such file or directory
 #include <sys/mman.h>
          ^~~~~~~~~~~~
compilation terminated.
configure:17432: $? = 1
configure: failed program was:
| /* confdefs.h */
| #define PACKAGE_NAME "libffi"
| #define PACKAGE_TARNAME "libffi"
| #define PACKAGE_VERSION "3.99999"
| #define PACKAGE_STRING "libffi 3.99999"
| #define PACKAGE_BUGREPORT "http://github.com/libffi/libffi/issues"
| #define PACKAGE_URL ""
| #define PACKAGE "libffi"
| #define VERSION "3.99999"
| #define STDC_HEADERS 1
| #define HAVE_SYS_TYPES_H 1
| #define HAVE_SYS_STAT_H 1
| #define HAVE_STDLIB_H 1
| #define HAVE_STRING_H 1
| #define HAVE_MEMORY_H 1
| #define HAVE_STRINGS_H 1
| #define HAVE_INTTYPES_H 1
| #define HAVE_STDINT_H 1
| #define HAVE_UNISTD_H 1
| #define LT_OBJDIR ".libs/"
| #define SIZEOF_SIZE_T 4
| /* end confdefs.h.  */
| #include <stdio.h>
| #ifdef HAVE_SYS_TYPES_H
| # include <sys/types.h>
| #endif
| #ifdef HAVE_SYS_STAT_H
| # include <sys/stat.h>
| #endif
| #ifdef STDC_HEADERS
| # include <stdlib.h>
| # include <stddef.h>
| #else
| # ifdef HAVE_STDLIB_H
| #  include <stdlib.h>
| # endif
| #endif
| #ifdef HAVE_STRING_H
| # if !defined STDC_HEADERS && defined HAVE_MEMORY_H
| #  include <memory.h>
| # endif
| # include <string.h>
| #endif
| #ifdef HAVE_STRINGS_H
| # include <strings.h>
| #endif
| #ifdef HAVE_INTTYPES_H
| # include <inttypes.h>
| #endif
| #ifdef HAVE_STDINT_H
| # include <stdint.h>
| #endif
| #ifdef HAVE_UNISTD_H
| # include <unistd.h>
| #endif
| #include <sys/mman.h>
configure:17432: result: no
configure:17432: checking sys/mman.h presence
configure:17432: i686-w64-mingw32-gcc -E  conftest.c
conftest.c:23:10: fatal error: sys/mman.h: No such file or directory
 #include <sys/mman.h>
          ^~~~~~~~~~~~
compilation terminated.
configure:17432: $? = 1
configure: failed program was:
| /* confdefs.h */
| #define PACKAGE_NAME "libffi"
| #define PACKAGE_TARNAME "libffi"
| #define PACKAGE_VERSION "3.99999"
| #define PACKAGE_STRING "libffi 3.99999"
| #define PACKAGE_BUGREPORT "http://github.com/libffi/libffi/issues"
| #define PACKAGE_URL ""
| #define PACKAGE "libffi"
| #define VERSION "3.99999"
| #define STDC_HEADERS 1
| #define HAVE_SYS_TYPES_H 1
| #define HAVE_SYS_STAT_H 1
| #define HAVE_STDLIB_H 1
| #define HAVE_STRING_H 1
| #define HAVE_MEMORY_H 1
| #define HAVE_STRINGS_H 1
| #define HAVE_INTTYPES_H 1
| #define HAVE_STDINT_H 1
| #define HAVE_UNISTD_H 1
| #define LT_OBJDIR ".libs/"
| #define SIZEOF_SIZE_T 4
| /* end confdefs.h.  */
| #include <sys/mman.h>
configure:17432: result: no
configure:17432: checking for sys/mman.h
configure:17432: result: no
configure:17445: checking for mmap
configure:17445: i686-w64-mingw32-gcc -o conftest.exe   -Wall -fexceptions   conftest.c  >&5
C:\Users\kfp\AppData\Local\Temp\cc2Ca7Vo.o:conftest.c:(.text+0xc): undefined reference to `mmap'
collect2.exe: error: ld returned 1 exit status
configure:17445: $? = 1
configure: failed program was:
| /* confdefs.h */
| #define PACKAGE_NAME "libffi"
| #define PACKAGE_TARNAME "libffi"
| #define PACKAGE_VERSION "3.99999"
| #define PACKAGE_STRING "libffi 3.99999"
| #define PACKAGE_BUGREPORT "http://github.com/libffi/libffi/issues"
| #define PACKAGE_URL ""
| #define PACKAGE "libffi"
| #define VERSION "3.99999"
| #define STDC_HEADERS 1
| #define HAVE_SYS_TYPES_H 1
| #define HAVE_SYS_STAT_H 1
| #define HAVE_STDLIB_H 1
| #define HAVE_STRING_H 1
| #define HAVE_MEMORY_H 1
| #define HAVE_STRINGS_H 1
| #define HAVE_INTTYPES_H 1
| #define HAVE_STDINT_H 1
| #define HAVE_UNISTD_H 1
| #define LT_OBJDIR ".libs/"
| #define SIZEOF_SIZE_T 4
| /* end confdefs.h.  */
| /* Define mmap to an innocuous variant, in case <limits.h> declares mmap.
|    For example, HP-UX 11i <limits.h> declares gettimeofday.  */
| #define mmap innocuous_mmap
| 
| /* System header to define __stub macros and hopefully few prototypes,
|     which can conflict with char mmap (); below.
|     Prefer <limits.h> to <assert.h> if __STDC__ is defined, since
|     <limits.h> exists even on freestanding compilers.  */
| 
| #ifdef __STDC__
| # include <limits.h>
| #else
| # include <assert.h>
| #endif
| 
| #undef mmap
| 
| /* Override any GCC internal prototype to avoid an error.
|    Use char because int might match the return type of a GCC
|    builtin and then its argument prototype would still apply.  */
| #ifdef __cplusplus
| extern "C"
| #endif
| char mmap ();
| /* The GNU C library defines this for functions which it implements
|     to always fail with ENOSYS.  Some functions are actually named
|     something starting with __ and the normal name is an alias.  */
| #if defined __stub_mmap || defined __stub___mmap
| choke me
| #endif
| 
| int
| main ()
| {
| return mmap ();
|   ;
|   return 0;
| }
configure:17445: result: no
configure:17445: checking for mkostemp
configure:17445: i686-w64-mingw32-gcc -o conftest.exe   -Wall -fexceptions   conftest.c  >&5
C:\Users\kfp\AppData\Local\Temp\ccBc29uh.o:conftest.c:(.text+0xc): undefined reference to `mkostemp'
collect2.exe: error: ld returned 1 exit status
configure:17445: $? = 1
configure: failed program was:
| /* confdefs.h */
| #define PACKAGE_NAME "libffi"
| #define PACKAGE_TARNAME "libffi"
| #define PACKAGE_VERSION "3.99999"
| #define PACKAGE_STRING "libffi 3.99999"
| #define PACKAGE_BUGREPORT "http://github.com/libffi/libffi/issues"
| #define PACKAGE_URL ""
| #define PACKAGE "libffi"
| #define VERSION "3.99999"
| #define STDC_HEADERS 1
| #define HAVE_SYS_TYPES_H 1
| #define HAVE_SYS_STAT_H 1
| #define HAVE_STDLIB_H 1
| #define HAVE_STRING_H 1
| #define HAVE_MEMORY_H 1
| #define HAVE_STRINGS_H 1
| #define HAVE_INTTYPES_H 1
| #define HAVE_STDINT_H 1
| #define HAVE_UNISTD_H 1
| #define LT_OBJDIR ".libs/"
| #define SIZEOF_SIZE_T 4
| /* end confdefs.h.  */
| /* Define mkostemp to an innocuous variant, in case <limits.h> declares mkostemp.
|    For example, HP-UX 11i <limits.h> declares gettimeofday.  */
| #define mkostemp innocuous_mkostemp
| 
| /* System header to define __stub macros and hopefully few prototypes,
|     which can conflict with char mkostemp (); below.
|     Prefer <limits.h> to <assert.h> if __STDC__ is defined, since
|     <limits.h> exists even on freestanding compilers.  */
| 
| #ifdef __STDC__
| # include <limits.h>
| #else
| # include <assert.h>
| #endif
| 
| #undef mkostemp
| 
| /* Override any GCC internal prototype to avoid an error.
|    Use char because int might match the return type of a GCC
|    builtin and then its argument prototype would still apply.  */
| #ifdef __cplusplus
| extern "C"
| #endif
| char mkostemp ();
| /* The GNU C library defines this for functions which it implements
|     to always fail with ENOSYS.  Some functions are actually named
|     something starting with __ and the normal name is an alias.  */
| #if defined __stub_mkostemp || defined __stub___mkostemp
| choke me
| #endif
| 
| int
| main ()
| {
| return mkostemp ();
|   ;
|   return 0;
| }
configure:17445: result: no
configure:17455: checking for sys/mman.h
configure:17455: result: no
configure:17463: checking for mmap
configure:17463: result: no
configure:17617: checking for ANSI C header files
configure:17721: result: yes
configure:17731: checking for memcpy
configure:17731: i686-w64-mingw32-gcc -o conftest.exe   -Wall -fexceptions   conftest.c  >&5
conftest.c:47:6: warning: conflicting types for built-in function 'memcpy' [-Wbuiltin-declaration-mismatch]
 char memcpy ();
      ^~~~~~
configure:17731: $? = 0
configure:17731: result: yes
configure:17740: checking for size_t
configure:17740: i686-w64-mingw32-gcc -c   -Wall -fexceptions  conftest.c >&5
configure:17740: $? = 0
configure:17740: i686-w64-mingw32-gcc -c   -Wall -fexceptions  conftest.c >&5
conftest.c: In function 'main':
conftest.c:61:21: error: expected expression before ')' token
 if (sizeof ((size_t)))
                     ^
configure:17740: $? = 1
configure: failed program was:
| /* confdefs.h */
| #define PACKAGE_NAME "libffi"
| #define PACKAGE_TARNAME "libffi"
| #define PACKAGE_VERSION "3.99999"
| #define PACKAGE_STRING "libffi 3.99999"
| #define PACKAGE_BUGREPORT "http://github.com/libffi/libffi/issues"
| #define PACKAGE_URL ""
| #define PACKAGE "libffi"
| #define VERSION "3.99999"
| #define STDC_HEADERS 1
| #define HAVE_SYS_TYPES_H 1
| #define HAVE_SYS_STAT_H 1
| #define HAVE_STDLIB_H 1
| #define HAVE_STRING_H 1
| #define HAVE_MEMORY_H 1
| #define HAVE_STRINGS_H 1
| #define HAVE_INTTYPES_H 1
| #define HAVE_STDINT_H 1
| #define HAVE_UNISTD_H 1
| #define LT_OBJDIR ".libs/"
| #define SIZEOF_SIZE_T 4
| #define STDC_HEADERS 1
| #define HAVE_MEMCPY 1
| /* end confdefs.h.  */
| #include <stdio.h>
| #ifdef HAVE_SYS_TYPES_H
| # include <sys/types.h>
| #endif
| #ifdef HAVE_SYS_STAT_H
| # include <sys/stat.h>
| #endif
| #ifdef STDC_HEADERS
| # include <stdlib.h>
| # include <stddef.h>
| #else
| # ifdef HAVE_STDLIB_H
| #  include <stdlib.h>
| # endif
| #endif
| #ifdef HAVE_STRING_H
| # if !defined STDC_HEADERS && defined HAVE_MEMORY_H
| #  include <memory.h>
| # endif
| # include <string.h>
| #endif
| #ifdef HAVE_STRINGS_H
| # include <strings.h>
| #endif
| #ifdef HAVE_INTTYPES_H
| # include <inttypes.h>
| #endif
| #ifdef HAVE_STDINT_H
| # include <stdint.h>
| #endif
| #ifdef HAVE_UNISTD_H
| # include <unistd.h>
| #endif
| int
| main ()
| {
| if (sizeof ((size_t)))
| 	    return 0;
|   ;
|   return 0;
| }
configure:17740: result: yes
configure:17753: checking for working alloca.h
configure:17770: i686-w64-mingw32-gcc -o conftest.exe   -Wall -fexceptions   conftest.c  >&5
conftest.c:25:10: fatal error: alloca.h: No such file or directory
 #include <alloca.h>
          ^~~~~~~~~~
compilation terminated.
configure:17770: $? = 1
configure: failed program was:
| /* confdefs.h */
| #define PACKAGE_NAME "libffi"
| #define PACKAGE_TARNAME "libffi"
| #define PACKAGE_VERSION "3.99999"
| #define PACKAGE_STRING "libffi 3.99999"
| #define PACKAGE_BUGREPORT "http://github.com/libffi/libffi/issues"
| #define PACKAGE_URL ""
| #define PACKAGE "libffi"
| #define VERSION "3.99999"
| #define STDC_HEADERS 1
| #define HAVE_SYS_TYPES_H 1
| #define HAVE_SYS_STAT_H 1
| #define HAVE_STDLIB_H 1
| #define HAVE_STRING_H 1
| #define HAVE_MEMORY_H 1
| #define HAVE_STRINGS_H 1
| #define HAVE_INTTYPES_H 1
| #define HAVE_STDINT_H 1
| #define HAVE_UNISTD_H 1
| #define LT_OBJDIR ".libs/"
| #define SIZEOF_SIZE_T 4
| #define STDC_HEADERS 1
| #define HAVE_MEMCPY 1
| /* end confdefs.h.  */
| #include <alloca.h>
| int
| main ()
| {
| char *p = (char *) alloca (2 * sizeof (int));
| 			  if (p) return 0;
|   ;
|   return 0;
| }
configure:17778: result: no
configure:17786: checking for alloca
configure:17823: i686-w64-mingw32-gcc -o conftest.exe   -Wall -fexceptions   conftest.c  >&5
configure:17823: $? = 0
configure:17831: result: yes
configure:17942: checking size of double
configure:17947: i686-w64-mingw32-gcc -o conftest.exe   -Wall -fexceptions   conftest.c  >&5
configure:17947: $? = 0
configure:17947: ./conftest.exe
configure:17947: $? = 0
configure:17961: result: 8
configure:17975: checking size of long double
configure:17980: i686-w64-mingw32-gcc -o conftest.exe   -Wall -fexceptions   conftest.c  >&5
configure:17980: $? = 0
configure:17980: ./conftest.exe
configure:17980: $? = 0
configure:17994: result: 12
configure:18027: checking whether byte ordering is bigendian
configure:18042: i686-w64-mingw32-gcc -c   -Wall -fexceptions  conftest.c >&5
conftest.c:30:9: error: unknown type name 'not'
         not a universal capable compiler
         ^~~
conftest.c:30:15: error: expected '=', ',', ';', 'asm' or '__attribute__' before 'universal'
         not a universal capable compiler
               ^~~~~~~~~
conftest.c:30:15: error: unknown type name 'universal'
configure:18042: $? = 1
configure: failed program was:
| /* confdefs.h */
| #define PACKAGE_NAME "libffi"
| #define PACKAGE_TARNAME "libffi"
| #define PACKAGE_VERSION "3.99999"
| #define PACKAGE_STRING "libffi 3.99999"
| #define PACKAGE_BUGREPORT "http://github.com/libffi/libffi/issues"
| #define PACKAGE_URL ""
| #define PACKAGE "libffi"
| #define VERSION "3.99999"
| #define STDC_HEADERS 1
| #define HAVE_SYS_TYPES_H 1
| #define HAVE_SYS_STAT_H 1
| #define HAVE_STDLIB_H 1
| #define HAVE_STRING_H 1
| #define HAVE_MEMORY_H 1
| #define HAVE_STRINGS_H 1
| #define HAVE_INTTYPES_H 1
| #define HAVE_STDINT_H 1
| #define HAVE_UNISTD_H 1
| #define LT_OBJDIR ".libs/"
| #define SIZEOF_SIZE_T 4
| #define STDC_HEADERS 1
| #define HAVE_MEMCPY 1
| #define HAVE_ALLOCA 1
| #define SIZEOF_DOUBLE 8
| #define SIZEOF_LONG_DOUBLE 12
| #define HAVE_LONG_DOUBLE 1
| /* end confdefs.h.  */
| #ifndef __APPLE_CC__
| 	       not a universal capable compiler
| 	     #endif
| 	     typedef int dummy;
| 
configure:18087: i686-w64-mingw32-gcc -c   -Wall -fexceptions  conftest.c >&5
configure:18087: $? = 0
configure:18105: i686-w64-mingw32-gcc -c   -Wall -fexceptions  conftest.c >&5
conftest.c: In function 'main':
conftest.c:36:4: error: unknown type name 'not'; did you mean 'ino_t'?
    not big endian
    ^~~
    ino_t
conftest.c:36:12: error: expected '=', ',', ';', 'asm' or '__attribute__' before 'endian'
    not big endian
            ^~~~~~
configure:18105: $? = 1
configure: failed program was:
| /* confdefs.h */
| #define PACKAGE_NAME "libffi"
| #define PACKAGE_TARNAME "libffi"
| #define PACKAGE_VERSION "3.99999"
| #define PACKAGE_STRING "libffi 3.99999"
| #define PACKAGE_BUGREPORT "http://github.com/libffi/libffi/issues"
| #define PACKAGE_URL ""
| #define PACKAGE "libffi"
| #define VERSION "3.99999"
| #define STDC_HEADERS 1
| #define HAVE_SYS_TYPES_H 1
| #define HAVE_SYS_STAT_H 1
| #define HAVE_STDLIB_H 1
| #define HAVE_STRING_H 1
| #define HAVE_MEMORY_H 1
| #define HAVE_STRINGS_H 1
| #define HAVE_INTTYPES_H 1
| #define HAVE_STDINT_H 1
| #define HAVE_UNISTD_H 1
| #define LT_OBJDIR ".libs/"
| #define SIZEOF_SIZE_T 4
| #define STDC_HEADERS 1
| #define HAVE_MEMCPY 1
| #define HAVE_ALLOCA 1
| #define SIZEOF_DOUBLE 8
| #define SIZEOF_LONG_DOUBLE 12
| #define HAVE_LONG_DOUBLE 1
| /* end confdefs.h.  */
| #include <sys/types.h>
| 		#include <sys/param.h>
| 
| int
| main ()
| {
| #if BYTE_ORDER != BIG_ENDIAN
| 		 not big endian
| 		#endif
| 
|   ;
|   return 0;
| }
configure:18233: result: no
configure:18252: checking assembler .cfi pseudo-op support
configure:18270: i686-w64-mingw32-gcc -c   -Wall -fexceptions  conftest.c >&5
configure:18270: $? = 0
configure:18278: result: yes
configure:18365: checking assembler supports pc related relocs
configure:18378: result: yes
configure:18424: checking for _ prefix in compiled symbols
configure:18434: i686-w64-mingw32-gcc -c   -Wall -fexceptions  conftest.c >&5
conftest.c: In function 'main':
conftest.c:2:12: warning: statement with no effect [-Wunused-value]
 int main(){nm_test_func;return 0;}
            ^~~~~~~~~~~~
configure:18437: $? = 0
configure:18441: nm conftest.o \| sed -n -e 's/^.*[	 ]\([ABCDGIRSTW][ABCDGIRSTW]*\)[	 ][	 ]*_\([_A-Za-z][_A-Za-z0-9]*\)\{0,1\}$/\1 _\2 \2/p' | sed '/ __gnu_lto/d' \> conftest.nm
configure:18444: $? = 0
configure:18466: result: yes
configure:18541: checking whether .eh_frame section should be read-only
configure:18563: result: yes
configure:18578: checking for __attribute__((visibility("hidden")))
configure:18587: i686-w64-mingw32-gcc -Werror -S conftest.c -o conftest.s 1>&5
conftest.c: In function 'foo':
conftest.c:1:1: error: visibility attribute not supported in this configuration; ignored [-Werror=attributes]
 int __attribute__ ((visibility ("hidden"))) foo (void) { return 1  ; }
 ^~~
cc1.exe: all warnings being treated as errors
configure:18590: $? = 1
configure:18599: result: no
configure:18738: checking for ld used by i686-w64-mingw32-gcc
configure:18805: result: C:/msys64/mingw32/i686-w64-mingw32/bin/ld.exe
configure:18812: checking if the linker (C:/msys64/mingw32/i686-w64-mingw32/bin/ld.exe) is GNU ld
configure:18827: result: yes
configure:18997: checking for shared libgcc
configure:19012: i686-w64-mingw32-gcc -o conftest.exe  -lgcc_s   conftest.c  >&5
configure:19012: $? = 0
configure:19050: result: yes
configure:19134: versioning on shared library symbols is gnu
configure:19214: updating cache config.cache
configure:19258: checking that generated files are newer than configure
configure:19264: result: done
configure:19332: creating ./config.status

## ---------------------- ##
## Running config.status. ##
## ---------------------- ##

This file was extended by libffi config.status 3.99999, which was
generated by GNU Autoconf 2.69.  Invocation command line was

  CONFIG_FILES    = 
  CONFIG_HEADERS  = 
  CONFIG_LINKS    = 
  CONFIG_COMMANDS = 
  $ ./config.status 

on NUC

config.status:1243: creating include/Makefile
config.status:1243: creating include/ffi.h
config.status:1243: creating Makefile
config.status:1243: creating testsuite/Makefile
config.status:1243: creating man/Makefile
config.status:1243: creating doc/Makefile
config.status:1243: creating libffi.pc
config.status:1243: creating fficonfig.h
config.status:1469: linking /f/REDUCE-SVN/trunk/libraries/libffi/src/x86/ffitarget.h to include/ffitarget.h
config.status:1488: executing buildir commands
config.status:1501: skipping top_srcdir/Makefile - not created
config.status:1488: executing depfiles commands
config.status:1709: cd .       && sed -e '/# am--include-marker/d' Makefile         | make -f - am--depfiles
config.status:1714: $? = 0
config.status:1488: executing libtool commands
config.status:1488: executing include commands
config.status:1488: executing src commands

## ---------------- ##
## Cache variables. ##
## ---------------- ##

ac_cv_build=x86_64-w64-mingw32
ac_cv_c_bigendian=no
ac_cv_c_compiler_gnu=yes
ac_cv_cflags_warn_all=-Wall
ac_cv_cxx_compiler_gnu=yes
ac_cv_env_CCASFLAGS_set=
ac_cv_env_CCASFLAGS_value=
ac_cv_env_CCAS_set=
ac_cv_env_CCAS_value=
ac_cv_env_CPPFLAGS_set=set
ac_cv_env_CPPFLAGS_value=
ac_cv_env_CPP_set=set
ac_cv_env_CPP_value='i686-w64-mingw32-gcc -E'
ac_cv_env_CXXCPP_set=set
ac_cv_env_CXXCPP_value='i686-w64-mingw32-g++ -E'
ac_cv_env_LT_SYS_LIBRARY_PATH_set=
ac_cv_env_LT_SYS_LIBRARY_PATH_value=
ac_cv_env_build_alias_set=
ac_cv_env_build_alias_value=
ac_cv_env_host_alias_set=set
ac_cv_env_host_alias_value=i686-w64-mingw32
ac_cv_env_target_alias_set=
ac_cv_env_target_alias_value=
ac_cv_exeext=.exe
ac_cv_func_alloca_works=yes
ac_cv_func_memcpy=yes
ac_cv_func_mkostemp=no
ac_cv_func_mmap=no
ac_cv_func_mmap_anon=no
ac_cv_func_mmap_dev_zero=no
ac_cv_func_mmap_file=no
ac_cv_header_dlfcn_h=no
ac_cv_header_inttypes_h=yes
ac_cv_header_memory_h=yes
ac_cv_header_stdc=yes
ac_cv_header_stdint_h=yes
ac_cv_header_stdlib_h=yes
ac_cv_header_string_h=yes
ac_cv_header_strings_h=yes
ac_cv_header_sys_mman_h=no
ac_cv_header_sys_stat_h=yes
ac_cv_header_sys_types_h=yes
ac_cv_header_unistd_h=yes
ac_cv_host=i686-w64-mingw32
ac_cv_objext=o
ac_cv_path_EGREP='/usr/bin/grep -E'
ac_cv_path_FGREP='/usr/bin/grep -F'
ac_cv_path_GREP=/usr/bin/grep
ac_cv_path_SED=/usr/bin/sed
ac_cv_path_ax_enable_builddir_sed=sed
ac_cv_path_install='/usr/bin/install -c'
ac_cv_path_lt_DD=/usr/bin/dd
ac_cv_path_mkdir=/usr/bin/mkdir
ac_cv_prog_AWK=gawk
ac_cv_prog_CC=i686-w64-mingw32-gcc
ac_cv_prog_CPP='i686-w64-mingw32-gcc -E'
ac_cv_prog_CXXCPP='i686-w64-mingw32-g++ -E'
ac_cv_prog_STRIP=strip
ac_cv_prog_ac_ct_AR=ar
ac_cv_prog_ac_ct_DLLTOOL=dlltool
ac_cv_prog_ac_ct_DUMPBIN='link -dump'
ac_cv_prog_ac_ct_OBJDUMP=objdump
ac_cv_prog_ac_ct_RANLIB=ranlib
ac_cv_prog_ac_ct_STRIP=strip
ac_cv_prog_cc_c89=
ac_cv_prog_cc_g=yes
ac_cv_prog_cxx_g=yes
ac_cv_prog_make_make_set=yes
ac_cv_sizeof_double=8
ac_cv_sizeof_long_double=12
ac_cv_sizeof_size_t=4
ac_cv_target=i686-w64-mingw32
ac_cv_type_size_t=yes
ac_cv_working_alloca_h=no
am_cv_CCAS_dependencies_compiler_type=gcc3
am_cv_CC_dependencies_compiler_type=gcc3
am_cv_CXX_dependencies_compiler_type=gcc3
am_cv_make_support_nested_variables=yes
am_cv_prog_cc_c_o=yes
ax_cv_c_compiler_vendor=gnu
gcc_cv_as_cfi_pseudo_op=yes
libffi_cv_as_x86_pcrel=yes
libffi_cv_hidden_visibility_attribute=no
libffi_cv_ro_eh_frame=yes
lt_cv_ar_at_file=@
lt_cv_archive_cmds_need_lc=yes
lt_cv_deplibs_check_method='file_magic ^x86 archive import|^x86 DLL'
lt_cv_file_magic_cmd=func_win32_libid
lt_cv_file_magic_test_file=
lt_cv_ld_reload_flag=-r
lt_cv_nm_interface='BSD nm'
lt_cv_objdir=.libs
lt_cv_path_LD=C:/msys64/mingw32/i686-w64-mingw32/bin/ld.exe
lt_cv_path_LDCXX=C:/msys64/mingw32/i686-w64-mingw32/bin/ld.exe
lt_cv_path_NM=no
lt_cv_path_mainfest_tool=no
lt_cv_prog_compiler_c_o=yes
lt_cv_prog_compiler_c_o_CXX=yes
lt_cv_prog_compiler_pic='-DDLL_EXPORT -DPIC'
lt_cv_prog_compiler_pic_CXX='-DDLL_EXPORT -DPIC'
lt_cv_prog_compiler_pic_works=yes
lt_cv_prog_compiler_pic_works_CXX=yes
lt_cv_prog_compiler_rtti_exceptions=no
lt_cv_prog_compiler_static_works=yes
lt_cv_prog_compiler_static_works_CXX=yes
lt_cv_prog_gnu_ld=yes
lt_cv_prog_gnu_ldcxx=yes
lt_cv_sharedlib_from_linklib_cmd=func_cygming_dll_for_implib
lt_cv_sys_global_symbol_pipe='sed -n -e '\''s/^.*[	 ]\([ABCDGIRSTW][ABCDGIRSTW]*\)[	 ][	 ]*_\([_A-Za-z][_A-Za-z0-9]*\)\{0,1\}$/\1 _\2 \2/p'\'' | sed '\''/ __gnu_lto/d'\'''
lt_cv_sys_global_symbol_to_c_name_address='sed -n -e '\''s/^: \(.*\) .*$/  {"\1", (void *) 0},/p'\'' -e '\''s/^[ABCDGIRSTW][ABCDGIRSTW]* .* \(.*\)$/  {"\1", (void *) \&\1},/p'\'''
lt_cv_sys_global_symbol_to_c_name_address_lib_prefix='sed -n -e '\''s/^: \(.*\) .*$/  {"\1", (void *) 0},/p'\'' -e '\''s/^[ABCDGIRSTW][ABCDGIRSTW]* .* \(lib.*\)$/  {"\1", (void *) \&\1},/p'\'' -e '\''s/^[ABCDGIRSTW][ABCDGIRSTW]* .* \(.*\)$/  {"lib\1", (void *) \&\1},/p'\'''
lt_cv_sys_global_symbol_to_cdecl='sed -n -e '\''s/^T .* \(.*\)$/extern int \1();/p'\'' -e '\''s/^[ABCDGIRSTW][ABCDGIRSTW]* .* \(.*\)$/extern char \1;/p'\'''
lt_cv_sys_global_symbol_to_import=
lt_cv_sys_max_cmd_len=8192
lt_cv_sys_symbol_underscore=yes
lt_cv_to_host_file_cmd=func_convert_file_msys_to_w32
lt_cv_to_tool_file_cmd=func_convert_file_msys_to_w32
lt_cv_truncate_bin='/usr/bin/dd bs=4096 count=1'

## ----------------- ##
## Output variables. ##
## ----------------- ##

ACLOCAL='${SHELL} /f/REDUCE-SVN/trunk/missing aclocal-1.16'
ALLOCA=''
AMDEPBACKSLASH='\'
AMDEP_FALSE='#'
AMDEP_TRUE=''
AMTAR='$${TAR-tar}'
AM_BACKSLASH='\'
AM_DEFAULT_V='$(AM_DEFAULT_VERBOSITY)'
AM_DEFAULT_VERBOSITY='1'
AM_LTLDFLAGS='-no-undefined -bindir "$(bindir)"'
AM_RUNTESTFLAGS=''
AM_V='$(V)'
AR='ar'
AUTOCONF='${SHELL} /f/REDUCE-SVN/trunk/missing autoconf'
AUTOHEADER='${SHELL} /f/REDUCE-SVN/trunk/missing autoheader'
AUTOMAKE='${SHELL} /f/REDUCE-SVN/trunk/missing automake-1.16'
AWK='gawk'
BUILD_DOCS_FALSE=''
BUILD_DOCS_TRUE='#'
CC='i686-w64-mingw32-gcc'
CCAS='i686-w64-mingw32-gcc'
CCASDEPMODE='depmode=gcc3'
CCASFLAGS=' '
CCDEPMODE='depmode=gcc3'
CFLAGS='  -Wall -fexceptions'
CPP='i686-w64-mingw32-gcc -E'
CPPFLAGS=''
CXX='i686-w64-mingw32-g++'
CXXCPP='i686-w64-mingw32-g++ -E'
CXXDEPMODE='depmode=gcc3'
CXXFLAGS=' '
CYGPATH_W='cygpath -w'
DEFS='-DHAVE_CONFIG_H'
DEPDIR='.deps'
DLLTOOL='dlltool'
DSYMUTIL=''
DUMPBIN=':'
ECHO_C=''
ECHO_N='-n'
ECHO_T=''
EGREP='/usr/bin/grep -E'
EXEEXT='.exe'
FFI_DEBUG_FALSE=''
FFI_DEBUG_TRUE='#'
FFI_EXEC_TRAMPOLINE_TABLE='0'
FFI_EXEC_TRAMPOLINE_TABLE_FALSE=''
FFI_EXEC_TRAMPOLINE_TABLE_TRUE='#'
FGREP='/usr/bin/grep -F'
GREP='/usr/bin/grep'
HAVE_LONG_DOUBLE='1'
HAVE_LONG_DOUBLE_VARIANT='0'
INSTALL_DATA='${INSTALL} -m 644'
INSTALL_PROGRAM='${INSTALL}'
INSTALL_SCRIPT='${INSTALL}'
INSTALL_STRIP_PROGRAM='$(install_sh) -c -s'
LD='C:/msys64/mingw32/i686-w64-mingw32/bin/ld.exe'
LDFLAGS=''
LIBFFI_BUILD_VERSIONED_SHLIB_FALSE='#'
LIBFFI_BUILD_VERSIONED_SHLIB_GNU_FALSE='#'
LIBFFI_BUILD_VERSIONED_SHLIB_GNU_TRUE=''
LIBFFI_BUILD_VERSIONED_SHLIB_SUN_FALSE=''
LIBFFI_BUILD_VERSIONED_SHLIB_SUN_TRUE='#'
LIBFFI_BUILD_VERSIONED_SHLIB_TRUE=''
LIBOBJS=''
LIBS=''
LIBTOOL='$(SHELL) $(top_builddir)/libtool'
LIPO=''
LN_S='cp -pR'
LTLIBOBJS=''
LT_SYS_LIBRARY_PATH=''
MAINT='#'
MAINTAINER_MODE_FALSE=''
MAINTAINER_MODE_TRUE='#'
MAKEINFO='${SHELL} /f/REDUCE-SVN/trunk/missing makeinfo'
MANIFEST_TOOL=':'
MKDIR_P='/usr/bin/mkdir -p'
NM='nm'
NMEDIT=''
OBJDUMP='objdump'
OBJEXT='o'
OPT_LDFLAGS='-Wl,-O1 '
OTOOL64=''
OTOOL=''
PACKAGE='libffi'
PACKAGE_BUGREPORT='http://github.com/libffi/libffi/issues'
PACKAGE_NAME='libffi'
PACKAGE_STRING='libffi 3.99999'
PACKAGE_TARNAME='libffi'
PACKAGE_URL=''
PACKAGE_VERSION='3.99999'
PATH_SEPARATOR=':'
PRTDIAG=''
RANLIB='ranlib'
SECTION_LDFLAGS=''
SED='/usr/bin/sed'
SET_MAKE=''
SHELL='/bin/sh'
STRIP='strip'
TARGET='X86_WIN32'
TARGETDIR='x86'
TARGET_OBJ=' src/x86/ffi.lo src/x86/sysv.lo'
TESTSUBDIR_FALSE='#'
TESTSUBDIR_TRUE=''
VERSION='3.99999'
ac_ct_AR='ar'
ac_ct_CC=''
ac_ct_CXX=''
ac_ct_DUMPBIN='link -dump'
am__EXEEXT_FALSE='#'
am__EXEEXT_TRUE=''
am__fastdepCCAS_FALSE='#'
am__fastdepCCAS_TRUE=''
am__fastdepCC_FALSE='#'
am__fastdepCC_TRUE=''
am__fastdepCXX_FALSE='#'
am__fastdepCXX_TRUE=''
am__include='include'
am__isrc=' -I$(srcdir)'
am__leading_dot='.'
am__nodep='_no'
am__quote=''
am__tar='$${TAR-tar} chof - "$$tardir"'
am__untar='$${TAR-tar} xf -'
ax_enable_builddir_sed='sed'
bindir='${exec_prefix}/bin'
build='x86_64-w64-mingw32'
build_alias='x86_64-w64-mingw32'
build_cpu='x86_64'
build_os='mingw32'
build_vendor='w64'
datadir='${datarootdir}'
datarootdir='${prefix}/share'
docdir='${datarootdir}/doc/${PACKAGE_TARNAME}'
dvidir='${docdir}'
exec_prefix='${prefix}'
host='i686-w64-mingw32'
host_alias='i686-w64-mingw32'
host_cpu='i686'
host_os='mingw32'
host_vendor='w64'
htmldir='${docdir}'
includedir='/f/REDUCE-SVN/trunk/cslbuild/i686-pc-windows/include'
infodir='${datarootdir}/info'
install_sh='${SHELL} /f/REDUCE-SVN/trunk/install-sh'
libdir='/f/REDUCE-SVN/trunk/cslbuild/i686-pc-windows/lib'
libexecdir='${exec_prefix}/libexec'
localedir='${datarootdir}/locale'
localstatedir='${prefix}/var'
mandir='${datarootdir}/man'
mkdir_p='$(MKDIR_P)'
oldincludedir='/usr/include'
pdfdir='${docdir}'
prefix='/f/REDUCE-SVN/trunk/cslbuild/i686-pc-windows'
program_transform_name='s,x,x,'
psdir='${docdir}'
sbindir='${exec_prefix}/sbin'
sharedstatedir='${prefix}/com'
sys_symbol_underscore='yes'
sysconfdir='${prefix}/etc'
target='i686-w64-mingw32'
target_alias='i686-w64-mingw32'
target_cpu='i686'
target_os='mingw32'
target_vendor='w64'
toolexecdir='/f/REDUCE-SVN/trunk/cslbuild/i686-pc-windows/lib/gcc-lib/$(target_alias)'
toolexeclibdir='/f/REDUCE-SVN/trunk/cslbuild/i686-pc-windows/lib'

## ----------- ##
## confdefs.h. ##
## ----------- ##

/* confdefs.h */
#define PACKAGE_NAME "libffi"
#define PACKAGE_TARNAME "libffi"
#define PACKAGE_VERSION "3.99999"
#define PACKAGE_STRING "libffi 3.99999"
#define PACKAGE_BUGREPORT "http://github.com/libffi/libffi/issues"
#define PACKAGE_URL ""
#define PACKAGE "libffi"
#define VERSION "3.99999"
#define STDC_HEADERS 1
#define HAVE_SYS_TYPES_H 1
#define HAVE_SYS_STAT_H 1
#define HAVE_STDLIB_H 1
#define HAVE_STRING_H 1
#define HAVE_MEMORY_H 1
#define HAVE_STRINGS_H 1
#define HAVE_INTTYPES_H 1
#define HAVE_STDINT_H 1
#define HAVE_UNISTD_H 1
#define LT_OBJDIR ".libs/"
#define SIZEOF_SIZE_T 4
#define STDC_HEADERS 1
#define HAVE_MEMCPY 1
#define HAVE_ALLOCA 1
#define SIZEOF_DOUBLE 8
#define SIZEOF_LONG_DOUBLE 12
#define HAVE_LONG_DOUBLE 1
#define HAVE_AS_CFI_PSEUDO_OP 1
#define HAVE_AS_X86_PCREL 1
#define SYMBOL_UNDERSCORE 1
#define HAVE_RO_EH_FRAME 1
#define EH_FRAME_FLAGS "a"
#define LIBFFI_GNU_SYMBOL_VERSIONING 1

configure: exit 0
