This file contains any messages produced by compilers while
running configure, to aid debugging if configure makes a mistake.

It was created by crlibm configure 1.0beta4, which was
generated by GNU Autoconf 2.69.  Invocation command line was

  $ /f/REDUCE-SVN/trunk/libraries/crlibm/configure -C --config-cache CC= CXX= CPPFLAGS= CFLAGS= CXXFLAGS= LDFLAGS= LIBS= --host=x86_64-w64-mingw32 host_alias=x86_64-w64-mingw32 --host=x86_64-w64-mingw32 CPPFLAGS= CFLAGS=  CXXFLAGS=  LDFLAGS= CC=x86_64-w64-mingw32-gcc CPP=x86_64-w64-mingw32-gcc -E CXX=x86_64-w64-mingw32-g++ CXXCPP=x86_64-w64-mingw32-g++ -E --prefix=/f/REDUCE-SVN/trunk/cslbuild/x86_64-pc-windows --libdir=/f/REDUCE-SVN/trunk/cslbuild/x86_64-pc-windows/lib --includedir=/f/REDUCE-SVN/trunk/cslbuild/x86_64-pc-windows/include

## --------- ##
## Platform. ##
## --------- ##

hostname = NUC
uname -m = x86_64
uname -r = 2.11.2(0.329/5/3)
uname -s = MINGW64_NT-6.1
uname -v = 2018-11-10 14:38

/usr/bin/uname -p = unknown
/bin/uname -X     = unknown

/bin/arch              = x86_64
/usr/bin/arch -k       = unknown
/usr/convex/getsysinfo = unknown
/usr/bin/hostinfo      = unknown
/bin/machine           = unknown
/usr/bin/oslevel       = unknown
/bin/universe          = unknown

PATH: /c/Users/kfp/bin
PATH: /mingw64/bin
PATH: /usr/local/bin
PATH: /usr/bin
PATH: /bin
PATH: /mingw64/bin
PATH: /usr/bin
PATH: /c/Users/kfp/bin
PATH: /c/Program Files/Haskell/bin
PATH: /c/Program Files/Haskell Platform/8.6.3/lib/extralibs/bin
PATH: /c/Program Files/Haskell Platform/8.6.3/bin
PATH: /c/emsdk-portable-64bit
PATH: /c/emsdk-portable-64bit/clang/e1.38.21_64bit
PATH: /c/emsdk-portable-64bit/node/8.9.1_64bit/bin
PATH: /c/emsdk-portable-64bit/python/2.7.13.1_64bit/python-2.7.13.amd64
PATH: /c/emsdk-portable-64bit/java/8.152_64bit/bin
PATH: /c/emsdk-portable-64bit/emscripten/1.38.21
PATH: /c/Program Files/Microsoft MPI/Bin
PATH: /c/ProgramData/Oracle/Java/javapath
PATH: /c/Python27
PATH: /c/Python27/Scripts
PATH: /c/Program Files/Common Files/Microsoft Shared/Windows Live
PATH: /c/Program Files (x86)/Common Files/Microsoft Shared/Windows Live
PATH: /c/Program Files (x86)/Intel/iCLS Client
PATH: /c/Program Files/Intel/iCLS Client
PATH: /c/Windows/system32
PATH: /c/Windows
PATH: /c/Windows/System32/Wbem
PATH: /c/Windows/System32/WindowsPowerShell/v1.0
PATH: /c/Program Files/Intel/Intel(R) Management Engine Components/DAL
PATH: /c/Program Files (x86)/Intel/Intel(R) Management Engine Components/DAL
PATH: /c/Program Files/Intel/Intel(R) Management Engine Components/IPT
PATH: /c/Program Files (x86)/Intel/Intel(R) Management Engine Components/IPT
PATH: /c/Program Files/Intel/WiFi/bin
PATH: /c/Program Files/Common Files/Intel/WirelessCommon
PATH: /c/Program Files (x86)/Windows Live/Shared
PATH: /c/Program Files/PuTTY
PATH: /c/Program Files/TortoiseHg
PATH: /c/Program Files/jEdit
PATH: /c/Program Files/MiKTeX 2.9/miktex/bin/x64
PATH: /c/Program Files/gnuplot/bin
PATH: /c/Program Files/TortoiseSVN/bin
PATH: /c/Program Files/nodejs
PATH: /c/jEdit
PATH: /c/Windows/System32/WindowsPowerShell/v1.0
PATH: /c/Program Files (x86)/GnuPG/bin
PATH: /c/Program Files/Asymptote
PATH: /c/msys64/mingw64/bin
PATH: /c/lean-3.4.1-windows/bin
PATH: /c/Windows/System32/WindowsPowerShell/v1.0
PATH: /c/Program Files (x86)/JoeEditor
PATH: /c/Program Files/Git/cmd
PATH: /c/SBCL/1.4.14
PATH: /c/Program Files/Haskell Platform/8.6.3/mingw/bin
PATH: /c/Program Files/TortoiseGit/bin
PATH: /c/Users/kfp/AppData/Local/Programs/Python/Python37/Scripts
PATH: /c/Users/kfp/AppData/Local/Programs/Python/Python37
PATH: /c/Users/kfp/AppData/Roaming/cabal/bin
PATH: /c/Users/kfp/AppData/Roaming/local/bin
PATH: /c/msys64/mingw32/bin
PATH: /c/msys64/mingw32/lib/pure
PATH: /c/Aldor/bin
PATH: /c/Pure
PATH: /c/Pure/lib
PATH: /c/Users/kfp/AppData/Roaming/npm
PATH: /c/Program Files (x86)/GNU/units
PATH: /c/Users/kfp/AppData/Local/atom/bin
PATH: /c/Gle4/bin
PATH: /c/Users/kfp/AppData/Local/Programs/Microsoft VS Code/bin
PATH: /c/Users/kfp/AppData/Local/hyper/app-2.1.0-canary2/resources/bin
PATH: /c/LLVM/bin
PATH: /c/Users/kfp/AppData/Local/Pandoc
PATH: /usr/bin/vendor_perl
PATH: /usr/bin/core_perl


## ----------- ##
## Core tests. ##
## ----------- ##

configure:2295: loading site script /mingw64/etc/config.site
| # This file is in public domain.
| # Original author: Karlson2k (Evgeny Grin)
| # Written for MSys2/MinGW64 to help running 'configure' scripts
| 
| # Defaults for MinGW64-targeted programs
| 
| # Set proper selfname on bash and fallback to default name on other shells
| test -n "${BASH_SOURCE}" 2>/dev/null && config_site_me="${BASH_SOURCE[0]##*/}" || config_site_me=config.site
| 
| # Set default 'host' to speedup configure
| if test -z "$build_alias"; then
|   build_alias="${MSYSTEM_CHOST-x86_64-w64-mingw32}" && \
|     ${as_echo-echo} "$config_site_me:${as_lineno-$LINENO}: default build_alias set to $build_alias" >&5
| fi
| 
| # Set default 'prefix' to "/mingw64"
| if ( test -z "$prefix" || test "x$prefix" = "xNONE" ) && \
|    ( test -z "$exec_prefix" || test "x$exec_prefix" = "xNONE" ); then
|   prefix="${MSYSTEM_PREFIX-/mingw64}" && \
|     ${as_echo-echo} "$config_site_me:${as_lineno-$LINENO}: default prefix set to $prefix" >&5
| fi
config.site:13: default build_alias set to x86_64-w64-mingw32
configure:2318: creating cache config.cache
configure:2437: checking for a BSD-compatible install
configure:2505: result: /usr/bin/install -c
configure:2516: checking whether build environment is sane
configure:2571: result: yes
configure:2630: checking for x86_64-w64-mingw32-strip
configure:2660: result: no
configure:2670: checking for strip
configure:2686: found /mingw64/bin/strip
configure:2697: result: strip
configure:2722: checking for a thread-safe mkdir -p
configure:2761: result: /usr/bin/mkdir -p
configure:2768: checking for gawk
configure:2784: found /usr/bin/gawk
configure:2795: result: gawk
configure:2806: checking whether make sets $(MAKE)
configure:2828: result: yes
configure:2857: checking whether make supports nested variables
configure:2874: result: yes
configure:3013: checking build system type
configure:3027: result: x86_64-w64-mingw32
configure:3047: checking host system type
configure:3060: result: x86_64-w64-mingw32
configure:3146: checking whether make sets $(MAKE)
configure:3168: result: yes
configure:3189: checking for x86_64-w64-mingw32-gcc
configure:3216: result: x86_64-w64-mingw32-gcc
configure:3291: checking for C compiler version
configure:3300: x86_64-w64-mingw32-gcc --version >&5
x86_64-w64-mingw32-gcc.exe (Rev2, Built by MSYS2 project) 7.3.0
Copyright (C) 2017 Free Software Foundation, Inc.
This is free software; see the source for copying conditions.  There is NO
warranty; not even for MERCHANTABILITY or FITNESS FOR A PARTICULAR PURPOSE.

configure:3311: $? = 0
configure:3300: x86_64-w64-mingw32-gcc -v >&5
Using built-in specs.
COLLECT_GCC=C:\git-sdk-64\mingw64\bin\x86_64-w64-mingw32-gcc.exe
COLLECT_LTO_WRAPPER=C:/git-sdk-64/mingw64/bin/../lib/gcc/x86_64-w64-mingw32/7.3.0/lto-wrapper.exe
Target: x86_64-w64-mingw32
Configured with: ../gcc-7.3.0/configure --prefix=/mingw64 --with-local-prefix=/mingw64/local --build=x86_64-w64-mingw32 --host=x86_64-w64-mingw32 --target=x86_64-w64-mingw32 --with-native-system-header-dir=/mingw64/x86_64-w64-mingw32/include --libexecdir=/mingw64/lib --enable-bootstrap --with-arch=x86-64 --with-tune=generic --enable-languages=c,lto,c++,objc,obj-c++,fortran,ada --enable-shared --enable-static --enable-libatomic --enable-threads=posix --enable-graphite --enable-fully-dynamic-string --enable-libstdcxx-time=yes --enable-libstdcxx-filesystem-ts=yes --disable-libstdcxx-pch --disable-libstdcxx-debug --disable-isl-version-check --enable-lto --enable-libgomp --disable-multilib --enable-checking=release --disable-rpath --disable-win32-registry --disable-nls --disable-werror --disable-symvers --with-libiconv --with-system-zlib --with-gmp=/mingw64 --with-mpfr=/mingw64 --with-mpc=/mingw64 --with-isl=/mingw64 --with-pkgversion='Rev2, Built by MSYS2 project' --with-bugurl=https://sourceforge.net/projects/msys2 --with-gnu-as --with-gnu-ld
Thread model: posix
gcc version 7.3.0 (Rev2, Built by MSYS2 project) 
configure:3311: $? = 0
configure:3300: x86_64-w64-mingw32-gcc -V >&5
x86_64-w64-mingw32-gcc.exe: error: unrecognized command line option '-V'
x86_64-w64-mingw32-gcc.exe: fatal error: no input files
compilation terminated.
configure:3311: $? = 1
configure:3300: x86_64-w64-mingw32-gcc -qversion >&5
x86_64-w64-mingw32-gcc.exe: error: unrecognized command line option '-qversion'; did you mean '--version'?
x86_64-w64-mingw32-gcc.exe: fatal error: no input files
compilation terminated.
configure:3311: $? = 1
configure:3331: checking whether the C compiler works
configure:3353: x86_64-w64-mingw32-gcc     conftest.c  >&5
configure:3357: $? = 0
configure:3405: result: yes
configure:3408: checking for C compiler default output file name
configure:3410: result: a.exe
configure:3416: checking for suffix of executables
configure:3423: x86_64-w64-mingw32-gcc -o conftest.exe     conftest.c  >&5
configure:3427: $? = 0
configure:3449: result: .exe
configure:3471: checking whether we are cross compiling
configure:3479: x86_64-w64-mingw32-gcc -o conftest.exe     conftest.c  >&5
configure:3483: $? = 0
configure:3490: ./conftest.exe
configure:3494: $? = 0
configure:3509: result: no
configure:3514: checking for suffix of object files
configure:3536: x86_64-w64-mingw32-gcc -c    conftest.c >&5
configure:3540: $? = 0
configure:3561: result: o
configure:3565: checking whether we are using the GNU C compiler
configure:3584: x86_64-w64-mingw32-gcc -c    conftest.c >&5
configure:3584: $? = 0
configure:3593: result: yes
configure:3602: checking whether x86_64-w64-mingw32-gcc accepts -g
configure:3622: x86_64-w64-mingw32-gcc -c -g  conftest.c >&5
configure:3622: $? = 0
configure:3663: result: yes
configure:3680: checking for x86_64-w64-mingw32-gcc option to accept ISO C89
configure:3743: x86_64-w64-mingw32-gcc  -c    conftest.c >&5
configure:3743: $? = 0
configure:3756: result: none needed
configure:3781: checking whether x86_64-w64-mingw32-gcc understands -c and -o together
configure:3803: x86_64-w64-mingw32-gcc -c conftest.c -o conftest2.o
configure:3806: $? = 0
configure:3803: x86_64-w64-mingw32-gcc -c conftest.c -o conftest2.o
configure:3806: $? = 0
configure:3818: result: yes
configure:3846: checking for style of include used by make
configure:3874: result: GNU
configure:3900: checking dependency style of x86_64-w64-mingw32-gcc
configure:4011: result: gcc3
configure:4090: checking for x86_64-w64-mingw32-ranlib
configure:4120: result: no
configure:4130: checking for ranlib
configure:4146: found /mingw64/bin/ranlib
configure:4157: result: ranlib
configure:4179: checking whether ln -s works
configure:4186: result: no, using cp -pR
configure:4197: checking how to run the C preprocessor
configure:4267: result: x86_64-w64-mingw32-gcc -E
configure:4287: x86_64-w64-mingw32-gcc -E  conftest.c
configure:4287: $? = 0
configure:4301: x86_64-w64-mingw32-gcc -E  conftest.c
conftest.c:13:10: fatal error: ac_nonexistent.h: No such file or directory
 #include <ac_nonexistent.h>
          ^~~~~~~~~~~~~~~~~~
compilation terminated.
configure:4301: $? = 1
configure: failed program was:
| /* confdefs.h */
| #define PACKAGE_NAME "crlibm"
| #define PACKAGE_TARNAME "crlibm"
| #define PACKAGE_VERSION "1.0beta4"
| #define PACKAGE_STRING "crlibm 1.0beta4"
| #define PACKAGE_BUGREPORT ""
| #define PACKAGE_URL ""
| #define PACKAGE "crlibm"
| #define VERSION "1.0beta4"
| #define CRLIBM_TYPEOS_CYGWIN 1
| #define CRLIBM_TYPECPU_AMD64 1
| /* end confdefs.h.  */
| #include <ac_nonexistent.h>
configure:4330: checking for grep that handles long lines and -e
configure:4388: result: /usr/bin/grep
configure:4393: checking for egrep
configure:4455: result: /usr/bin/grep -E
configure:4460: checking for ANSI C header files
configure:4480: x86_64-w64-mingw32-gcc -c    conftest.c >&5
configure:4480: $? = 0
configure:4553: x86_64-w64-mingw32-gcc -o conftest.exe     conftest.c  >&5
configure:4553: $? = 0
configure:4553: ./conftest.exe
configure:4553: $? = 0
configure:4564: result: yes
configure:4572: checking for an ANSI C-conforming const
configure:4638: x86_64-w64-mingw32-gcc -c    conftest.c >&5
configure:4638: $? = 0
configure:4645: result: yes
configure:4653: checking for inline
configure:4669: x86_64-w64-mingw32-gcc -c    conftest.c >&5
configure:4669: $? = 0
configure:4677: result: inline
configure:4699: checking for sqrt
configure:4699: x86_64-w64-mingw32-gcc -o conftest.exe     conftest.c  >&5
conftest.c:37:6: warning: conflicting types for built-in function 'sqrt' [-Wbuiltin-declaration-mismatch]
 char sqrt ();
      ^~~~
configure:4699: $? = 0
configure:4699: result: yes
configure:4713: checking for sys/types.h
configure:4713: x86_64-w64-mingw32-gcc -c    conftest.c >&5
configure:4713: $? = 0
configure:4713: result: yes
configure:4713: checking for sys/stat.h
configure:4713: x86_64-w64-mingw32-gcc -c    conftest.c >&5
configure:4713: $? = 0
configure:4713: result: yes
configure:4713: checking for stdlib.h
configure:4713: x86_64-w64-mingw32-gcc -c    conftest.c >&5
configure:4713: $? = 0
configure:4713: result: yes
configure:4713: checking for string.h
configure:4713: x86_64-w64-mingw32-gcc -c    conftest.c >&5
configure:4713: $? = 0
configure:4713: result: yes
configure:4713: checking for memory.h
configure:4713: x86_64-w64-mingw32-gcc -c    conftest.c >&5
configure:4713: $? = 0
configure:4713: result: yes
configure:4713: checking for strings.h
configure:4713: x86_64-w64-mingw32-gcc -c    conftest.c >&5
configure:4713: $? = 0
configure:4713: result: yes
configure:4713: checking for inttypes.h
configure:4713: x86_64-w64-mingw32-gcc -c    conftest.c >&5
configure:4713: $? = 0
configure:4713: result: yes
configure:4713: checking for stdint.h
configure:4713: x86_64-w64-mingw32-gcc -c    conftest.c >&5
configure:4713: $? = 0
configure:4713: result: yes
configure:4713: checking for unistd.h
configure:4713: x86_64-w64-mingw32-gcc -c    conftest.c >&5
configure:4713: $? = 0
configure:4713: result: yes
configure:4727: checking fenv.h usability
configure:4727: x86_64-w64-mingw32-gcc -c    conftest.c >&5
configure:4727: $? = 0
configure:4727: result: yes
configure:4727: checking fenv.h presence
configure:4727: x86_64-w64-mingw32-gcc -E  conftest.c
configure:4727: $? = 0
configure:4727: result: yes
configure:4727: checking for fenv.h
configure:4727: result: yes
configure:4739: checking float.h usability
configure:4739: x86_64-w64-mingw32-gcc -c    conftest.c >&5
configure:4739: $? = 0
configure:4739: result: yes
configure:4739: checking float.h presence
configure:4739: x86_64-w64-mingw32-gcc -E  conftest.c
configure:4739: $? = 0
configure:4739: result: yes
configure:4739: checking for float.h
configure:4739: result: yes
configure:4749: checking fpu_control.h usability
configure:4749: x86_64-w64-mingw32-gcc -c    conftest.c >&5
conftest.c:59:10: fatal error: fpu_control.h: No such file or directory
 #include <fpu_control.h>
          ^~~~~~~~~~~~~~~
compilation terminated.
configure:4749: $? = 1
configure: failed program was:
| /* confdefs.h */
| #define PACKAGE_NAME "crlibm"
| #define PACKAGE_TARNAME "crlibm"
| #define PACKAGE_VERSION "1.0beta4"
| #define PACKAGE_STRING "crlibm 1.0beta4"
| #define PACKAGE_BUGREPORT ""
| #define PACKAGE_URL ""
| #define PACKAGE "crlibm"
| #define VERSION "1.0beta4"
| #define CRLIBM_TYPEOS_CYGWIN 1
| #define CRLIBM_TYPECPU_AMD64 1
| #define STDC_HEADERS 1
| #define HAVE_SQRT 1
| #define HAVE_SYS_TYPES_H 1
| #define HAVE_SYS_STAT_H 1
| #define HAVE_STDLIB_H 1
| #define HAVE_STRING_H 1
| #define HAVE_MEMORY_H 1
| #define HAVE_STRINGS_H 1
| #define HAVE_INTTYPES_H 1
| #define HAVE_STDINT_H 1
| #define HAVE_UNISTD_H 1
| #define HAVE_FENV_H 1
| #define HAVE_FLOAT_H 1
| /* end confdefs.h.  */
| #include <stdio.h>
| #ifdef HAVE_SYS_TYPES_H
| # include <sys/types.h>
| #endif
| #ifdef HAVE_SYS_STAT_H
| # include <sys/stat.h>
| #endif
| #ifdef STDC_HEADERS
| # include <stdlib.h>
| # include <stddef.h>
| #else
| # ifdef HAVE_STDLIB_H
| #  include <stdlib.h>
| # endif
| #endif
| #ifdef HAVE_STRING_H
| # if !defined STDC_HEADERS && defined HAVE_MEMORY_H
| #  include <memory.h>
| # endif
| # include <string.h>
| #endif
| #ifdef HAVE_STRINGS_H
| # include <strings.h>
| #endif
| #ifdef HAVE_INTTYPES_H
| # include <inttypes.h>
| #endif
| #ifdef HAVE_STDINT_H
| # include <stdint.h>
| #endif
| #ifdef HAVE_UNISTD_H
| # include <unistd.h>
| #endif
| #include <fpu_control.h>
configure:4749: result: no
configure:4749: checking fpu_control.h presence
configure:4749: x86_64-w64-mingw32-gcc -E  conftest.c
conftest.c:26:10: fatal error: fpu_control.h: No such file or directory
 #include <fpu_control.h>
          ^~~~~~~~~~~~~~~
compilation terminated.
configure:4749: $? = 1
configure: failed program was:
| /* confdefs.h */
| #define PACKAGE_NAME "crlibm"
| #define PACKAGE_TARNAME "crlibm"
| #define PACKAGE_VERSION "1.0beta4"
| #define PACKAGE_STRING "crlibm 1.0beta4"
| #define PACKAGE_BUGREPORT ""
| #define PACKAGE_URL ""
| #define PACKAGE "crlibm"
| #define VERSION "1.0beta4"
| #define CRLIBM_TYPEOS_CYGWIN 1
| #define CRLIBM_TYPECPU_AMD64 1
| #define STDC_HEADERS 1
| #define HAVE_SQRT 1
| #define HAVE_SYS_TYPES_H 1
| #define HAVE_SYS_STAT_H 1
| #define HAVE_STDLIB_H 1
| #define HAVE_STRING_H 1
| #define HAVE_MEMORY_H 1
| #define HAVE_STRINGS_H 1
| #define HAVE_INTTYPES_H 1
| #define HAVE_STDINT_H 1
| #define HAVE_UNISTD_H 1
| #define HAVE_FENV_H 1
| #define HAVE_FLOAT_H 1
| /* end confdefs.h.  */
| #include <fpu_control.h>
configure:4749: result: no
configure:4749: checking for fpu_control.h
configure:4749: result: no
configure:4775: checking for log in -lm
configure:4800: x86_64-w64-mingw32-gcc -o conftest.exe     conftest.c -lm   >&5
conftest.c:33:6: warning: conflicting types for built-in function 'log' [-Wbuiltin-declaration-mismatch]
 char log ();
      ^~~
configure:4800: $? = 0
configure:4809: result: yes
configure:4821: checking whether byte ordering is bigendian
configure:4836: x86_64-w64-mingw32-gcc -c    conftest.c >&5
conftest.c:28:9: error: unknown type name 'not'
         not a universal capable compiler
         ^~~
conftest.c:28:15: error: expected '=', ',', ';', 'asm' or '__attribute__' before 'universal'
         not a universal capable compiler
               ^~~~~~~~~
conftest.c:28:15: error: unknown type name 'universal'
configure:4836: $? = 1
configure: failed program was:
| /* confdefs.h */
| #define PACKAGE_NAME "crlibm"
| #define PACKAGE_TARNAME "crlibm"
| #define PACKAGE_VERSION "1.0beta4"
| #define PACKAGE_STRING "crlibm 1.0beta4"
| #define PACKAGE_BUGREPORT ""
| #define PACKAGE_URL ""
| #define PACKAGE "crlibm"
| #define VERSION "1.0beta4"
| #define CRLIBM_TYPEOS_CYGWIN 1
| #define CRLIBM_TYPECPU_AMD64 1
| #define STDC_HEADERS 1
| #define HAVE_SQRT 1
| #define HAVE_SYS_TYPES_H 1
| #define HAVE_SYS_STAT_H 1
| #define HAVE_STDLIB_H 1
| #define HAVE_STRING_H 1
| #define HAVE_MEMORY_H 1
| #define HAVE_STRINGS_H 1
| #define HAVE_INTTYPES_H 1
| #define HAVE_STDINT_H 1
| #define HAVE_UNISTD_H 1
| #define HAVE_FENV_H 1
| #define HAVE_FLOAT_H 1
| #define HAVE_LIBM 1
| /* end confdefs.h.  */
| #ifndef __APPLE_CC__
| 	       not a universal capable compiler
| 	     #endif
| 	     typedef int dummy;
| 
configure:4881: x86_64-w64-mingw32-gcc -c    conftest.c >&5
configure:4881: $? = 0
configure:4899: x86_64-w64-mingw32-gcc -c    conftest.c >&5
conftest.c: In function 'main':
conftest.c:34:4: error: unknown type name 'not'; did you mean 'ino_t'?
    not big endian
    ^~~
    ino_t
conftest.c:34:12: error: expected '=', ',', ';', 'asm' or '__attribute__' before 'endian'
    not big endian
            ^~~~~~
configure:4899: $? = 1
configure: failed program was:
| /* confdefs.h */
| #define PACKAGE_NAME "crlibm"
| #define PACKAGE_TARNAME "crlibm"
| #define PACKAGE_VERSION "1.0beta4"
| #define PACKAGE_STRING "crlibm 1.0beta4"
| #define PACKAGE_BUGREPORT ""
| #define PACKAGE_URL ""
| #define PACKAGE "crlibm"
| #define VERSION "1.0beta4"
| #define CRLIBM_TYPEOS_CYGWIN 1
| #define CRLIBM_TYPECPU_AMD64 1
| #define STDC_HEADERS 1
| #define HAVE_SQRT 1
| #define HAVE_SYS_TYPES_H 1
| #define HAVE_SYS_STAT_H 1
| #define HAVE_STDLIB_H 1
| #define HAVE_STRING_H 1
| #define HAVE_MEMORY_H 1
| #define HAVE_STRINGS_H 1
| #define HAVE_INTTYPES_H 1
| #define HAVE_STDINT_H 1
| #define HAVE_UNISTD_H 1
| #define HAVE_FENV_H 1
| #define HAVE_FLOAT_H 1
| #define HAVE_LIBM 1
| /* end confdefs.h.  */
| #include <sys/types.h>
| 		#include <sys/param.h>
| 
| int
| main ()
| {
| #if BYTE_ORDER != BIG_ENDIAN
| 		 not big endian
| 		#endif
| 
|   ;
|   return 0;
| }
configure:5027: result: no
configure:5048: checking for long double with more range or precision than double
configure:5084: x86_64-w64-mingw32-gcc -c    conftest.c >&5
configure:5084: $? = 0
configure:5091: result: yes
configure:5112: checking size of int
configure:5117: x86_64-w64-mingw32-gcc -o conftest.exe     conftest.c -lm  >&5
configure:5117: $? = 0
configure:5117: ./conftest.exe
configure:5117: $? = 0
configure:5131: result: 4
configure:5972: updating cache config.cache
configure:6016: checking that generated files are newer than configure
configure:6022: result: done
configure:6066: creating ./config.status

## ---------------------- ##
## Running config.status. ##
## ---------------------- ##

This file was extended by crlibm config.status 1.0beta4, which was
generated by GNU Autoconf 2.69.  Invocation command line was

  CONFIG_FILES    = 
  CONFIG_HEADERS  = 
  CONFIG_LINKS    = 
  CONFIG_COMMANDS = 
  $ ./config.status 

on NUC

config.status:886: creating Makefile
config.status:886: creating tests/Makefile
config.status:886: creating scs_lib/Makefile
config.status:886: creating crlibm_config.h
config.status:1100: executing depfiles commands

## ---------------- ##
## Cache variables. ##
## ---------------- ##

ac_cv_build=x86_64-w64-mingw32
ac_cv_c_bigendian=no
ac_cv_c_compiler_gnu=yes
ac_cv_c_const=yes
ac_cv_c_inline=inline
ac_cv_c_long_double=yes
ac_cv_env_CC_set=set
ac_cv_env_CC_value=x86_64-w64-mingw32-gcc
ac_cv_env_CFLAGS_set=set
ac_cv_env_CFLAGS_value=' '
ac_cv_env_CPPFLAGS_set=set
ac_cv_env_CPPFLAGS_value=
ac_cv_env_CPP_set=set
ac_cv_env_CPP_value='x86_64-w64-mingw32-gcc -E'
ac_cv_env_LDFLAGS_set=set
ac_cv_env_LDFLAGS_value=
ac_cv_env_LIBS_set=set
ac_cv_env_LIBS_value=
ac_cv_env_build_alias_set=
ac_cv_env_build_alias_value=
ac_cv_env_host_alias_set=set
ac_cv_env_host_alias_value=x86_64-w64-mingw32
ac_cv_env_target_alias_set=
ac_cv_env_target_alias_value=
ac_cv_exeext=.exe
ac_cv_func_sqrt=yes
ac_cv_header_fenv_h=yes
ac_cv_header_float_h=yes
ac_cv_header_fpu_control_h=no
ac_cv_header_inttypes_h=yes
ac_cv_header_memory_h=yes
ac_cv_header_stdc=yes
ac_cv_header_stdint_h=yes
ac_cv_header_stdlib_h=yes
ac_cv_header_string_h=yes
ac_cv_header_strings_h=yes
ac_cv_header_sys_stat_h=yes
ac_cv_header_sys_types_h=yes
ac_cv_header_unistd_h=yes
ac_cv_host=x86_64-w64-mingw32
ac_cv_lib_m_log=yes
ac_cv_objext=o
ac_cv_path_EGREP='/usr/bin/grep -E'
ac_cv_path_GREP=/usr/bin/grep
ac_cv_path_install='/usr/bin/install -c'
ac_cv_path_mkdir=/usr/bin/mkdir
ac_cv_prog_AWK=gawk
ac_cv_prog_CC=x86_64-w64-mingw32-gcc
ac_cv_prog_CPP='x86_64-w64-mingw32-gcc -E'
ac_cv_prog_ac_ct_RANLIB=ranlib
ac_cv_prog_ac_ct_STRIP=strip
ac_cv_prog_cc_c89=
ac_cv_prog_cc_g=yes
ac_cv_prog_make_make_set=yes
ac_cv_sizeof_int=4
ac_cv_type_long_double_wider=yes
am_cv_CC_dependencies_compiler_type=gcc3
am_cv_make_support_nested_variables=yes
am_cv_prog_cc_c_o=yes

## ----------------- ##
## Output variables. ##
## ----------------- ##

ACLOCAL='${SHELL} /f/REDUCE-SVN/trunk/libraries/crlibm/missing aclocal-1.14'
AMDEPBACKSLASH='\'
AMDEP_FALSE='#'
AMDEP_TRUE=''
AMTAR='$${TAR-tar}'
AM_BACKSLASH='\'
AM_DEFAULT_V='$(AM_DEFAULT_VERBOSITY)'
AM_DEFAULT_VERBOSITY='1'
AM_V='$(V)'
AUTOCONF='${SHELL} /f/REDUCE-SVN/trunk/libraries/crlibm/missing autoconf'
AUTOHEADER='${SHELL} /f/REDUCE-SVN/trunk/libraries/crlibm/missing autoheader'
AUTOMAKE='${SHELL} /f/REDUCE-SVN/trunk/libraries/crlibm/missing automake-1.14'
AWK='gawk'
CC='x86_64-w64-mingw32-gcc'
CCDEPMODE='depmode=gcc3'
CFLAGS=' '
COMPILER_ICC_FALSE=''
COMPILER_ICC_TRUE='#'
CPP='x86_64-w64-mingw32-gcc -E'
CPPFLAGS=''
CYGPATH_W='cygpath -w'
DEFS='-DHAVE_CONFIG_H'
DEPDIR='.deps'
ECHO_C=''
ECHO_N='-n'
ECHO_T=''
EGREP='/usr/bin/grep -E'
EXEEXT='.exe'
GREP='/usr/bin/grep'
HAS_FPU_CONTROL_FALSE=''
HAS_FPU_CONTROL_TRUE='#'
INSTALL_DATA='${INSTALL} -m 644'
INSTALL_PROGRAM='${INSTALL}'
INSTALL_SCRIPT='${INSTALL}'
INSTALL_STRIP_PROGRAM='$(install_sh) -c -s'
ISODATE='2019-03-10'
LDFLAGS=''
LIBOBJS=''
LIBS='-lm '
LN_S='cp -pR'
LTLIBOBJS=''
MAKEINFO='${SHELL} /f/REDUCE-SVN/trunk/libraries/crlibm/missing makeinfo'
MKDIR_P='/usr/bin/mkdir -p'
OBJEXT='o'
PACKAGE='crlibm'
PACKAGE_BUGREPORT=''
PACKAGE_NAME='crlibm'
PACKAGE_STRING='crlibm 1.0beta4'
PACKAGE_TARNAME='crlibm'
PACKAGE_URL=''
PACKAGE_VERSION='1.0beta4'
PATH_SEPARATOR=':'
RANLIB='ranlib'
SET_MAKE=''
SHELL='/bin/sh'
STRIP='strip'
USE_HARDWARE_DE_FALSE=''
USE_HARDWARE_DE_TRUE='#'
USE_INTERVAL_FUNCTIONS_FALSE=''
USE_INTERVAL_FUNCTIONS_TRUE='#'
USE_SSE2_FALSE=''
USE_SSE2_TRUE='#'
VERSION='1.0beta4'
ac_ct_CC=''
am__EXEEXT_FALSE='#'
am__EXEEXT_TRUE=''
am__fastdepCC_FALSE='#'
am__fastdepCC_TRUE=''
am__include='include'
am__isrc=' -I$(srcdir)'
am__leading_dot='.'
am__nodep='_no'
am__quote=''
am__tar='$${TAR-tar} chof - "$$tardir"'
am__untar='$${TAR-tar} xf -'
bindir='${exec_prefix}/bin'
build='x86_64-w64-mingw32'
build_alias='x86_64-w64-mingw32'
build_cpu='x86_64'
build_os='mingw32'
build_vendor='w64'
datadir='${datarootdir}'
datarootdir='${prefix}/share'
docdir='${datarootdir}/doc/${PACKAGE_TARNAME}'
dvidir='${docdir}'
exec_prefix='${prefix}'
host='x86_64-w64-mingw32'
host_alias='x86_64-w64-mingw32'
host_cpu='x86_64'
host_os='mingw32'
host_vendor='w64'
htmldir='${docdir}'
includedir='/f/REDUCE-SVN/trunk/cslbuild/x86_64-pc-windows/include'
infodir='${datarootdir}/info'
install_sh='${SHELL} /f/REDUCE-SVN/trunk/libraries/crlibm/install-sh'
libdir='/f/REDUCE-SVN/trunk/cslbuild/x86_64-pc-windows/lib'
libexecdir='${exec_prefix}/libexec'
localedir='${datarootdir}/locale'
localstatedir='${prefix}/var'
mandir='${datarootdir}/man'
mkdir_p='$(MKDIR_P)'
oldincludedir='/usr/include'
pdfdir='${docdir}'
prefix='/f/REDUCE-SVN/trunk/cslbuild/x86_64-pc-windows'
program_transform_name='s,x,x,'
psdir='${docdir}'
sbindir='${exec_prefix}/sbin'
sharedstatedir='${prefix}/com'
sysconfdir='${prefix}/etc'
target_alias=''

## ----------- ##
## confdefs.h. ##
## ----------- ##

/* confdefs.h */
#define PACKAGE_NAME "crlibm"
#define PACKAGE_TARNAME "crlibm"
#define PACKAGE_VERSION "1.0beta4"
#define PACKAGE_STRING "crlibm 1.0beta4"
#define PACKAGE_BUGREPORT ""
#define PACKAGE_URL ""
#define PACKAGE "crlibm"
#define VERSION "1.0beta4"
#define CRLIBM_TYPEOS_CYGWIN 1
#define CRLIBM_TYPECPU_AMD64 1
#define STDC_HEADERS 1
#define HAVE_SQRT 1
#define HAVE_SYS_TYPES_H 1
#define HAVE_SYS_STAT_H 1
#define HAVE_STDLIB_H 1
#define HAVE_STRING_H 1
#define HAVE_MEMORY_H 1
#define HAVE_STRINGS_H 1
#define HAVE_INTTYPES_H 1
#define HAVE_STDINT_H 1
#define HAVE_UNISTD_H 1
#define HAVE_FENV_H 1
#define HAVE_FLOAT_H 1
#define HAVE_LIBM 1
#define HAVE_LONG_DOUBLE_WIDER 1
#define HAVE_LONG_DOUBLE 1
#define SIZEOF_INT 4
#define SCS_NB_WORDS 8
#define SCS_NB_BITS 30

configure: exit 0
