This file contains any messages produced by compilers while
running configure, to aid debugging if configure makes a mistake.

It was created by Redfront configure 3.3, which was
generated by GNU Autoconf 2.69.  Invocation command line was

  $ /f/REDUCE-SVN/trunk/generic/newfront/configure -C --config-cache CC= CXX= CPPFLAGS= CFLAGS= CXXFLAGS= LDFLAGS= LIBS= CC=i686-w64-mingw32-gcc CXX=i686-w64-mingw32-g++ CPPFLAGS= CFLAGS=  CXXFLAGS=  LDFLAGS= --prefix=/f/REDUCE-SVN/trunk/cslbuild/i686-pc-windows --libdir=/f/REDUCE-SVN/trunk/cslbuild/i686-pc-windows/lib --includedir=/f/REDUCE-SVN/trunk/cslbuild/i686-pc-windows/include

## --------- ##
## Platform. ##
## --------- ##

hostname = NUC
uname -m = x86_64
uname -r = 2.11.2(0.329/5/3)
uname -s = MINGW64_NT-6.1
uname -v = 2018-11-10 14:38

/usr/bin/uname -p = unknown
/bin/uname -X     = unknown

/bin/arch              = x86_64
/usr/bin/arch -k       = unknown
/usr/convex/getsysinfo = unknown
/usr/bin/hostinfo      = unknown
/bin/machine           = unknown
/usr/bin/oslevel       = unknown
/bin/universe          = unknown

PATH: /c/Users/kfp/bin
PATH: /mingw64/bin
PATH: /usr/local/bin
PATH: /usr/bin
PATH: /bin
PATH: /mingw64/bin
PATH: /usr/bin
PATH: /c/Users/kfp/bin
PATH: /c/Program Files/Haskell/bin
PATH: /c/Program Files/Haskell Platform/8.6.3/lib/extralibs/bin
PATH: /c/Program Files/Haskell Platform/8.6.3/bin
PATH: /c/emsdk-portable-64bit
PATH: /c/emsdk-portable-64bit/clang/e1.38.21_64bit
PATH: /c/emsdk-portable-64bit/node/8.9.1_64bit/bin
PATH: /c/emsdk-portable-64bit/python/2.7.13.1_64bit/python-2.7.13.amd64
PATH: /c/emsdk-portable-64bit/java/8.152_64bit/bin
PATH: /c/emsdk-portable-64bit/emscripten/1.38.21
PATH: /c/Program Files/Microsoft MPI/Bin
PATH: /c/ProgramData/Oracle/Java/javapath
PATH: /c/Python27
PATH: /c/Python27/Scripts
PATH: /c/Program Files/Common Files/Microsoft Shared/Windows Live
PATH: /c/Program Files (x86)/Common Files/Microsoft Shared/Windows Live
PATH: /c/Program Files (x86)/Intel/iCLS Client
PATH: /c/Program Files/Intel/iCLS Client
PATH: /c/Windows/system32
PATH: /c/Windows
PATH: /c/Windows/System32/Wbem
PATH: /c/Windows/System32/WindowsPowerShell/v1.0
PATH: /c/Program Files/Intel/Intel(R) Management Engine Components/DAL
PATH: /c/Program Files (x86)/Intel/Intel(R) Management Engine Components/DAL
PATH: /c/Program Files/Intel/Intel(R) Management Engine Components/IPT
PATH: /c/Program Files (x86)/Intel/Intel(R) Management Engine Components/IPT
PATH: /c/Program Files/Intel/WiFi/bin
PATH: /c/Program Files/Common Files/Intel/WirelessCommon
PATH: /c/Program Files (x86)/Windows Live/Shared
PATH: /c/Program Files/PuTTY
PATH: /c/Program Files/TortoiseHg
PATH: /c/Program Files/jEdit
PATH: /c/Program Files/MiKTeX 2.9/miktex/bin/x64
PATH: /c/Program Files/gnuplot/bin
PATH: /c/Program Files/TortoiseSVN/bin
PATH: /c/Program Files/nodejs
PATH: /c/jEdit
PATH: /c/Windows/System32/WindowsPowerShell/v1.0
PATH: /c/Program Files (x86)/GnuPG/bin
PATH: /c/Program Files/Asymptote
PATH: /c/msys64/mingw64/bin
PATH: /c/lean-3.4.1-windows/bin
PATH: /c/Windows/System32/WindowsPowerShell/v1.0
PATH: /c/Program Files (x86)/JoeEditor
PATH: /c/Program Files/Git/cmd
PATH: /c/SBCL/1.4.14
PATH: /c/Program Files/Haskell Platform/8.6.3/mingw/bin
PATH: /c/Program Files/TortoiseGit/bin
PATH: /c/Users/kfp/AppData/Local/Programs/Python/Python37/Scripts
PATH: /c/Users/kfp/AppData/Local/Programs/Python/Python37
PATH: /c/Users/kfp/AppData/Roaming/cabal/bin
PATH: /c/Users/kfp/AppData/Roaming/local/bin
PATH: /c/msys64/mingw32/bin
PATH: /c/msys64/mingw32/lib/pure
PATH: /c/Aldor/bin
PATH: /c/Pure
PATH: /c/Pure/lib
PATH: /c/Users/kfp/AppData/Roaming/npm
PATH: /c/Program Files (x86)/GNU/units
PATH: /c/Users/kfp/AppData/Local/atom/bin
PATH: /c/Gle4/bin
PATH: /c/Users/kfp/AppData/Local/Programs/Microsoft VS Code/bin
PATH: /c/Users/kfp/AppData/Local/hyper/app-2.1.0-canary2/resources/bin
PATH: /c/LLVM/bin
PATH: /c/Users/kfp/AppData/Local/Pandoc
PATH: /usr/bin/vendor_perl
PATH: /usr/bin/core_perl


## ----------- ##
## Core tests. ##
## ----------- ##

configure:2124: loading site script /mingw64/etc/config.site
| # This file is in public domain.
| # Original author: Karlson2k (Evgeny Grin)
| # Written for MSys2/MinGW64 to help running 'configure' scripts
| 
| # Defaults for MinGW64-targeted programs
| 
| # Set proper selfname on bash and fallback to default name on other shells
| test -n "${BASH_SOURCE}" 2>/dev/null && config_site_me="${BASH_SOURCE[0]##*/}" || config_site_me=config.site
| 
| # Set default 'host' to speedup configure
| if test -z "$build_alias"; then
|   build_alias="${MSYSTEM_CHOST-x86_64-w64-mingw32}" && \
|     ${as_echo-echo} "$config_site_me:${as_lineno-$LINENO}: default build_alias set to $build_alias" >&5
| fi
| 
| # Set default 'prefix' to "/mingw64"
| if ( test -z "$prefix" || test "x$prefix" = "xNONE" ) && \
|    ( test -z "$exec_prefix" || test "x$exec_prefix" = "xNONE" ); then
|   prefix="${MSYSTEM_PREFIX-/mingw64}" && \
|     ${as_echo-echo} "$config_site_me:${as_lineno-$LINENO}: default prefix set to $prefix" >&5
| fi
config.site:13: default build_alias set to x86_64-w64-mingw32
configure:2147: creating cache config.cache
configure:2266: checking for a BSD-compatible install
configure:2334: result: /usr/bin/install -c
configure:2345: checking whether build environment is sane
configure:2400: result: yes
configure:2551: checking for a thread-safe mkdir -p
configure:2590: result: /usr/bin/mkdir -p
configure:2597: checking for gawk
configure:2613: found /usr/bin/gawk
configure:2624: result: gawk
configure:2635: checking whether make sets $(MAKE)
configure:2657: result: yes
configure:2686: checking whether make supports nested variables
configure:2703: result: yes
configure:2859: checking build system type
configure:2873: result: x86_64-w64-mingw32
configure:2893: checking host system type
configure:2906: result: x86_64-w64-mingw32
configure:2947: checking how to print strings
configure:2974: result: printf
configure:2999: checking whether make supports the include directive
configure:3014: make -f confmf.GNU && cat confinc.out
this is the am__doit target
configure:3017: $? = 0
configure:3036: result: yes (GNU style)
configure:3106: checking for gcc
configure:3133: result: i686-w64-mingw32-gcc
configure:3362: checking for C compiler version
configure:3371: i686-w64-mingw32-gcc --version >&5
i686-w64-mingw32-gcc.exe (Rev1, Built by MSYS2 project) 7.2.0
Copyright (C) 2017 Free Software Foundation, Inc.
This is free software; see the source for copying conditions.  There is NO
warranty; not even for MERCHANTABILITY or FITNESS FOR A PARTICULAR PURPOSE.

configure:3382: $? = 0
configure:3371: i686-w64-mingw32-gcc -v >&5
Using built-in specs.
COLLECT_GCC=C:\msys64\mingw32\bin\i686-w64-mingw32-gcc.exe
COLLECT_LTO_WRAPPER=C:/msys64/mingw32/bin/../lib/gcc/i686-w64-mingw32/7.2.0/lto-wrapper.exe
Target: i686-w64-mingw32
Configured with: ../gcc-7.2.0/configure --prefix=/mingw32 --with-local-prefix=/mingw32/local --build=i686-w64-mingw32 --host=i686-w64-mingw32 --target=i686-w64-mingw32 --with-native-system-header-dir=/mingw32/i686-w64-mingw32/include --libexecdir=/mingw32/lib --enable-bootstrap --with-arch=i686 --with-tune=generic --enable-languages=c,lto,c++,objc,obj-c++,fortran,ada --enable-shared --enable-static --enable-libatomic --enable-threads=posix --enable-graphite --enable-fully-dynamic-string --enable-libstdcxx-time=yes --disable-libstdcxx-pch --disable-libstdcxx-debug --disable-isl-version-check --enable-lto --enable-libgomp --disable-multilib --enable-checking=release --disable-rpath --disable-win32-registry --disable-nls --disable-werror --disable-symvers --with-libiconv --with-system-zlib --with-gmp=/mingw32 --with-mpfr=/mingw32 --with-mpc=/mingw32 --with-isl=/mingw32 --with-pkgversion='Rev1, Built by MSYS2 project' --with-bugurl=https://sourceforge.net/projects/msys2 --with-gnu-as --with-gnu-ld --disable-sjlj-exceptions --with-dwarf2
Thread model: posix
gcc version 7.2.0 (Rev1, Built by MSYS2 project) 
configure:3382: $? = 0
configure:3371: i686-w64-mingw32-gcc -V >&5
i686-w64-mingw32-gcc.exe: error: unrecognized command line option '-V'
i686-w64-mingw32-gcc.exe: fatal error: no input files
compilation terminated.
configure:3382: $? = 1
configure:3371: i686-w64-mingw32-gcc -qversion >&5
i686-w64-mingw32-gcc.exe: error: unrecognized command line option '-qversion'; did you mean '--version'?
i686-w64-mingw32-gcc.exe: fatal error: no input files
compilation terminated.
configure:3382: $? = 1
configure:3402: checking whether the C compiler works
configure:3424: i686-w64-mingw32-gcc     conftest.c  >&5
configure:3428: $? = 0
configure:3476: result: yes
configure:3479: checking for C compiler default output file name
configure:3481: result: a.exe
configure:3487: checking for suffix of executables
configure:3494: i686-w64-mingw32-gcc -o conftest.exe     conftest.c  >&5
configure:3498: $? = 0
configure:3520: result: .exe
configure:3542: checking whether we are cross compiling
configure:3550: i686-w64-mingw32-gcc -o conftest.exe     conftest.c  >&5
configure:3554: $? = 0
configure:3561: ./conftest.exe
configure:3565: $? = 0
configure:3580: result: no
configure:3585: checking for suffix of object files
configure:3607: i686-w64-mingw32-gcc -c    conftest.c >&5
configure:3611: $? = 0
configure:3632: result: o
configure:3636: checking whether we are using the GNU C compiler
configure:3655: i686-w64-mingw32-gcc -c    conftest.c >&5
configure:3655: $? = 0
configure:3664: result: yes
configure:3673: checking whether i686-w64-mingw32-gcc accepts -g
configure:3693: i686-w64-mingw32-gcc -c -g  conftest.c >&5
configure:3693: $? = 0
configure:3734: result: yes
configure:3751: checking for i686-w64-mingw32-gcc option to accept ISO C89
configure:3814: i686-w64-mingw32-gcc  -c    conftest.c >&5
configure:3814: $? = 0
configure:3827: result: none needed
configure:3852: checking whether i686-w64-mingw32-gcc understands -c and -o together
configure:3874: i686-w64-mingw32-gcc -c conftest.c -o conftest2.o
configure:3877: $? = 0
configure:3874: i686-w64-mingw32-gcc -c conftest.c -o conftest2.o
configure:3877: $? = 0
configure:3889: result: yes
configure:3908: checking dependency style of i686-w64-mingw32-gcc
configure:4019: result: gcc3
configure:4034: checking for a sed that does not truncate output
configure:4098: result: /usr/bin/sed
configure:4116: checking for grep that handles long lines and -e
configure:4174: result: /usr/bin/grep
configure:4179: checking for egrep
configure:4241: result: /usr/bin/grep -E
configure:4246: checking for fgrep
configure:4308: result: /usr/bin/grep -F
configure:4343: checking for ld used by i686-w64-mingw32-gcc
configure:4410: result: C:/msys64/mingw32/i686-w64-mingw32/bin/ld.exe
configure:4417: checking if the linker (C:/msys64/mingw32/i686-w64-mingw32/bin/ld.exe) is GNU ld
configure:4432: result: yes
configure:4444: checking for BSD- or MS-compatible name lister (nm)
configure:4498: result: /mingw64/bin/nm -B
configure:4628: checking the name lister (/mingw64/bin/nm -B) interface
configure:4635: i686-w64-mingw32-gcc -c    conftest.c >&5
configure:4638: /mingw64/bin/nm -B "conftest.o"
configure:4641: output
00000000 b .bss
00000000 d .data
00000000 r .rdata$zzz
00000000 t .text
00000000 B _some_variable
configure:4648: result: BSD nm
configure:4651: checking whether ln -s works
configure:4658: result: no, using cp -pR
configure:4663: checking the maximum length of command line arguments
configure:4794: result: 8192
configure:4842: checking how to convert x86_64-w64-mingw32 file names to x86_64-w64-mingw32 format
configure:4882: result: func_convert_file_msys_to_w32
configure:4889: checking how to convert x86_64-w64-mingw32 file names to toolchain format
configure:4909: result: func_convert_file_msys_to_w32
configure:4916: checking for C:/msys64/mingw32/i686-w64-mingw32/bin/ld.exe option to reload object files
configure:4923: result: -r
configure:4997: checking for objdump
configure:5013: found /mingw64/bin/objdump
configure:5024: result: objdump
configure:5056: checking how to recognize dependent libraries
configure:5256: result: file_magic ^x86 archive import|^x86 DLL
configure:5341: checking for dlltool
configure:5357: found /mingw64/bin/dlltool
configure:5368: result: dlltool
configure:5401: checking how to associate runtime and link libraries
configure:5428: result: func_cygming_dll_for_implib
configure:5489: checking for ar
configure:5505: found /mingw64/bin/ar
configure:5516: result: ar
configure:5553: checking for archiver @FILE support
configure:5570: i686-w64-mingw32-gcc -c    conftest.c >&5
configure:5570: $? = 0
configure:5573: ar cru libconftest.a @conftest.lst >&5
configure:5576: $? = 0
configure:5581: ar cru libconftest.a @conftest.lst >&5
C:\git-sdk-64\mingw64\bin\ar.exe: conftest.o: No such file or directory
configure:5584: $? = 1
configure:5596: result: @
configure:5654: checking for strip
configure:5670: found /mingw64/bin/strip
configure:5681: result: strip
configure:5753: checking for ranlib
configure:5769: found /mingw64/bin/ranlib
configure:5780: result: ranlib
configure:5882: checking command to parse /mingw64/bin/nm -B output from i686-w64-mingw32-gcc object
configure:6035: i686-w64-mingw32-gcc -c    conftest.c >&5
configure:6038: $? = 0
configure:6042: /mingw64/bin/nm -B conftest.o \| sed -n -e 's/^.*[ ]\([ABCDGIRSTW][ABCDGIRSTW]*\)[ ][ ]*\([_A-Za-z][_A-Za-z0-9]*\)\{0,1\}$/\1 \2 \2/p' | sed '/ __gnu_lto/d' \> conftest.nm
configure:6045: $? = 0
cannot find nm_test_var in conftest.nm
configure:6035: i686-w64-mingw32-gcc -c    conftest.c >&5
configure:6038: $? = 0
configure:6042: /mingw64/bin/nm -B conftest.o \| sed -n -e 's/^.*[ ]\([ABCDGIRSTW][ABCDGIRSTW]*\)[ ][ ]*_\([_A-Za-z][_A-Za-z0-9]*\)\{0,1\}$/\1 _\2 \2/p' | sed '/ __gnu_lto/d' \> conftest.nm
configure:6045: $? = 0
configure:6111: i686-w64-mingw32-gcc -o conftest.exe     conftest.c conftstm.o >&5
configure:6114: $? = 0
configure:6152: result: ok
configure:6199: checking for sysroot
configure:6229: result: no
configure:6236: checking for a working dd
configure:6274: result: /usr/bin/dd
configure:6278: checking how to truncate binary pipes
configure:6293: result: /usr/bin/dd bs=4096 count=1
configure:6622: checking for mt
configure:6652: result: no
configure:6672: checking if : is a manifest tool
configure:6678: : '-?'
configure:6686: result: no
configure:7363: checking how to run the C preprocessor
configure:7394: i686-w64-mingw32-gcc -E  conftest.c
configure:7394: $? = 0
configure:7408: i686-w64-mingw32-gcc -E  conftest.c
conftest.c:11:10: fatal error: ac_nonexistent.h: No such file or directory
 #include <ac_nonexistent.h>
          ^~~~~~~~~~~~~~~~~~
compilation terminated.
configure:7408: $? = 1
configure: failed program was:
| /* confdefs.h */
| #define PACKAGE_NAME "Redfront"
| #define PACKAGE_TARNAME "redfront"
| #define PACKAGE_VERSION "3.3"
| #define PACKAGE_STRING "Redfront 3.3"
| #define PACKAGE_BUGREPORT "http://sourceforge.net/reduce-algebra"
| #define PACKAGE_URL ""
| #define PACKAGE "redfront"
| #define VERSION "3.3"
| /* end confdefs.h.  */
| #include <ac_nonexistent.h>
configure:7433: result: i686-w64-mingw32-gcc -E
configure:7453: i686-w64-mingw32-gcc -E  conftest.c
configure:7453: $? = 0
configure:7467: i686-w64-mingw32-gcc -E  conftest.c
conftest.c:11:10: fatal error: ac_nonexistent.h: No such file or directory
 #include <ac_nonexistent.h>
          ^~~~~~~~~~~~~~~~~~
compilation terminated.
configure:7467: $? = 1
configure: failed program was:
| /* confdefs.h */
| #define PACKAGE_NAME "Redfront"
| #define PACKAGE_TARNAME "redfront"
| #define PACKAGE_VERSION "3.3"
| #define PACKAGE_STRING "Redfront 3.3"
| #define PACKAGE_BUGREPORT "http://sourceforge.net/reduce-algebra"
| #define PACKAGE_URL ""
| #define PACKAGE "redfront"
| #define VERSION "3.3"
| /* end confdefs.h.  */
| #include <ac_nonexistent.h>
configure:7496: checking for ANSI C header files
configure:7516: i686-w64-mingw32-gcc -c    conftest.c >&5
configure:7516: $? = 0
configure:7589: i686-w64-mingw32-gcc -o conftest.exe     conftest.c  >&5
configure:7589: $? = 0
configure:7589: ./conftest.exe
configure:7589: $? = 0
configure:7600: result: yes
configure:7613: checking for sys/types.h
configure:7613: i686-w64-mingw32-gcc -c    conftest.c >&5
configure:7613: $? = 0
configure:7613: result: yes
configure:7613: checking for sys/stat.h
configure:7613: i686-w64-mingw32-gcc -c    conftest.c >&5
configure:7613: $? = 0
configure:7613: result: yes
configure:7613: checking for stdlib.h
configure:7613: i686-w64-mingw32-gcc -c    conftest.c >&5
configure:7613: $? = 0
configure:7613: result: yes
configure:7613: checking for string.h
configure:7613: i686-w64-mingw32-gcc -c    conftest.c >&5
configure:7613: $? = 0
configure:7613: result: yes
configure:7613: checking for memory.h
configure:7613: i686-w64-mingw32-gcc -c    conftest.c >&5
configure:7613: $? = 0
configure:7613: result: yes
configure:7613: checking for strings.h
configure:7613: i686-w64-mingw32-gcc -c    conftest.c >&5
configure:7613: $? = 0
configure:7613: result: yes
configure:7613: checking for inttypes.h
configure:7613: i686-w64-mingw32-gcc -c    conftest.c >&5
configure:7613: $? = 0
configure:7613: result: yes
configure:7613: checking for stdint.h
configure:7613: i686-w64-mingw32-gcc -c    conftest.c >&5
configure:7613: $? = 0
configure:7613: result: yes
configure:7613: checking for unistd.h
configure:7613: i686-w64-mingw32-gcc -c    conftest.c >&5
configure:7613: $? = 0
configure:7613: result: yes
configure:7627: checking for dlfcn.h
configure:7627: i686-w64-mingw32-gcc -c    conftest.c >&5
conftest.c:55:10: fatal error: dlfcn.h: No such file or directory
 #include <dlfcn.h>
          ^~~~~~~~~
compilation terminated.
configure:7627: $? = 1
configure: failed program was:
| /* confdefs.h */
| #define PACKAGE_NAME "Redfront"
| #define PACKAGE_TARNAME "redfront"
| #define PACKAGE_VERSION "3.3"
| #define PACKAGE_STRING "Redfront 3.3"
| #define PACKAGE_BUGREPORT "http://sourceforge.net/reduce-algebra"
| #define PACKAGE_URL ""
| #define PACKAGE "redfront"
| #define VERSION "3.3"
| #define STDC_HEADERS 1
| #define HAVE_SYS_TYPES_H 1
| #define HAVE_SYS_STAT_H 1
| #define HAVE_STDLIB_H 1
| #define HAVE_STRING_H 1
| #define HAVE_MEMORY_H 1
| #define HAVE_STRINGS_H 1
| #define HAVE_INTTYPES_H 1
| #define HAVE_STDINT_H 1
| #define HAVE_UNISTD_H 1
| /* end confdefs.h.  */
| #include <stdio.h>
| #ifdef HAVE_SYS_TYPES_H
| # include <sys/types.h>
| #endif
| #ifdef HAVE_SYS_STAT_H
| # include <sys/stat.h>
| #endif
| #ifdef STDC_HEADERS
| # include <stdlib.h>
| # include <stddef.h>
| #else
| # ifdef HAVE_STDLIB_H
| #  include <stdlib.h>
| # endif
| #endif
| #ifdef HAVE_STRING_H
| # if !defined STDC_HEADERS && defined HAVE_MEMORY_H
| #  include <memory.h>
| # endif
| # include <string.h>
| #endif
| #ifdef HAVE_STRINGS_H
| # include <strings.h>
| #endif
| #ifdef HAVE_INTTYPES_H
| # include <inttypes.h>
| #endif
| #ifdef HAVE_STDINT_H
| # include <stdint.h>
| #endif
| #ifdef HAVE_UNISTD_H
| # include <unistd.h>
| #endif
| 
| #include <dlfcn.h>
configure:7627: result: no
configure:7883: checking for objdir
configure:7898: result: .libs
configure:8162: checking if i686-w64-mingw32-gcc supports -fno-rtti -fno-exceptions
configure:8180: i686-w64-mingw32-gcc -c    -fno-rtti -fno-exceptions conftest.c >&5
cc1.exe: warning: command line option '-fno-rtti' is valid for C++/ObjC++ but not for C
configure:8184: $? = 0
configure:8197: result: no
configure:8555: checking for i686-w64-mingw32-gcc option to produce PIC
configure:8562: result: -DDLL_EXPORT -DPIC
configure:8570: checking if i686-w64-mingw32-gcc PIC flag -DDLL_EXPORT -DPIC works
configure:8588: i686-w64-mingw32-gcc -c    -DDLL_EXPORT -DPIC -DPIC conftest.c >&5
configure:8592: $? = 0
configure:8605: result: yes
configure:8634: checking if i686-w64-mingw32-gcc static flag -static works
configure:8662: result: yes
configure:8677: checking if i686-w64-mingw32-gcc supports -c -o file.o
configure:8698: i686-w64-mingw32-gcc -c    -o out/conftest2.o conftest.c >&5
configure:8702: $? = 0
configure:8724: result: yes
configure:8732: checking if i686-w64-mingw32-gcc supports -c -o file.o
configure:8779: result: yes
configure:8812: checking whether the i686-w64-mingw32-gcc linker (C:/msys64/mingw32/i686-w64-mingw32/bin/ld.exe) supports shared libraries
configure:10072: result: yes
configure:10109: checking whether -lc should be explicitly linked in
configure:10117: i686-w64-mingw32-gcc -c    conftest.c >&5
configure:10120: $? = 0
configure:10135: i686-w64-mingw32-gcc -shared conftest.o  -v -o ./conftest -Wl,--enable-auto-image-base -Xlinker --out-implib -Xlinker conftest 2\>\&1 \| /usr/bin/grep  -lc  \>/dev/null 2\>\&1
configure:10138: $? = 1
configure:10152: result: yes
configure:10312: checking dynamic linker characteristics
configure:11136: result: Win32 ld.exe
configure:11258: checking how to hardcode library paths into programs
configure:11283: result: immediate
configure:11831: checking whether stripping libraries is possible
configure:11836: result: yes
configure:11871: checking if libtool supports shared libraries
configure:11873: result: yes
configure:11876: checking whether to build shared libraries
configure:11901: result: yes
configure:11904: checking whether to build static libraries
configure:11908: result: yes
configure:12005: checking for gcc
configure:12032: result: i686-w64-mingw32-gcc
configure:12261: checking for C compiler version
configure:12270: i686-w64-mingw32-gcc --version >&5
i686-w64-mingw32-gcc.exe (Rev1, Built by MSYS2 project) 7.2.0
Copyright (C) 2017 Free Software Foundation, Inc.
This is free software; see the source for copying conditions.  There is NO
warranty; not even for MERCHANTABILITY or FITNESS FOR A PARTICULAR PURPOSE.

configure:12281: $? = 0
configure:12270: i686-w64-mingw32-gcc -v >&5
Using built-in specs.
COLLECT_GCC=C:\msys64\mingw32\bin\i686-w64-mingw32-gcc.exe
COLLECT_LTO_WRAPPER=C:/msys64/mingw32/bin/../lib/gcc/i686-w64-mingw32/7.2.0/lto-wrapper.exe
Target: i686-w64-mingw32
Configured with: ../gcc-7.2.0/configure --prefix=/mingw32 --with-local-prefix=/mingw32/local --build=i686-w64-mingw32 --host=i686-w64-mingw32 --target=i686-w64-mingw32 --with-native-system-header-dir=/mingw32/i686-w64-mingw32/include --libexecdir=/mingw32/lib --enable-bootstrap --with-arch=i686 --with-tune=generic --enable-languages=c,lto,c++,objc,obj-c++,fortran,ada --enable-shared --enable-static --enable-libatomic --enable-threads=posix --enable-graphite --enable-fully-dynamic-string --enable-libstdcxx-time=yes --disable-libstdcxx-pch --disable-libstdcxx-debug --disable-isl-version-check --enable-lto --enable-libgomp --disable-multilib --enable-checking=release --disable-rpath --disable-win32-registry --disable-nls --disable-werror --disable-symvers --with-libiconv --with-system-zlib --with-gmp=/mingw32 --with-mpfr=/mingw32 --with-mpc=/mingw32 --with-isl=/mingw32 --with-pkgversion='Rev1, Built by MSYS2 project' --with-bugurl=https://sourceforge.net/projects/msys2 --with-gnu-as --with-gnu-ld --disable-sjlj-exceptions --with-dwarf2
Thread model: posix
gcc version 7.2.0 (Rev1, Built by MSYS2 project) 
configure:12281: $? = 0
configure:12270: i686-w64-mingw32-gcc -V >&5
i686-w64-mingw32-gcc.exe: error: unrecognized command line option '-V'
i686-w64-mingw32-gcc.exe: fatal error: no input files
compilation terminated.
configure:12281: $? = 1
configure:12270: i686-w64-mingw32-gcc -qversion >&5
i686-w64-mingw32-gcc.exe: error: unrecognized command line option '-qversion'; did you mean '--version'?
i686-w64-mingw32-gcc.exe: fatal error: no input files
compilation terminated.
configure:12281: $? = 1
configure:12285: checking whether we are using the GNU C compiler
configure:12313: result: yes
configure:12322: checking whether i686-w64-mingw32-gcc accepts -g
configure:12383: result: yes
configure:12400: checking for i686-w64-mingw32-gcc option to accept ISO C89
configure:12476: result: none needed
configure:12501: checking whether i686-w64-mingw32-gcc understands -c and -o together
configure:12538: result: yes
configure:12557: checking dependency style of i686-w64-mingw32-gcc
configure:12668: result: gcc3
configure:12722: checking curses.h usability
configure:12722: i686-w64-mingw32-gcc -c    conftest.c >&5
conftest.c:57:10: fatal error: curses.h: No such file or directory
 #include <curses.h>
          ^~~~~~~~~~
compilation terminated.
configure:12722: $? = 1
configure: failed program was:
| /* confdefs.h */
| #define PACKAGE_NAME "Redfront"
| #define PACKAGE_TARNAME "redfront"
| #define PACKAGE_VERSION "3.3"
| #define PACKAGE_STRING "Redfront 3.3"
| #define PACKAGE_BUGREPORT "http://sourceforge.net/reduce-algebra"
| #define PACKAGE_URL ""
| #define PACKAGE "redfront"
| #define VERSION "3.3"
| #define STDC_HEADERS 1
| #define HAVE_SYS_TYPES_H 1
| #define HAVE_SYS_STAT_H 1
| #define HAVE_STDLIB_H 1
| #define HAVE_STRING_H 1
| #define HAVE_MEMORY_H 1
| #define HAVE_STRINGS_H 1
| #define HAVE_INTTYPES_H 1
| #define HAVE_STDINT_H 1
| #define HAVE_UNISTD_H 1
| #define LT_OBJDIR ".libs/"
| #define WIN32 1
| #define USE_PIPES 1
| /* end confdefs.h.  */
| #include <stdio.h>
| #ifdef HAVE_SYS_TYPES_H
| # include <sys/types.h>
| #endif
| #ifdef HAVE_SYS_STAT_H
| # include <sys/stat.h>
| #endif
| #ifdef STDC_HEADERS
| # include <stdlib.h>
| # include <stddef.h>
| #else
| # ifdef HAVE_STDLIB_H
| #  include <stdlib.h>
| # endif
| #endif
| #ifdef HAVE_STRING_H
| # if !defined STDC_HEADERS && defined HAVE_MEMORY_H
| #  include <memory.h>
| # endif
| # include <string.h>
| #endif
| #ifdef HAVE_STRINGS_H
| # include <strings.h>
| #endif
| #ifdef HAVE_INTTYPES_H
| # include <inttypes.h>
| #endif
| #ifdef HAVE_STDINT_H
| # include <stdint.h>
| #endif
| #ifdef HAVE_UNISTD_H
| # include <unistd.h>
| #endif
| #include <curses.h>
configure:12722: result: no
configure:12722: checking curses.h presence
configure:12722: i686-w64-mingw32-gcc -E  conftest.c
conftest.c:24:10: fatal error: curses.h: No such file or directory
 #include <curses.h>
          ^~~~~~~~~~
compilation terminated.
configure:12722: $? = 1
configure: failed program was:
| /* confdefs.h */
| #define PACKAGE_NAME "Redfront"
| #define PACKAGE_TARNAME "redfront"
| #define PACKAGE_VERSION "3.3"
| #define PACKAGE_STRING "Redfront 3.3"
| #define PACKAGE_BUGREPORT "http://sourceforge.net/reduce-algebra"
| #define PACKAGE_URL ""
| #define PACKAGE "redfront"
| #define VERSION "3.3"
| #define STDC_HEADERS 1
| #define HAVE_SYS_TYPES_H 1
| #define HAVE_SYS_STAT_H 1
| #define HAVE_STDLIB_H 1
| #define HAVE_STRING_H 1
| #define HAVE_MEMORY_H 1
| #define HAVE_STRINGS_H 1
| #define HAVE_INTTYPES_H 1
| #define HAVE_STDINT_H 1
| #define HAVE_UNISTD_H 1
| #define LT_OBJDIR ".libs/"
| #define WIN32 1
| #define USE_PIPES 1
| /* end confdefs.h.  */
| #include <curses.h>
configure:12722: result: no
configure:12722: checking for curses.h
configure:12722: result: no
configure:12731: checking ncurses.h usability
configure:12731: i686-w64-mingw32-gcc -c    conftest.c >&5
conftest.c:57:10: fatal error: ncurses.h: No such file or directory
 #include <ncurses.h>
          ^~~~~~~~~~~
compilation terminated.
configure:12731: $? = 1
configure: failed program was:
| /* confdefs.h */
| #define PACKAGE_NAME "Redfront"
| #define PACKAGE_TARNAME "redfront"
| #define PACKAGE_VERSION "3.3"
| #define PACKAGE_STRING "Redfront 3.3"
| #define PACKAGE_BUGREPORT "http://sourceforge.net/reduce-algebra"
| #define PACKAGE_URL ""
| #define PACKAGE "redfront"
| #define VERSION "3.3"
| #define STDC_HEADERS 1
| #define HAVE_SYS_TYPES_H 1
| #define HAVE_SYS_STAT_H 1
| #define HAVE_STDLIB_H 1
| #define HAVE_STRING_H 1
| #define HAVE_MEMORY_H 1
| #define HAVE_STRINGS_H 1
| #define HAVE_INTTYPES_H 1
| #define HAVE_STDINT_H 1
| #define HAVE_UNISTD_H 1
| #define LT_OBJDIR ".libs/"
| #define WIN32 1
| #define USE_PIPES 1
| /* end confdefs.h.  */
| #include <stdio.h>
| #ifdef HAVE_SYS_TYPES_H
| # include <sys/types.h>
| #endif
| #ifdef HAVE_SYS_STAT_H
| # include <sys/stat.h>
| #endif
| #ifdef STDC_HEADERS
| # include <stdlib.h>
| # include <stddef.h>
| #else
| # ifdef HAVE_STDLIB_H
| #  include <stdlib.h>
| # endif
| #endif
| #ifdef HAVE_STRING_H
| # if !defined STDC_HEADERS && defined HAVE_MEMORY_H
| #  include <memory.h>
| # endif
| # include <string.h>
| #endif
| #ifdef HAVE_STRINGS_H
| # include <strings.h>
| #endif
| #ifdef HAVE_INTTYPES_H
| # include <inttypes.h>
| #endif
| #ifdef HAVE_STDINT_H
| # include <stdint.h>
| #endif
| #ifdef HAVE_UNISTD_H
| # include <unistd.h>
| #endif
| #include <ncurses.h>
configure:12731: result: no
configure:12731: checking ncurses.h presence
configure:12731: i686-w64-mingw32-gcc -E  conftest.c
conftest.c:24:10: fatal error: ncurses.h: No such file or directory
 #include <ncurses.h>
          ^~~~~~~~~~~
compilation terminated.
configure:12731: $? = 1
configure: failed program was:
| /* confdefs.h */
| #define PACKAGE_NAME "Redfront"
| #define PACKAGE_TARNAME "redfront"
| #define PACKAGE_VERSION "3.3"
| #define PACKAGE_STRING "Redfront 3.3"
| #define PACKAGE_BUGREPORT "http://sourceforge.net/reduce-algebra"
| #define PACKAGE_URL ""
| #define PACKAGE "redfront"
| #define VERSION "3.3"
| #define STDC_HEADERS 1
| #define HAVE_SYS_TYPES_H 1
| #define HAVE_SYS_STAT_H 1
| #define HAVE_STDLIB_H 1
| #define HAVE_STRING_H 1
| #define HAVE_MEMORY_H 1
| #define HAVE_STRINGS_H 1
| #define HAVE_INTTYPES_H 1
| #define HAVE_STDINT_H 1
| #define HAVE_UNISTD_H 1
| #define LT_OBJDIR ".libs/"
| #define WIN32 1
| #define USE_PIPES 1
| /* end confdefs.h.  */
| #include <ncurses.h>
configure:12731: result: no
configure:12731: checking for ncurses.h
configure:12731: result: no
configure:12745: neither "curses.h" nor "ncurses.h" found
configure:12749: checking for socketpair in -lsocket
configure:12774: i686-w64-mingw32-gcc -o conftest.exe     conftest.c -lsocket   >&5
C:/msys64/mingw32/bin/../lib/gcc/i686-w64-mingw32/7.2.0/../../../../i686-w64-mingw32/bin/ld.exe: cannot find -lsocket
collect2.exe: error: ld returned 1 exit status
configure:12774: $? = 1
configure: failed program was:
| /* confdefs.h */
| #define PACKAGE_NAME "Redfront"
| #define PACKAGE_TARNAME "redfront"
| #define PACKAGE_VERSION "3.3"
| #define PACKAGE_STRING "Redfront 3.3"
| #define PACKAGE_BUGREPORT "http://sourceforge.net/reduce-algebra"
| #define PACKAGE_URL ""
| #define PACKAGE "redfront"
| #define VERSION "3.3"
| #define STDC_HEADERS 1
| #define HAVE_SYS_TYPES_H 1
| #define HAVE_SYS_STAT_H 1
| #define HAVE_STDLIB_H 1
| #define HAVE_STRING_H 1
| #define HAVE_MEMORY_H 1
| #define HAVE_STRINGS_H 1
| #define HAVE_INTTYPES_H 1
| #define HAVE_STDINT_H 1
| #define HAVE_UNISTD_H 1
| #define LT_OBJDIR ".libs/"
| #define WIN32 1
| #define USE_PIPES 1
| /* end confdefs.h.  */
| 
| /* Override any GCC internal prototype to avoid an error.
|    Use char because int might match the return type of a GCC
|    builtin and then its argument prototype would still apply.  */
| #ifdef __cplusplus
| extern "C"
| #endif
| char socketpair ();
| int
| main ()
| {
| return socketpair ();
|   ;
|   return 0;
| }
configure:12783: result: no
configure:12793: checking wait.h usability
configure:12793: i686-w64-mingw32-gcc -c    conftest.c >&5
conftest.c:57:10: fatal error: wait.h: No such file or directory
 #include <wait.h>
          ^~~~~~~~
compilation terminated.
configure:12793: $? = 1
configure: failed program was:
| /* confdefs.h */
| #define PACKAGE_NAME "Redfront"
| #define PACKAGE_TARNAME "redfront"
| #define PACKAGE_VERSION "3.3"
| #define PACKAGE_STRING "Redfront 3.3"
| #define PACKAGE_BUGREPORT "http://sourceforge.net/reduce-algebra"
| #define PACKAGE_URL ""
| #define PACKAGE "redfront"
| #define VERSION "3.3"
| #define STDC_HEADERS 1
| #define HAVE_SYS_TYPES_H 1
| #define HAVE_SYS_STAT_H 1
| #define HAVE_STDLIB_H 1
| #define HAVE_STRING_H 1
| #define HAVE_MEMORY_H 1
| #define HAVE_STRINGS_H 1
| #define HAVE_INTTYPES_H 1
| #define HAVE_STDINT_H 1
| #define HAVE_UNISTD_H 1
| #define LT_OBJDIR ".libs/"
| #define WIN32 1
| #define USE_PIPES 1
| /* end confdefs.h.  */
| #include <stdio.h>
| #ifdef HAVE_SYS_TYPES_H
| # include <sys/types.h>
| #endif
| #ifdef HAVE_SYS_STAT_H
| # include <sys/stat.h>
| #endif
| #ifdef STDC_HEADERS
| # include <stdlib.h>
| # include <stddef.h>
| #else
| # ifdef HAVE_STDLIB_H
| #  include <stdlib.h>
| # endif
| #endif
| #ifdef HAVE_STRING_H
| # if !defined STDC_HEADERS && defined HAVE_MEMORY_H
| #  include <memory.h>
| # endif
| # include <string.h>
| #endif
| #ifdef HAVE_STRINGS_H
| # include <strings.h>
| #endif
| #ifdef HAVE_INTTYPES_H
| # include <inttypes.h>
| #endif
| #ifdef HAVE_STDINT_H
| # include <stdint.h>
| #endif
| #ifdef HAVE_UNISTD_H
| # include <unistd.h>
| #endif
| #include <wait.h>
configure:12793: result: no
configure:12793: checking wait.h presence
configure:12793: i686-w64-mingw32-gcc -E  conftest.c
conftest.c:24:10: fatal error: wait.h: No such file or directory
 #include <wait.h>
          ^~~~~~~~
compilation terminated.
configure:12793: $? = 1
configure: failed program was:
| /* confdefs.h */
| #define PACKAGE_NAME "Redfront"
| #define PACKAGE_TARNAME "redfront"
| #define PACKAGE_VERSION "3.3"
| #define PACKAGE_STRING "Redfront 3.3"
| #define PACKAGE_BUGREPORT "http://sourceforge.net/reduce-algebra"
| #define PACKAGE_URL ""
| #define PACKAGE "redfront"
| #define VERSION "3.3"
| #define STDC_HEADERS 1
| #define HAVE_SYS_TYPES_H 1
| #define HAVE_SYS_STAT_H 1
| #define HAVE_STDLIB_H 1
| #define HAVE_STRING_H 1
| #define HAVE_MEMORY_H 1
| #define HAVE_STRINGS_H 1
| #define HAVE_INTTYPES_H 1
| #define HAVE_STDINT_H 1
| #define HAVE_UNISTD_H 1
| #define LT_OBJDIR ".libs/"
| #define WIN32 1
| #define USE_PIPES 1
| /* end confdefs.h.  */
| #include <wait.h>
configure:12793: result: no
configure:12793: checking for wait.h
configure:12793: result: no
configure:12793: checking sys/wait.h usability
configure:12793: i686-w64-mingw32-gcc -c    conftest.c >&5
conftest.c:57:10: fatal error: sys/wait.h: No such file or directory
 #include <sys/wait.h>
          ^~~~~~~~~~~~
compilation terminated.
configure:12793: $? = 1
configure: failed program was:
| /* confdefs.h */
| #define PACKAGE_NAME "Redfront"
| #define PACKAGE_TARNAME "redfront"
| #define PACKAGE_VERSION "3.3"
| #define PACKAGE_STRING "Redfront 3.3"
| #define PACKAGE_BUGREPORT "http://sourceforge.net/reduce-algebra"
| #define PACKAGE_URL ""
| #define PACKAGE "redfront"
| #define VERSION "3.3"
| #define STDC_HEADERS 1
| #define HAVE_SYS_TYPES_H 1
| #define HAVE_SYS_STAT_H 1
| #define HAVE_STDLIB_H 1
| #define HAVE_STRING_H 1
| #define HAVE_MEMORY_H 1
| #define HAVE_STRINGS_H 1
| #define HAVE_INTTYPES_H 1
| #define HAVE_STDINT_H 1
| #define HAVE_UNISTD_H 1
| #define LT_OBJDIR ".libs/"
| #define WIN32 1
| #define USE_PIPES 1
| /* end confdefs.h.  */
| #include <stdio.h>
| #ifdef HAVE_SYS_TYPES_H
| # include <sys/types.h>
| #endif
| #ifdef HAVE_SYS_STAT_H
| # include <sys/stat.h>
| #endif
| #ifdef STDC_HEADERS
| # include <stdlib.h>
| # include <stddef.h>
| #else
| # ifdef HAVE_STDLIB_H
| #  include <stdlib.h>
| # endif
| #endif
| #ifdef HAVE_STRING_H
| # if !defined STDC_HEADERS && defined HAVE_MEMORY_H
| #  include <memory.h>
| # endif
| # include <string.h>
| #endif
| #ifdef HAVE_STRINGS_H
| # include <strings.h>
| #endif
| #ifdef HAVE_INTTYPES_H
| # include <inttypes.h>
| #endif
| #ifdef HAVE_STDINT_H
| # include <stdint.h>
| #endif
| #ifdef HAVE_UNISTD_H
| # include <unistd.h>
| #endif
| #include <sys/wait.h>
configure:12793: result: no
configure:12793: checking sys/wait.h presence
configure:12793: i686-w64-mingw32-gcc -E  conftest.c
conftest.c:24:10: fatal error: sys/wait.h: No such file or directory
 #include <sys/wait.h>
          ^~~~~~~~~~~~
compilation terminated.
configure:12793: $? = 1
configure: failed program was:
| /* confdefs.h */
| #define PACKAGE_NAME "Redfront"
| #define PACKAGE_TARNAME "redfront"
| #define PACKAGE_VERSION "3.3"
| #define PACKAGE_STRING "Redfront 3.3"
| #define PACKAGE_BUGREPORT "http://sourceforge.net/reduce-algebra"
| #define PACKAGE_URL ""
| #define PACKAGE "redfront"
| #define VERSION "3.3"
| #define STDC_HEADERS 1
| #define HAVE_SYS_TYPES_H 1
| #define HAVE_SYS_STAT_H 1
| #define HAVE_STDLIB_H 1
| #define HAVE_STRING_H 1
| #define HAVE_MEMORY_H 1
| #define HAVE_STRINGS_H 1
| #define HAVE_INTTYPES_H 1
| #define HAVE_STDINT_H 1
| #define HAVE_UNISTD_H 1
| #define LT_OBJDIR ".libs/"
| #define WIN32 1
| #define USE_PIPES 1
| /* end confdefs.h.  */
| #include <sys/wait.h>
configure:12793: result: no
configure:12793: checking for sys/wait.h
configure:12793: result: no
configure:12805: checking return type of signal handlers
configure:12823: i686-w64-mingw32-gcc -c    conftest.c >&5
conftest.c: In function 'main':
conftest.c:30:10: error: void value not ignored as it ought to be
 return *(signal (0, 0)) (0) == 1;
         ~^~~~~~~~~~~~~~~~~~
configure:12823: $? = 1
configure: failed program was:
| /* confdefs.h */
| #define PACKAGE_NAME "Redfront"
| #define PACKAGE_TARNAME "redfront"
| #define PACKAGE_VERSION "3.3"
| #define PACKAGE_STRING "Redfront 3.3"
| #define PACKAGE_BUGREPORT "http://sourceforge.net/reduce-algebra"
| #define PACKAGE_URL ""
| #define PACKAGE "redfront"
| #define VERSION "3.3"
| #define STDC_HEADERS 1
| #define HAVE_SYS_TYPES_H 1
| #define HAVE_SYS_STAT_H 1
| #define HAVE_STDLIB_H 1
| #define HAVE_STRING_H 1
| #define HAVE_MEMORY_H 1
| #define HAVE_STRINGS_H 1
| #define HAVE_INTTYPES_H 1
| #define HAVE_STDINT_H 1
| #define HAVE_UNISTD_H 1
| #define LT_OBJDIR ".libs/"
| #define WIN32 1
| #define USE_PIPES 1
| /* end confdefs.h.  */
| #include <sys/types.h>
| #include <signal.h>
| 
| int
| main ()
| {
| return *(signal (0, 0)) (0) == 1;
|   ;
|   return 0;
| }
configure:12830: result: void
configure:12840: checking for waitpid
configure:12840: i686-w64-mingw32-gcc -o conftest.exe     conftest.c  >&5
C:\Users\kfp\AppData\Local\Temp\ccI90qt8.o:conftest.c:(.text+0xc): undefined reference to `waitpid'
collect2.exe: error: ld returned 1 exit status
configure:12840: $? = 1
configure: failed program was:
| /* confdefs.h */
| #define PACKAGE_NAME "Redfront"
| #define PACKAGE_TARNAME "redfront"
| #define PACKAGE_VERSION "3.3"
| #define PACKAGE_STRING "Redfront 3.3"
| #define PACKAGE_BUGREPORT "http://sourceforge.net/reduce-algebra"
| #define PACKAGE_URL ""
| #define PACKAGE "redfront"
| #define VERSION "3.3"
| #define STDC_HEADERS 1
| #define HAVE_SYS_TYPES_H 1
| #define HAVE_SYS_STAT_H 1
| #define HAVE_STDLIB_H 1
| #define HAVE_STRING_H 1
| #define HAVE_MEMORY_H 1
| #define HAVE_STRINGS_H 1
| #define HAVE_INTTYPES_H 1
| #define HAVE_STDINT_H 1
| #define HAVE_UNISTD_H 1
| #define LT_OBJDIR ".libs/"
| #define WIN32 1
| #define USE_PIPES 1
| #define RETSIGTYPE void
| /* end confdefs.h.  */
| /* Define waitpid to an innocuous variant, in case <limits.h> declares waitpid.
|    For example, HP-UX 11i <limits.h> declares gettimeofday.  */
| #define waitpid innocuous_waitpid
| 
| /* System header to define __stub macros and hopefully few prototypes,
|     which can conflict with char waitpid (); below.
|     Prefer <limits.h> to <assert.h> if __STDC__ is defined, since
|     <limits.h> exists even on freestanding compilers.  */
| 
| #ifdef __STDC__
| # include <limits.h>
| #else
| # include <assert.h>
| #endif
| 
| #undef waitpid
| 
| /* Override any GCC internal prototype to avoid an error.
|    Use char because int might match the return type of a GCC
|    builtin and then its argument prototype would still apply.  */
| #ifdef __cplusplus
| extern "C"
| #endif
| char waitpid ();
| /* The GNU C library defines this for functions which it implements
|     to always fail with ENOSYS.  Some functions are actually named
|     something starting with __ and the normal name is an alias.  */
| #if defined __stub_waitpid || defined __stub___waitpid
| choke me
| #endif
| 
| int
| main ()
| {
| return waitpid ();
|   ;
|   return 0;
| }
configure:12840: result: no
configure:12851: checking for setlinebuf
configure:12851: i686-w64-mingw32-gcc -o conftest.exe     conftest.c  >&5
C:\Users\kfp\AppData\Local\Temp\cc5xwOif.o:conftest.c:(.text+0xc): undefined reference to `setlinebuf'
collect2.exe: error: ld returned 1 exit status
configure:12851: $? = 1
configure: failed program was:
| /* confdefs.h */
| #define PACKAGE_NAME "Redfront"
| #define PACKAGE_TARNAME "redfront"
| #define PACKAGE_VERSION "3.3"
| #define PACKAGE_STRING "Redfront 3.3"
| #define PACKAGE_BUGREPORT "http://sourceforge.net/reduce-algebra"
| #define PACKAGE_URL ""
| #define PACKAGE "redfront"
| #define VERSION "3.3"
| #define STDC_HEADERS 1
| #define HAVE_SYS_TYPES_H 1
| #define HAVE_SYS_STAT_H 1
| #define HAVE_STDLIB_H 1
| #define HAVE_STRING_H 1
| #define HAVE_MEMORY_H 1
| #define HAVE_STRINGS_H 1
| #define HAVE_INTTYPES_H 1
| #define HAVE_STDINT_H 1
| #define HAVE_UNISTD_H 1
| #define LT_OBJDIR ".libs/"
| #define WIN32 1
| #define USE_PIPES 1
| #define RETSIGTYPE void
| /* end confdefs.h.  */
| /* Define setlinebuf to an innocuous variant, in case <limits.h> declares setlinebuf.
|    For example, HP-UX 11i <limits.h> declares gettimeofday.  */
| #define setlinebuf innocuous_setlinebuf
| 
| /* System header to define __stub macros and hopefully few prototypes,
|     which can conflict with char setlinebuf (); below.
|     Prefer <limits.h> to <assert.h> if __STDC__ is defined, since
|     <limits.h> exists even on freestanding compilers.  */
| 
| #ifdef __STDC__
| # include <limits.h>
| #else
| # include <assert.h>
| #endif
| 
| #undef setlinebuf
| 
| /* Override any GCC internal prototype to avoid an error.
|    Use char because int might match the return type of a GCC
|    builtin and then its argument prototype would still apply.  */
| #ifdef __cplusplus
| extern "C"
| #endif
| char setlinebuf ();
| /* The GNU C library defines this for functions which it implements
|     to always fail with ENOSYS.  Some functions are actually named
|     something starting with __ and the normal name is an alias.  */
| #if defined __stub_setlinebuf || defined __stub___setlinebuf
| choke me
| #endif
| 
| int
| main ()
| {
| return setlinebuf ();
|   ;
|   return 0;
| }
configure:12851: result: no
configure:12971: updating cache config.cache
configure:13051: checking that generated files are newer than configure
configure:13057: result: done
configure:13092: creating ./config.status

## ---------------------- ##
## Running config.status. ##
## ---------------------- ##

This file was extended by Redfront config.status 3.3, which was
generated by GNU Autoconf 2.69.  Invocation command line was

  CONFIG_FILES    = 
  CONFIG_HEADERS  = 
  CONFIG_LINKS    = 
  CONFIG_COMMANDS = 
  $ ./config.status 

on NUC

config.status:1023: creating Makefile
config.status:1180: executing depfiles commands
config.status:1257: cd .       && sed -e '/# am--include-marker/d' Makefile         | make -f - am--depfiles
config.status:1262: $? = 0
config.status:1180: executing libtool commands

## ---------------- ##
## Cache variables. ##
## ---------------- ##

ac_cv_build=x86_64-w64-mingw32
ac_cv_c_compiler_gnu=yes
ac_cv_env_CC_set=set
ac_cv_env_CC_value=i686-w64-mingw32-gcc
ac_cv_env_CFLAGS_set=set
ac_cv_env_CFLAGS_value=' '
ac_cv_env_CPPFLAGS_set=set
ac_cv_env_CPPFLAGS_value=
ac_cv_env_CPP_set=
ac_cv_env_CPP_value=
ac_cv_env_LDFLAGS_set=set
ac_cv_env_LDFLAGS_value=
ac_cv_env_LIBS_set=set
ac_cv_env_LIBS_value=
ac_cv_env_LT_SYS_LIBRARY_PATH_set=
ac_cv_env_LT_SYS_LIBRARY_PATH_value=
ac_cv_env_build_alias_set=
ac_cv_env_build_alias_value=
ac_cv_env_host_alias_set=
ac_cv_env_host_alias_value=
ac_cv_env_target_alias_set=
ac_cv_env_target_alias_value=
ac_cv_exeext=.exe
ac_cv_func_setlinebuf=no
ac_cv_func_waitpid=no
ac_cv_header_curses_h=no
ac_cv_header_dlfcn_h=no
ac_cv_header_inttypes_h=yes
ac_cv_header_memory_h=yes
ac_cv_header_ncurses_h=no
ac_cv_header_stdc=yes
ac_cv_header_stdint_h=yes
ac_cv_header_stdlib_h=yes
ac_cv_header_string_h=yes
ac_cv_header_strings_h=yes
ac_cv_header_sys_stat_h=yes
ac_cv_header_sys_types_h=yes
ac_cv_header_sys_wait_h=no
ac_cv_header_unistd_h=yes
ac_cv_header_wait_h=no
ac_cv_host=x86_64-w64-mingw32
ac_cv_lib_socket_socketpair=no
ac_cv_objext=o
ac_cv_path_EGREP='/usr/bin/grep -E'
ac_cv_path_FGREP='/usr/bin/grep -F'
ac_cv_path_GREP=/usr/bin/grep
ac_cv_path_SED=/usr/bin/sed
ac_cv_path_install='/usr/bin/install -c'
ac_cv_path_lt_DD=/usr/bin/dd
ac_cv_path_mkdir=/usr/bin/mkdir
ac_cv_prog_AWK=gawk
ac_cv_prog_CPP='i686-w64-mingw32-gcc -E'
ac_cv_prog_ac_ct_AR=ar
ac_cv_prog_ac_ct_CC=i686-w64-mingw32-gcc
ac_cv_prog_ac_ct_DLLTOOL=dlltool
ac_cv_prog_ac_ct_OBJDUMP=objdump
ac_cv_prog_ac_ct_RANLIB=ranlib
ac_cv_prog_ac_ct_STRIP=strip
ac_cv_prog_cc_c89=
ac_cv_prog_cc_g=yes
ac_cv_prog_make_make_set=yes
ac_cv_type_signal=void
am_cv_CC_dependencies_compiler_type=gcc3
am_cv_make_support_nested_variables=yes
am_cv_prog_cc_c_o=yes
lt_cv_ar_at_file=@
lt_cv_archive_cmds_need_lc=yes
lt_cv_deplibs_check_method='file_magic ^x86 archive import|^x86 DLL'
lt_cv_file_magic_cmd=func_win32_libid
lt_cv_file_magic_test_file=
lt_cv_ld_reload_flag=-r
lt_cv_nm_interface='BSD nm'
lt_cv_objdir=.libs
lt_cv_path_LD=C:/msys64/mingw32/i686-w64-mingw32/bin/ld.exe
lt_cv_path_NM='/mingw64/bin/nm -B'
lt_cv_path_mainfest_tool=no
lt_cv_prog_compiler_c_o=yes
lt_cv_prog_compiler_pic='-DDLL_EXPORT -DPIC'
lt_cv_prog_compiler_pic_works=yes
lt_cv_prog_compiler_rtti_exceptions=no
lt_cv_prog_compiler_static_works=yes
lt_cv_prog_gnu_ld=yes
lt_cv_sharedlib_from_linklib_cmd=func_cygming_dll_for_implib
lt_cv_sys_global_symbol_pipe='sed -n -e '\''s/^.*[	 ]\([ABCDGIRSTW][ABCDGIRSTW]*\)[	 ][	 ]*_\([_A-Za-z][_A-Za-z0-9]*\)\{0,1\}$/\1 _\2 \2/p'\'' | sed '\''/ __gnu_lto/d'\'''
lt_cv_sys_global_symbol_to_c_name_address='sed -n -e '\''s/^: \(.*\) .*$/  {"\1", (void *) 0},/p'\'' -e '\''s/^[ABCDGIRSTW][ABCDGIRSTW]* .* \(.*\)$/  {"\1", (void *) \&\1},/p'\'''
lt_cv_sys_global_symbol_to_c_name_address_lib_prefix='sed -n -e '\''s/^: \(.*\) .*$/  {"\1", (void *) 0},/p'\'' -e '\''s/^[ABCDGIRSTW][ABCDGIRSTW]* .* \(lib.*\)$/  {"\1", (void *) \&\1},/p'\'' -e '\''s/^[ABCDGIRSTW][ABCDGIRSTW]* .* \(.*\)$/  {"lib\1", (void *) \&\1},/p'\'''
lt_cv_sys_global_symbol_to_cdecl='sed -n -e '\''s/^T .* \(.*\)$/extern int \1();/p'\'' -e '\''s/^[ABCDGIRSTW][ABCDGIRSTW]* .* \(.*\)$/extern char \1;/p'\'''
lt_cv_sys_global_symbol_to_import=
lt_cv_sys_max_cmd_len=8192
lt_cv_to_host_file_cmd=func_convert_file_msys_to_w32
lt_cv_to_tool_file_cmd=func_convert_file_msys_to_w32
lt_cv_truncate_bin='/usr/bin/dd bs=4096 count=1'

## ----------------- ##
## Output variables. ##
## ----------------- ##

ACLOCAL='${SHELL} /f/REDUCE-SVN/trunk/missing aclocal-1.16'
AMDEPBACKSLASH='\'
AMDEP_FALSE='#'
AMDEP_TRUE=''
AMTAR='$${TAR-tar}'
AM_BACKSLASH='\'
AM_DEFAULT_V='$(AM_DEFAULT_VERBOSITY)'
AM_DEFAULT_VERBOSITY='1'
AM_V='$(V)'
AR='ar'
AUTOCONF='${SHELL} /f/REDUCE-SVN/trunk/missing autoconf'
AUTOHEADER='${SHELL} /f/REDUCE-SVN/trunk/missing autoheader'
AUTOMAKE='${SHELL} /f/REDUCE-SVN/trunk/missing automake-1.16'
AWK='gawk'
CC='i686-w64-mingw32-gcc'
CCDEPMODE='depmode=gcc3'
CFLAGS='  -O3'
CPP='i686-w64-mingw32-gcc -E'
CPPFLAGS=''
CYGPATH_W='cygpath -w'
DEBUG_FALSE=''
DEBUG_TRUE='#'
DEFS='-DPACKAGE_NAME=\"Redfront\" -DPACKAGE_TARNAME=\"redfront\" -DPACKAGE_VERSION=\"3.3\" -DPACKAGE_STRING=\"Redfront\ 3.3\" -DPACKAGE_BUGREPORT=\"http://sourceforge.net/reduce-algebra\" -DPACKAGE_URL=\"\" -DPACKAGE=\"redfront\" -DVERSION=\"3.3\" -DSTDC_HEADERS=1 -DHAVE_SYS_TYPES_H=1 -DHAVE_SYS_STAT_H=1 -DHAVE_STDLIB_H=1 -DHAVE_STRING_H=1 -DHAVE_MEMORY_H=1 -DHAVE_STRINGS_H=1 -DHAVE_INTTYPES_H=1 -DHAVE_STDINT_H=1 -DHAVE_UNISTD_H=1 -DLT_OBJDIR=\".libs/\" -DWIN32=1 -DUSE_PIPES=1 -DRETSIGTYPE=void'
DEPDIR='.deps'
DLLTOOL='dlltool'
DSYMUTIL=''
DUMPBIN=''
ECHO_C=''
ECHO_N='-n'
ECHO_T=''
EGREP='/usr/bin/grep -E'
EXEEXT='.exe'
FGREP='/usr/bin/grep -F'
GREP='/usr/bin/grep'
INSTALL_DATA='${INSTALL} -m 644'
INSTALL_PROGRAM='${INSTALL}'
INSTALL_SCRIPT='${INSTALL}'
INSTALL_STRIP_PROGRAM='$(install_sh) -c -s'
LD='C:/msys64/mingw32/i686-w64-mingw32/bin/ld.exe'
LDFLAGS=''
LIBOBJS=''
LIBS=''
LIBTOOL='$(SHELL) $(top_builddir)/libtool'
LIPO=''
LN_S='cp -pR'
LTLIBOBJS=''
LT_SYS_LIBRARY_PATH=''
MAKEINFO='${SHELL} /f/REDUCE-SVN/trunk/missing makeinfo'
MANIFEST_TOOL=':'
MKDIR_P='/usr/bin/mkdir -p'
NM='/mingw64/bin/nm -B'
NMEDIT=''
OBJDUMP='objdump'
OBJEXT='o'
OTOOL64=''
OTOOL=''
PACKAGE='redfront'
PACKAGE_BUGREPORT='http://sourceforge.net/reduce-algebra'
PACKAGE_NAME='Redfront'
PACKAGE_STRING='Redfront 3.3'
PACKAGE_TARNAME='redfront'
PACKAGE_URL=''
PACKAGE_VERSION='3.3'
PATH_SEPARATOR=':'
RANLIB='ranlib'
SED='/usr/bin/sed'
SET_MAKE=''
SHELL='/bin/sh'
STRIP='strip'
VERSION='3.3'
WINDOWS_FALSE='#'
WINDOWS_TRUE=''
ac_ct_AR='ar'
ac_ct_CC='i686-w64-mingw32-gcc'
ac_ct_DUMPBIN=''
am__EXEEXT_FALSE='#'
am__EXEEXT_TRUE=''
am__fastdepCC_FALSE='#'
am__fastdepCC_TRUE=''
am__include='include'
am__isrc=' -I$(srcdir)'
am__leading_dot='.'
am__nodep='_no'
am__quote=''
am__tar='$${TAR-tar} chof - "$$tardir"'
am__untar='$${TAR-tar} xf -'
bindir='${exec_prefix}/bin'
build='x86_64-w64-mingw32'
build_alias='x86_64-w64-mingw32'
build_cpu='x86_64'
build_os='mingw32'
build_vendor='w64'
datadir='${datarootdir}'
datarootdir='${prefix}/share'
docdir='${datarootdir}/doc/${PACKAGE_TARNAME}'
dvidir='${docdir}'
exec_prefix='${prefix}'
host='x86_64-w64-mingw32'
host_alias=''
host_cpu='x86_64'
host_os='mingw32'
host_vendor='w64'
htmldir='${docdir}'
includedir='/f/REDUCE-SVN/trunk/cslbuild/i686-pc-windows/include'
infodir='${datarootdir}/info'
install_sh='${SHELL} /f/REDUCE-SVN/trunk/install-sh'
libdir='/f/REDUCE-SVN/trunk/cslbuild/i686-pc-windows/lib'
libexecdir='${exec_prefix}/libexec'
localedir='${datarootdir}/locale'
localstatedir='${prefix}/var'
mandir='${datarootdir}/man'
mkdir_p='$(MKDIR_P)'
oldincludedir='/usr/include'
pdfdir='${docdir}'
prefix='/f/REDUCE-SVN/trunk/cslbuild/i686-pc-windows'
program_transform_name='s,x,x,'
psdir='${docdir}'
sbindir='${exec_prefix}/sbin'
sharedstatedir='${prefix}/com'
sysconfdir='${prefix}/etc'
target_alias=''

## ----------- ##
## confdefs.h. ##
## ----------- ##

/* confdefs.h */
#define PACKAGE_NAME "Redfront"
#define PACKAGE_TARNAME "redfront"
#define PACKAGE_VERSION "3.3"
#define PACKAGE_STRING "Redfront 3.3"
#define PACKAGE_BUGREPORT "http://sourceforge.net/reduce-algebra"
#define PACKAGE_URL ""
#define PACKAGE "redfront"
#define VERSION "3.3"
#define STDC_HEADERS 1
#define HAVE_SYS_TYPES_H 1
#define HAVE_SYS_STAT_H 1
#define HAVE_STDLIB_H 1
#define HAVE_STRING_H 1
#define HAVE_MEMORY_H 1
#define HAVE_STRINGS_H 1
#define HAVE_INTTYPES_H 1
#define HAVE_STDINT_H 1
#define HAVE_UNISTD_H 1
#define LT_OBJDIR ".libs/"
#define WIN32 1
#define USE_PIPES 1
#define RETSIGTYPE void

configure: exit 0
